{"/home/runner/work/digital-dojo-engagement/digital-dojo-engagement/components/Coach.js": {"path":"/home/runner/work/digital-dojo-engagement/digital-dojo-engagement/components/Coach.js","statementMap":{"0":{"start":{"line":5,"column":2},"end":{"line":20,"column":3}}},"fnMap":{"0":{"name":"Coach","decl":{"start":{"line":4,"column":9},"end":{"line":4,"column":14}},"loc":{"start":{"line":4,"column":44},"end":{"line":21,"column":1}},"line":4}},"branchMap":{"0":{"loc":{"start":{"line":8,"column":9},"end":{"line":12,"column":9}},"type":"cond-expr","locations":[{"start":{"line":9,"column":10},"end":{"line":9,"column":61}},{"start":{"line":11,"column":10},"end":{"line":11,"column":52}}],"line":8},"1":{"loc":{"start":{"line":15,"column":9},"end":{"line":15,"column":23}},"type":"binary-expr","locations":[{"start":{"line":15,"column":9},"end":{"line":15,"column":13}},{"start":{"line":15,"column":17},"end":{"line":15,"column":23}}],"line":15},"2":{"loc":{"start":{"line":17,"column":42},"end":{"line":17,"column":58}},"type":"binary-expr","locations":[{"start":{"line":17,"column":42},"end":{"line":17,"column":47}},{"start":{"line":17,"column":51},"end":{"line":17,"column":58}}],"line":17},"3":{"loc":{"start":{"line":18,"column":42},"end":{"line":18,"column":58}},"type":"binary-expr","locations":[{"start":{"line":18,"column":42},"end":{"line":18,"column":47}},{"start":{"line":18,"column":51},"end":{"line":18,"column":58}}],"line":18}},"s":{"0":0},"f":{"0":0},"b":{"0":[0,0],"1":[0,0],"2":[0,0],"3":[0,0]}}
,"/home/runner/work/digital-dojo-engagement/digital-dojo-engagement/components/DateModified.js": {"path":"/home/runner/work/digital-dojo-engagement/digital-dojo-engagement/components/DateModified.js","statementMap":{"0":{"start":{"line":7,"column":2},"end":{"line":12,"column":3}},"1":{"start":{"line":15,"column":0},"end":{"line":18,"column":1}},"2":{"start":{"line":20,"column":0},"end":{"line":26,"column":1}}},"fnMap":{"0":{"name":"DateModified","decl":{"start":{"line":6,"column":24},"end":{"line":6,"column":36}},"loc":{"start":{"line":6,"column":44},"end":{"line":13,"column":1}},"line":6}},"branchMap":{},"s":{"0":11,"1":4,"2":4},"f":{"0":11},"b":{},"_coverageSchema":"1a1c01bbd47fc00a2c39e90264f33305004495a9","hash":"62331a22e49ae0a0ea30819a4158c3f87724b218"}
,"/home/runner/work/digital-dojo-engagement/digital-dojo-engagement/components/Footer.js": {"path":"/home/runner/work/digital-dojo-engagement/digital-dojo-engagement/components/Footer.js","statementMap":{"0":{"start":{"line":9,"column":2},"end":{"line":87,"column":3}},"1":{"start":{"line":29,"column":16},"end":{"line":38,"column":17}},"2":{"start":{"line":55,"column":18},"end":{"line":72,"column":19}},"3":{"start":{"line":90,"column":0},"end":{"line":128,"column":1}}},"fnMap":{"0":{"name":"Footer","decl":{"start":{"line":8,"column":24},"end":{"line":8,"column":30}},"loc":{"start":{"line":8,"column":38},"end":{"line":88,"column":1}},"line":8},"1":{"name":"(anonymous_1)","decl":{"start":{"line":28,"column":40},"end":{"line":28,"column":41}},"loc":{"start":{"line":28,"column":58},"end":{"line":39,"column":15}},"line":28},"2":{"name":"(anonymous_2)","decl":{"start":{"line":54,"column":33},"end":{"line":54,"column":34}},"loc":{"start":{"line":54,"column":51},"end":{"line":73,"column":17}},"line":54}},"branchMap":{"0":{"loc":{"start":{"line":59,"column":24},"end":{"line":61,"column":79}},"type":"cond-expr","locations":[{"start":{"line":60,"column":28},"end":{"line":60,"column":92}},{"start":{"line":61,"column":28},"end":{"line":61,"column":79}}],"line":59}},"s":{"0":9,"1":66,"2":40,"3":3},"f":{"0":9,"1":66,"2":40},"b":{"0":[9,31]},"_coverageSchema":"1a1c01bbd47fc00a2c39e90264f33305004495a9","hash":"3293c4e1f3392c4eaac858ff02b4d1afe9c7fa63"}
,"/home/runner/work/digital-dojo-engagement/digital-dojo-engagement/components/Header.js": {"path":"/home/runner/work/digital-dojo-engagement/digital-dojo-engagement/components/Header.js","statementMap":{"0":{"start":{"line":8,"column":20},"end":{"line":8,"column":30}},"1":{"start":{"line":9,"column":2},"end":{"line":132,"column":3}},"2":{"start":{"line":142,"column":0},"end":{"line":177,"column":1}}},"fnMap":{"0":{"name":"Header","decl":{"start":{"line":7,"column":24},"end":{"line":7,"column":30}},"loc":{"start":{"line":7,"column":38},"end":{"line":133,"column":1}},"line":7}},"branchMap":{"0":{"loc":{"start":{"line":33,"column":18},"end":{"line":39,"column":39}},"type":"cond-expr","locations":[{"start":{"line":34,"column":22},"end":{"line":36,"column":41}},{"start":{"line":37,"column":22},"end":{"line":39,"column":39}}],"line":33},"1":{"loc":{"start":{"line":34,"column":22},"end":{"line":36,"column":41}},"type":"cond-expr","locations":[{"start":{"line":35,"column":24},"end":{"line":35,"column":37}},{"start":{"line":36,"column":24},"end":{"line":36,"column":41}}],"line":34},"2":{"loc":{"start":{"line":37,"column":22},"end":{"line":39,"column":39}},"type":"cond-expr","locations":[{"start":{"line":38,"column":22},"end":{"line":38,"column":35}},{"start":{"line":39,"column":22},"end":{"line":39,"column":39}}],"line":37},"3":{"loc":{"start":{"line":42,"column":18},"end":{"line":44,"column":46}},"type":"cond-expr","locations":[{"start":{"line":43,"column":22},"end":{"line":43,"column":44}},{"start":{"line":44,"column":22},"end":{"line":44,"column":46}}],"line":42},"4":{"loc":{"start":{"line":52,"column":20},"end":{"line":52,"column":47}},"type":"binary-expr","locations":[{"start":{"line":52,"column":20},"end":{"line":52,"column":40}},{"start":{"line":52,"column":44},"end":{"line":52,"column":47}}],"line":52},"5":{"loc":{"start":{"line":53,"column":22},"end":{"line":53,"column":59}},"type":"cond-expr","locations":[{"start":{"line":53,"column":48},"end":{"line":53,"column":52}},{"start":{"line":53,"column":55},"end":{"line":53,"column":59}}],"line":53},"6":{"loc":{"start":{"line":58,"column":22},"end":{"line":58,"column":59}},"type":"cond-expr","locations":[{"start":{"line":58,"column":48},"end":{"line":58,"column":52}},{"start":{"line":58,"column":55},"end":{"line":58,"column":59}}],"line":58},"7":{"loc":{"start":{"line":60,"column":17},"end":{"line":60,"column":54}},"type":"cond-expr","locations":[{"start":{"line":60,"column":43},"end":{"line":60,"column":47}},{"start":{"line":60,"column":50},"end":{"line":60,"column":54}}],"line":60},"8":{"loc":{"start":{"line":69,"column":20},"end":{"line":69,"column":47}},"type":"binary-expr","locations":[{"start":{"line":69,"column":20},"end":{"line":69,"column":40}},{"start":{"line":69,"column":44},"end":{"line":69,"column":47}}],"line":69},"9":{"loc":{"start":{"line":70,"column":22},"end":{"line":70,"column":59}},"type":"cond-expr","locations":[{"start":{"line":70,"column":48},"end":{"line":70,"column":52}},{"start":{"line":70,"column":55},"end":{"line":70,"column":59}}],"line":70},"10":{"loc":{"start":{"line":76,"column":22},"end":{"line":76,"column":59}},"type":"cond-expr","locations":[{"start":{"line":76,"column":48},"end":{"line":76,"column":52}},{"start":{"line":76,"column":55},"end":{"line":76,"column":59}}],"line":76},"11":{"loc":{"start":{"line":78,"column":17},"end":{"line":78,"column":65}},"type":"cond-expr","locations":[{"start":{"line":78,"column":43},"end":{"line":78,"column":53}},{"start":{"line":78,"column":56},"end":{"line":78,"column":65}}],"line":78},"12":{"loc":{"start":{"line":120,"column":22},"end":{"line":120,"column":65}},"type":"cond-expr","locations":[{"start":{"line":120,"column":46},"end":{"line":120,"column":55}},{"start":{"line":120,"column":58},"end":{"line":120,"column":65}}],"line":120}},"s":{"0":10,"1":10,"2":3},"f":{"0":10},"b":{"0":[8,2],"1":[0,8],"2":[0,2],"3":[8,2],"4":[10,10],"5":[8,2],"6":[8,2],"7":[8,2],"8":[10,10],"9":[8,2],"10":[8,2],"11":[8,2],"12":[0,10]},"_coverageSchema":"1a1c01bbd47fc00a2c39e90264f33305004495a9","hash":"c02c202528685210b3a0a6850a26cda53f2ecfb2"}
,"/home/runner/work/digital-dojo-engagement/digital-dojo-engagement/components/Layout.js": {"path":"/home/runner/work/digital-dojo-engagement/digital-dojo-engagement/components/Layout.js","statementMap":{"0":{"start":{"line":10,"column":12},"end":{"line":10,"column":43}},"1":{"start":{"line":12,"column":2},"end":{"line":94,"column":3}},"2":{"start":{"line":101,"column":0},"end":{"line":103,"column":1}},"3":{"start":{"line":105,"column":0},"end":{"line":122,"column":1}}},"fnMap":{"0":{"name":"Layout","decl":{"start":{"line":9,"column":24},"end":{"line":9,"column":30}},"loc":{"start":{"line":9,"column":38},"end":{"line":95,"column":1}},"line":9}},"branchMap":{"0":{"loc":{"start":{"line":10,"column":12},"end":{"line":10,"column":43}},"type":"cond-expr","locations":[{"start":{"line":10,"column":36},"end":{"line":10,"column":38}},{"start":{"line":10,"column":41},"end":{"line":10,"column":43}}],"line":10}},"s":{"0":7,"1":7,"2":2,"3":2},"f":{"0":7},"b":{"0":[6,1]},"_coverageSchema":"1a1c01bbd47fc00a2c39e90264f33305004495a9","hash":"a41db492af32662cf09005e06af1b026b93e5285"}
,"/home/runner/work/digital-dojo-engagement/digital-dojo-engagement/components/MetaData.js": {"path":"/home/runner/work/digital-dojo-engagement/digital-dojo-engagement/components/MetaData.js","statementMap":{"0":{"start":{"line":5,"column":12},"end":{"line":5,"column":77}},"1":{"start":{"line":7,"column":2},"end":{"line":19,"column":3}}},"fnMap":{"0":{"name":"MetaData","decl":{"start":{"line":4,"column":24},"end":{"line":4,"column":32}},"loc":{"start":{"line":4,"column":40},"end":{"line":20,"column":1}},"line":4}},"branchMap":{"0":{"loc":{"start":{"line":5,"column":12},"end":{"line":5,"column":77}},"type":"cond-expr","locations":[{"start":{"line":5,"column":38},"end":{"line":5,"column":56}},{"start":{"line":5,"column":59},"end":{"line":5,"column":77}}],"line":5}},"s":{"0":9,"1":9},"f":{"0":9},"b":{"0":[8,1]},"_coverageSchema":"1a1c01bbd47fc00a2c39e90264f33305004495a9","hash":"5cf98accbe74e7305a7b2d2eb4068fd6c2a110a5"}
,"/home/runner/work/digital-dojo-engagement/digital-dojo-engagement/components/Sidenav.js": {"path":"/home/runner/work/digital-dojo-engagement/digital-dojo-engagement/components/Sidenav.js","statementMap":{"0":{"start":{"line":5,"column":16},"end":{"line":127,"column":1}},"1":{"start":{"line":6,"column":26},"end":{"line":6,"column":41}},"2":{"start":{"line":7,"column":2},"end":{"line":126,"column":3}},"3":{"start":{"line":16,"column":24},"end":{"line":16,"column":38}},"4":{"start":{"line":40,"column":12},"end":{"line":42,"column":20}},"5":{"start":{"line":69,"column":12},"end":{"line":71,"column":20}},"6":{"start":{"line":93,"column":12},"end":{"line":95,"column":20}}},"fnMap":{"0":{"name":"(anonymous_0)","decl":{"start":{"line":5,"column":16},"end":{"line":5,"column":17}},"loc":{"start":{"line":5,"column":27},"end":{"line":127,"column":1}},"line":5},"1":{"name":"(anonymous_1)","decl":{"start":{"line":16,"column":17},"end":{"line":16,"column":18}},"loc":{"start":{"line":16,"column":24},"end":{"line":16,"column":38}},"line":16},"2":{"name":"(anonymous_2)","decl":{"start":{"line":39,"column":21},"end":{"line":39,"column":22}},"loc":{"start":{"line":40,"column":12},"end":{"line":42,"column":20}},"line":40},"3":{"name":"(anonymous_3)","decl":{"start":{"line":68,"column":21},"end":{"line":68,"column":22}},"loc":{"start":{"line":69,"column":12},"end":{"line":71,"column":20}},"line":69},"4":{"name":"(anonymous_4)","decl":{"start":{"line":92,"column":21},"end":{"line":92,"column":22}},"loc":{"start":{"line":93,"column":12},"end":{"line":95,"column":20}},"line":93}},"branchMap":{"0":{"loc":{"start":{"line":10,"column":8},"end":{"line":10,"column":41}},"type":"cond-expr","locations":[{"start":{"line":10,"column":15},"end":{"line":10,"column":23}},{"start":{"line":10,"column":26},"end":{"line":10,"column":41}}],"line":10},"1":{"loc":{"start":{"line":20,"column":12},"end":{"line":20,"column":66}},"type":"cond-expr","locations":[{"start":{"line":20,"column":19},"end":{"line":20,"column":61}},{"start":{"line":20,"column":64},"end":{"line":20,"column":66}}],"line":20},"2":{"loc":{"start":{"line":23,"column":49},"end":{"line":23,"column":69}},"type":"cond-expr","locations":[{"start":{"line":23,"column":56},"end":{"line":23,"column":64}},{"start":{"line":23,"column":67},"end":{"line":23,"column":69}}],"line":23},"3":{"loc":{"start":{"line":26,"column":12},"end":{"line":26,"column":67}},"type":"cond-expr","locations":[{"start":{"line":26,"column":19},"end":{"line":26,"column":62}},{"start":{"line":26,"column":65},"end":{"line":26,"column":67}}],"line":26},"4":{"loc":{"start":{"line":40,"column":12},"end":{"line":42,"column":20}},"type":"cond-expr","locations":[{"start":{"line":41,"column":17},"end":{"line":41,"column":65}},{"start":{"line":42,"column":16},"end":{"line":42,"column":20}}],"line":40},"5":{"loc":{"start":{"line":69,"column":12},"end":{"line":71,"column":20}},"type":"cond-expr","locations":[{"start":{"line":70,"column":17},"end":{"line":70,"column":72}},{"start":{"line":71,"column":16},"end":{"line":71,"column":20}}],"line":69},"6":{"loc":{"start":{"line":93,"column":12},"end":{"line":95,"column":20}},"type":"cond-expr","locations":[{"start":{"line":94,"column":17},"end":{"line":94,"column":72}},{"start":{"line":95,"column":16},"end":{"line":95,"column":20}}],"line":93}},"s":{"0":3,"1":10,"2":10,"3":0,"4":0,"5":0,"6":0},"f":{"0":10,"1":0,"2":0,"3":0,"4":0},"b":{"0":[0,10],"1":[0,10],"2":[0,10],"3":[0,10],"4":[0,0],"5":[0,0],"6":[0,0]},"_coverageSchema":"1a1c01bbd47fc00a2c39e90264f33305004495a9","hash":"1ebd55bfc9cee05aaa05e0a95cfae4a84081b0ec"}
,"/home/runner/work/digital-dojo-engagement/digital-dojo-engagement/components/ThemeChanger.js": {"path":"/home/runner/work/digital-dojo-engagement/digital-dojo-engagement/components/ThemeChanger.js","statementMap":{"0":{"start":{"line":5,"column":30},"end":{"line":5,"column":40}},"1":{"start":{"line":7,"column":2},"end":{"line":15,"column":3}},"2":{"start":{"line":11,"column":21},"end":{"line":11,"column":66}}},"fnMap":{"0":{"name":"ThemeChanger","decl":{"start":{"line":4,"column":24},"end":{"line":4,"column":36}},"loc":{"start":{"line":4,"column":39},"end":{"line":16,"column":1}},"line":4},"1":{"name":"(anonymous_1)","decl":{"start":{"line":11,"column":15},"end":{"line":11,"column":16}},"loc":{"start":{"line":11,"column":21},"end":{"line":11,"column":66}},"line":11}},"branchMap":{"0":{"loc":{"start":{"line":10,"column":28},"end":{"line":10,"column":63}},"type":"cond-expr","locations":[{"start":{"line":10,"column":47},"end":{"line":10,"column":54}},{"start":{"line":10,"column":57},"end":{"line":10,"column":63}}],"line":10},"1":{"loc":{"start":{"line":11,"column":30},"end":{"line":11,"column":65}},"type":"cond-expr","locations":[{"start":{"line":11,"column":49},"end":{"line":11,"column":56}},{"start":{"line":11,"column":59},"end":{"line":11,"column":65}}],"line":11},"2":{"loc":{"start":{"line":13,"column":7},"end":{"line":13,"column":48}},"type":"cond-expr","locations":[{"start":{"line":13,"column":26},"end":{"line":13,"column":35}},{"start":{"line":13,"column":38},"end":{"line":13,"column":48}}],"line":13}},"s":{"0":10,"1":10,"2":0},"f":{"0":10,"1":0},"b":{"0":[0,10],"1":[0,0],"2":[0,10]},"_coverageSchema":"1a1c01bbd47fc00a2c39e90264f33305004495a9","hash":"2b0c54ad2b2483b7c4db04525c6e568795cb3a54"}
,"/home/runner/work/digital-dojo-engagement/digital-dojo-engagement/pages/404.js": {"path":"/home/runner/work/digital-dojo-engagement/digital-dojo-engagement/pages/404.js","statementMap":{"0":{"start":{"line":4,"column":2},"end":{"line":54,"column":3}},"1":{"start":{"line":59,"column":15},"end":{"line":72,"column":3}},"2":{"start":{"line":74,"column":2},"end":{"line":76,"column":3}}},"fnMap":{"0":{"name":"Custom404","decl":{"start":{"line":3,"column":24},"end":{"line":3,"column":33}},"loc":{"start":{"line":3,"column":36},"end":{"line":55,"column":1}},"line":3},"1":{"name":"getStaticProps","decl":{"start":{"line":57,"column":22},"end":{"line":57,"column":36}},"loc":{"start":{"line":57,"column":49},"end":{"line":77,"column":1}},"line":57}},"branchMap":{},"s":{"0":1,"1":1,"2":1},"f":{"0":1,"1":1},"b":{},"_coverageSchema":"1a1c01bbd47fc00a2c39e90264f33305004495a9","hash":"b3d01ff69c9cafe96451cc7ec641427fd087745a"}
,"/home/runner/work/digital-dojo-engagement/digital-dojo-engagement/pages/_app.js": {"path":"/home/runner/work/digital-dojo-engagement/digital-dojo-engagement/pages/_app.js","statementMap":{},"fnMap":{"0":{"name":"MyApp","decl":{"start":{"line":5,"column":9},"end":{"line":5,"column":14}},"loc":{"start":{"line":5,"column":41},"end":{"line":23,"column":1}},"line":5}},"branchMap":{},"s":{},"f":{"0":1},"b":{},"_coverageSchema":"1a1c01bbd47fc00a2c39e90264f33305004495a9","hash":"11c77acc58e8a3c3b703617f8e0b12864948a7ea"}
,"/home/runner/work/digital-dojo-engagement/digital-dojo-engagement/pages/_error.js": {"path":"/home/runner/work/digital-dojo-engagement/digital-dojo-engagement/pages/_error.js","statementMap":{"0":{"start":{"line":4,"column":2},"end":{"line":62,"column":3}}},"fnMap":{"0":{"name":"CustomError","decl":{"start":{"line":3,"column":9},"end":{"line":3,"column":20}},"loc":{"start":{"line":3,"column":37},"end":{"line":63,"column":1}},"line":3}},"branchMap":{"0":{"loc":{"start":{"line":9,"column":11},"end":{"line":11,"column":43}},"type":"cond-expr","locations":[{"start":{"line":10,"column":14},"end":{"line":10,"column":57}},{"start":{"line":11,"column":14},"end":{"line":11,"column":43}}],"line":9},"1":{"loc":{"start":{"line":37,"column":11},"end":{"line":39,"column":45}},"type":"cond-expr","locations":[{"start":{"line":38,"column":14},"end":{"line":38,"column":36}},{"start":{"line":39,"column":14},"end":{"line":39,"column":45}}],"line":37}},"s":{"0":2},"f":{"0":2},"b":{"0":[1,1],"1":[1,1]},"_coverageSchema":"1a1c01bbd47fc00a2c39e90264f33305004495a9","hash":"7509ae6f97c4267290417b94d042cebe6221e6db"}
,"/home/runner/work/digital-dojo-engagement/digital-dojo-engagement/pages/home.js": {"path":"/home/runner/work/digital-dojo-engagement/digital-dojo-engagement/pages/home.js","statementMap":{"0":{"start":{"line":14,"column":13},"end":{"line":14,"column":52}},"1":{"start":{"line":16,"column":2},"end":{"line":16,"column":26}},"2":{"start":{"line":17,"column":2},"end":{"line":17,"column":22}},"3":{"start":{"line":18,"column":2},"end":{"line":18,"column":21}},"4":{"start":{"line":19,"column":2},"end":{"line":21,"column":8}},"5":{"start":{"line":20,"column":4},"end":{"line":20,"column":32}},"6":{"start":{"line":23,"column":28},"end":{"line":23,"column":39}},"7":{"start":{"line":24,"column":22},"end":{"line":26,"column":3}},"8":{"start":{"line":25,"column":4},"end":{"line":25,"column":23}},"9":{"start":{"line":28,"column":2},"end":{"line":134,"column":3}},"10":{"start":{"line":138,"column":18},"end":{"line":138,"column":38}},"11":{"start":{"line":144,"column":15},"end":{"line":157,"column":3}},"12":{"start":{"line":159,"column":2},"end":{"line":161,"column":3}},"13":{"start":{"line":164,"column":0},"end":{"line":174,"column":1}}},"fnMap":{"0":{"name":"Home","decl":{"start":{"line":11,"column":24},"end":{"line":11,"column":28}},"loc":{"start":{"line":11,"column":36},"end":{"line":135,"column":1}},"line":11},"1":{"name":"(anonymous_1)","decl":{"start":{"line":19,"column":12},"end":{"line":19,"column":13}},"loc":{"start":{"line":19,"column":18},"end":{"line":21,"column":3}},"line":19},"2":{"name":"(anonymous_2)","decl":{"start":{"line":24,"column":22},"end":{"line":24,"column":23}},"loc":{"start":{"line":24,"column":29},"end":{"line":26,"column":3}},"line":24},"3":{"name":"getStaticProps","decl":{"start":{"line":137,"column":22},"end":{"line":137,"column":36}},"loc":{"start":{"line":137,"column":49},"end":{"line":162,"column":1}},"line":137}},"branchMap":{"0":{"loc":{"start":{"line":14,"column":13},"end":{"line":14,"column":52}},"type":"cond-expr","locations":[{"start":{"line":14,"column":37},"end":{"line":14,"column":43}},{"start":{"line":14,"column":46},"end":{"line":14,"column":52}}],"line":14},"1":{"loc":{"start":{"line":33,"column":28},"end":{"line":33,"column":45}},"type":"binary-expr","locations":[{"start":{"line":33,"column":28},"end":{"line":33,"column":33}},{"start":{"line":33,"column":37},"end":{"line":33,"column":45}}],"line":33},"2":{"loc":{"start":{"line":40,"column":28},"end":{"line":40,"column":46}},"type":"binary-expr","locations":[{"start":{"line":40,"column":28},"end":{"line":40,"column":34}},{"start":{"line":40,"column":38},"end":{"line":40,"column":46}}],"line":40},"3":{"loc":{"start":{"line":52,"column":18},"end":{"line":52,"column":40}},"type":"binary-expr","locations":[{"start":{"line":52,"column":18},"end":{"line":52,"column":23}},{"start":{"line":52,"column":27},"end":{"line":52,"column":40}}],"line":52},"4":{"loc":{"start":{"line":59,"column":18},"end":{"line":59,"column":41}},"type":"binary-expr","locations":[{"start":{"line":59,"column":18},"end":{"line":59,"column":24}},{"start":{"line":59,"column":28},"end":{"line":59,"column":41}}],"line":59},"5":{"loc":{"start":{"line":96,"column":37},"end":{"line":96,"column":72}},"type":"cond-expr","locations":[{"start":{"line":96,"column":61},"end":{"line":96,"column":65}},{"start":{"line":96,"column":68},"end":{"line":96,"column":72}}],"line":96},"6":{"loc":{"start":{"line":101,"column":38},"end":{"line":101,"column":73}},"type":"cond-expr","locations":[{"start":{"line":101,"column":62},"end":{"line":101,"column":66}},{"start":{"line":101,"column":69},"end":{"line":101,"column":73}}],"line":101}},"s":{"0":1,"1":1,"2":1,"3":1,"4":1,"5":1,"6":1,"7":1,"8":0,"9":1,"10":1,"11":1,"12":1,"13":1},"f":{"0":1,"1":1,"2":0,"3":1},"b":{"0":[1,0],"1":[1,0],"2":[1,1],"3":[1,0],"4":[1,1],"5":[1,0],"6":[1,0]},"_coverageSchema":"1a1c01bbd47fc00a2c39e90264f33305004495a9","hash":"07efafe05e4f7902206a9261cf937c342233a00c"}
,"/home/runner/work/digital-dojo-engagement/digital-dojo-engagement/pages/index.js": {"path":"/home/runner/work/digital-dojo-engagement/digital-dojo-engagement/pages/index.js","statementMap":{"0":{"start":{"line":6,"column":2},"end":{"line":53,"column":3}},"1":{"start":{"line":56,"column":0},"end":{"line":58,"column":1}},"2":{"start":{"line":57,"column":2},"end":{"line":57,"column":20}},"3":{"start":{"line":62,"column":15},"end":{"line":75,"column":3}},"4":{"start":{"line":77,"column":2},"end":{"line":79,"column":3}}},"fnMap":{"0":{"name":"Index","decl":{"start":{"line":5,"column":24},"end":{"line":5,"column":29}},"loc":{"start":{"line":5,"column":37},"end":{"line":54,"column":1}},"line":5},"1":{"name":"PageLayout","decl":{"start":{"line":56,"column":27},"end":{"line":56,"column":37}},"loc":{"start":{"line":56,"column":44},"end":{"line":58,"column":1}},"line":56},"2":{"name":"getStaticProps","decl":{"start":{"line":60,"column":22},"end":{"line":60,"column":36}},"loc":{"start":{"line":60,"column":49},"end":{"line":80,"column":1}},"line":60}},"branchMap":{},"s":{"0":2,"1":2,"2":1,"3":1,"4":1},"f":{"0":2,"1":1,"2":1},"b":{},"_coverageSchema":"1a1c01bbd47fc00a2c39e90264f33305004495a9","hash":"95b372d3fb9ab532fea8b5a34287a28192a5a49a"}
,"/home/runner/work/digital-dojo-engagement/digital-dojo-engagement/pages/about/coaches.js": {"path":"/home/runner/work/digital-dojo-engagement/digital-dojo-engagement/pages/about/coaches.js","statementMap":{"0":{"start":{"line":5,"column":2},"end":{"line":20,"column":3}},"1":{"start":{"line":10,"column":10},"end":{"line":16,"column":12}},"2":{"start":{"line":24,"column":20},"end":{"line":24,"column":38}},"3":{"start":{"line":31,"column":15},"end":{"line":44,"column":3}},"4":{"start":{"line":46,"column":2},"end":{"line":48,"column":3}}},"fnMap":{"0":{"name":"Coaches","decl":{"start":{"line":4,"column":24},"end":{"line":4,"column":31}},"loc":{"start":{"line":4,"column":49},"end":{"line":21,"column":1}},"line":4},"1":{"name":"(anonymous_1)","decl":{"start":{"line":9,"column":25},"end":{"line":9,"column":26}},"loc":{"start":{"line":10,"column":10},"end":{"line":16,"column":12}},"line":10},"2":{"name":"getStaticProps","decl":{"start":{"line":23,"column":22},"end":{"line":23,"column":36}},"loc":{"start":{"line":23,"column":49},"end":{"line":49,"column":1}},"line":23}},"branchMap":{},"s":{"0":0,"1":0,"2":0,"3":0,"4":0},"f":{"0":0,"1":0,"2":0},"b":{}}
,"/home/runner/work/digital-dojo-engagement/digital-dojo-engagement/pages/api/envAPIExample.js": {"path":"/home/runner/work/digital-dojo-engagement/digital-dojo-engagement/pages/api/envAPIExample.js","statementMap":{},"fnMap":{},"branchMap":{},"s":{},"f":{},"b":{}}
,"/home/runner/work/digital-dojo-engagement/digital-dojo-engagement/pages/api/metrics.js": {"path":"/home/runner/work/digital-dojo-engagement/digital-dojo-engagement/pages/api/metrics.js","statementMap":{},"fnMap":{},"branchMap":{},"s":{},"f":{},"b":{}}
}
