<?xml version="1.0" encoding="UTF-8"?>
<coverage generated="1665572106960" clover="3.2.0">
  <project timestamp="1665572106960" name="All files">
    <metrics statements="107" coveredstatements="49" conditionals="106" coveredconditionals="48" methods="58" coveredmethods="19" elements="271" coveredelements="116" complexity="0" loc="107" ncloc="107" packages="5" files="23" classes="23"/>
    <package name="components">
      <metrics statements="61" coveredstatements="27" conditionals="84" coveredconditionals="35" methods="36" coveredmethods="9"/>
      <file name="BeltAssessment.js" path="/home/runner/work/digital-dojo-engagement/digital-dojo-engagement/components/BeltAssessment.js">
        <metrics statements="7" coveredstatements="2" conditionals="0" coveredconditionals="0" methods="4" coveredmethods="1"/>
        <line num="5" count="2" type="stmt"/>
        <line num="18" count="0" type="stmt"/>
        <line num="19" count="0" type="stmt"/>
        <line num="20" count="0" type="stmt"/>
        <line num="24" count="0" type="stmt"/>
        <line num="28" count="0" type="stmt"/>
        <line num="37" count="2" type="stmt"/>
      </file>
      <file name="BeltResult.js" path="/home/runner/work/digital-dojo-engagement/digital-dojo-engagement/components/BeltResult.js">
        <metrics statements="3" coveredstatements="0" conditionals="4" coveredconditionals="0" methods="2" coveredmethods="0"/>
        <line num="5" count="0" type="stmt"/>
        <line num="6" count="0" type="stmt"/>
        <line num="11" count="0" type="stmt"/>
      </file>
      <file name="Coach.js" path="/home/runner/work/digital-dojo-engagement/digital-dojo-engagement/components/Coach.js">
        <metrics statements="1" coveredstatements="0" conditionals="8" coveredconditionals="0" methods="1" coveredmethods="0"/>
        <line num="5" count="0" type="stmt"/>
      </file>
      <file name="DateModified.js" path="/home/runner/work/digital-dojo-engagement/digital-dojo-engagement/components/DateModified.js">
        <metrics statements="3" coveredstatements="3" conditionals="0" coveredconditionals="0" methods="1" coveredmethods="1"/>
        <line num="7" count="8" type="stmt"/>
        <line num="15" count="4" type="stmt"/>
        <line num="20" count="4" type="stmt"/>
      </file>
      <file name="DottedLine.js" path="/home/runner/work/digital-dojo-engagement/digital-dojo-engagement/components/DottedLine.js">
        <metrics statements="4" coveredstatements="0" conditionals="0" coveredconditionals="0" methods="2" coveredmethods="0"/>
        <line num="4" count="0" type="stmt"/>
        <line num="10" count="0" type="stmt"/>
        <line num="19" count="0" type="stmt"/>
        <line num="24" count="0" type="stmt"/>
      </file>
      <file name="Footer.js" path="/home/runner/work/digital-dojo-engagement/digital-dojo-engagement/components/Footer.js">
        <metrics statements="2" coveredstatements="2" conditionals="0" coveredconditionals="0" methods="1" coveredmethods="1"/>
        <line num="9" count="6" type="stmt"/>
        <line num="27" count="3" type="stmt"/>
      </file>
      <file name="GroupedBeltResults.js" path="/home/runner/work/digital-dojo-engagement/digital-dojo-engagement/components/GroupedBeltResults.js">
        <metrics statements="3" coveredstatements="0" conditionals="0" coveredconditionals="0" methods="3" coveredmethods="0"/>
        <line num="5" count="0" type="stmt"/>
        <line num="7" count="0" type="stmt"/>
        <line num="16" count="0" type="stmt"/>
      </file>
      <file name="Header.js" path="/home/runner/work/digital-dojo-engagement/digital-dojo-engagement/components/Header.js">
        <metrics statements="3" coveredstatements="3" conditionals="26" coveredconditionals="23" methods="1" coveredmethods="1"/>
        <line num="8" count="8" type="stmt"/>
        <line num="9" count="8" type="stmt"/>
        <line num="108" count="3" type="stmt"/>
      </file>
      <file name="Layout.js" path="/home/runner/work/digital-dojo-engagement/digital-dojo-engagement/components/Layout.js">
        <metrics statements="4" coveredstatements="4" conditionals="2" coveredconditionals="2" methods="1" coveredmethods="1"/>
        <line num="11" count="5" type="cond" truecount="2" falsecount="0"/>
        <line num="13" count="5" type="stmt"/>
        <line num="38" count="2" type="stmt"/>
        <line num="42" count="2" type="stmt"/>
      </file>
      <file name="MetaData.js" path="/home/runner/work/digital-dojo-engagement/digital-dojo-engagement/components/MetaData.js">
        <metrics statements="2" coveredstatements="2" conditionals="2" coveredconditionals="2" methods="1" coveredmethods="1"/>
        <line num="5" count="7" type="cond" truecount="2" falsecount="0"/>
        <line num="7" count="7" type="stmt"/>
      </file>
      <file name="Navbar.js" path="/home/runner/work/digital-dojo-engagement/digital-dojo-engagement/components/Navbar.js">
        <metrics statements="14" coveredstatements="5" conditionals="14" coveredconditionals="4" methods="11" coveredmethods="1"/>
        <line num="8" count="8" type="stmt"/>
        <line num="9" count="8" type="stmt"/>
        <line num="10" count="8" type="stmt"/>
        <line num="11" count="8" type="stmt"/>
        <line num="16" count="0" type="stmt"/>
        <line num="17" count="0" type="stmt"/>
        <line num="20" count="8" type="stmt"/>
        <line num="24" count="0" type="stmt"/>
        <line num="40" count="0" type="stmt"/>
        <line num="42" count="0" type="cond" truecount="0" falsecount="2"/>
        <line num="68" count="0" type="stmt"/>
        <line num="70" count="0" type="cond" truecount="0" falsecount="2"/>
        <line num="91" count="0" type="stmt"/>
        <line num="93" count="0" type="cond" truecount="0" falsecount="2"/>
      </file>
      <file name="Sidenav.js" path="/home/runner/work/digital-dojo-engagement/digital-dojo-engagement/components/Sidenav.js">
        <metrics statements="8" coveredstatements="0" conditionals="20" coveredconditionals="0" methods="5" coveredmethods="0"/>
        <line num="6" count="0" type="stmt"/>
        <line num="7" count="0" type="stmt"/>
        <line num="8" count="0" type="stmt"/>
        <line num="9" count="0" type="stmt"/>
        <line num="18" count="0" type="stmt"/>
        <line num="48" count="0" type="cond" truecount="0" falsecount="2"/>
        <line num="87" count="0" type="cond" truecount="0" falsecount="2"/>
        <line num="111" count="0" type="cond" truecount="0" falsecount="2"/>
      </file>
      <file name="ThemeChanger.js" path="/home/runner/work/digital-dojo-engagement/digital-dojo-engagement/components/ThemeChanger.js">
        <metrics statements="7" coveredstatements="6" conditionals="8" coveredconditionals="4" methods="3" coveredmethods="2"/>
        <line num="6" count="16" type="stmt"/>
        <line num="7" count="16" type="stmt"/>
        <line num="10" count="16" type="stmt"/>
        <line num="11" count="8" type="stmt"/>
        <line num="14" count="16" type="cond" truecount="2" falsecount="0"/>
        <line num="16" count="8" type="stmt"/>
        <line num="20" count="0" type="cond" truecount="0" falsecount="2"/>
      </file>
    </package>
    <package name="pages">
      <metrics statements="23" coveredstatements="22" conditionals="18" coveredconditionals="13" methods="11" coveredmethods="10"/>
      <file name="404.js" path="/home/runner/work/digital-dojo-engagement/digital-dojo-engagement/pages/404.js">
        <metrics statements="3" coveredstatements="3" conditionals="0" coveredconditionals="0" methods="2" coveredmethods="2"/>
        <line num="4" count="1" type="stmt"/>
        <line num="59" count="1" type="stmt"/>
        <line num="74" count="1" type="stmt"/>
      </file>
      <file name="_app.js" path="/home/runner/work/digital-dojo-engagement/digital-dojo-engagement/pages/_app.js">
        <metrics statements="0" coveredstatements="0" conditionals="0" coveredconditionals="0" methods="1" coveredmethods="1"/>
      </file>
      <file name="_error.js" path="/home/runner/work/digital-dojo-engagement/digital-dojo-engagement/pages/_error.js">
        <metrics statements="1" coveredstatements="1" conditionals="4" coveredconditionals="4" methods="1" coveredmethods="1"/>
        <line num="4" count="2" type="stmt"/>
      </file>
      <file name="home.js" path="/home/runner/work/digital-dojo-engagement/digital-dojo-engagement/pages/home.js">
        <metrics statements="14" coveredstatements="13" conditionals="14" coveredconditionals="9" methods="4" coveredmethods="3"/>
        <line num="14" count="1" type="cond" truecount="1" falsecount="1"/>
        <line num="16" count="1" type="stmt"/>
        <line num="17" count="1" type="stmt"/>
        <line num="18" count="1" type="stmt"/>
        <line num="19" count="1" type="stmt"/>
        <line num="20" count="1" type="stmt"/>
        <line num="23" count="1" type="stmt"/>
        <line num="24" count="1" type="stmt"/>
        <line num="25" count="0" type="stmt"/>
        <line num="28" count="1" type="stmt"/>
        <line num="138" count="1" type="stmt"/>
        <line num="144" count="1" type="stmt"/>
        <line num="159" count="1" type="stmt"/>
        <line num="164" count="1" type="stmt"/>
      </file>
      <file name="index.js" path="/home/runner/work/digital-dojo-engagement/digital-dojo-engagement/pages/index.js">
        <metrics statements="5" coveredstatements="5" conditionals="0" coveredconditionals="0" methods="3" coveredmethods="3"/>
        <line num="6" count="2" type="stmt"/>
        <line num="56" count="2" type="stmt"/>
        <line num="57" count="1" type="stmt"/>
        <line num="62" count="1" type="stmt"/>
        <line num="77" count="1" type="stmt"/>
      </file>
    </package>
    <package name="pages.about">
      <metrics statements="5" coveredstatements="0" conditionals="0" coveredconditionals="0" methods="3" coveredmethods="0"/>
      <file name="coaches.js" path="/home/runner/work/digital-dojo-engagement/digital-dojo-engagement/pages/about/coaches.js">
        <metrics statements="5" coveredstatements="0" conditionals="0" coveredconditionals="0" methods="3" coveredmethods="0"/>
        <line num="6" count="0" type="stmt"/>
        <line num="18" count="0" type="stmt"/>
        <line num="32" count="0" type="stmt"/>
        <line num="39" count="0" type="stmt"/>
        <line num="54" count="0" type="stmt"/>
      </file>
    </package>
    <package name="pages.api">
      <metrics statements="0" coveredstatements="0" conditionals="0" coveredconditionals="0" methods="0" coveredmethods="0"/>
      <file name="envAPIExample.js" path="/home/runner/work/digital-dojo-engagement/digital-dojo-engagement/pages/api/envAPIExample.js">
        <metrics statements="0" coveredstatements="0" conditionals="0" coveredconditionals="0" methods="0" coveredmethods="0"/>
      </file>
      <file name="metrics.js" path="/home/runner/work/digital-dojo-engagement/digital-dojo-engagement/pages/api/metrics.js">
        <metrics statements="0" coveredstatements="0" conditionals="0" coveredconditionals="0" methods="0" coveredmethods="0"/>
      </file>
    </package>
    <package name="pages.belt-assessment">
      <metrics statements="18" coveredstatements="0" conditionals="4" coveredconditionals="0" methods="8" coveredmethods="0"/>
      <file name="belt-results.js" path="/home/runner/work/digital-dojo-engagement/digital-dojo-engagement/pages/belt-assessment/belt-results.js">
        <metrics statements="14" coveredstatements="0" conditionals="2" coveredconditionals="0" methods="6" coveredmethods="0"/>
        <line num="8" count="0" type="cond" truecount="0" falsecount="2"/>
        <line num="9" count="0" type="stmt"/>
        <line num="10" count="0" type="stmt"/>
        <line num="12" count="0" type="stmt"/>
        <line num="13" count="0" type="stmt"/>
        <line num="14" count="0" type="stmt"/>
        <line num="16" count="0" type="stmt"/>
        <line num="20" count="0" type="stmt"/>
        <line num="36" count="0" type="stmt"/>
        <line num="43" count="0" type="stmt"/>
        <line num="53" count="0" type="stmt"/>
        <line num="59" count="0" type="stmt"/>
        <line num="77" count="0" type="stmt"/>
        <line num="92" count="0" type="stmt"/>
      </file>
      <file name="belt-system.js" path="/home/runner/work/digital-dojo-engagement/digital-dojo-engagement/pages/belt-assessment/belt-system.js">
        <metrics statements="4" coveredstatements="0" conditionals="2" coveredconditionals="0" methods="2" coveredmethods="0"/>
        <line num="6" count="0" type="cond" truecount="0" falsecount="2"/>
        <line num="7" count="0" type="stmt"/>
        <line num="38" count="0" type="stmt"/>
        <line num="53" count="0" type="stmt"/>
      </file>
    </package>
  </project>
</coverage>
