TN:
SF:components/DateModified.js
FN:6,DateModified
FNF:1
FNH:1
FNDA:11,DateModified
DA:7,11
DA:15,4
DA:20,4
LF:3
LH:3
BRF:0
BRH:0
end_of_record
TN:
SF:components/Footer.js
FN:8,Footer
FN:28,(anonymous_1)
FN:54,(anonymous_2)
FNF:3
FNH:3
FNDA:9,Footer
FNDA:66,(anonymous_1)
FNDA:40,(anonymous_2)
DA:9,9
DA:29,66
DA:55,40
DA:90,3
LF:4
LH:4
BRDA:59,0,0,9
BRDA:59,0,1,31
BRF:2
BRH:2
end_of_record
TN:
SF:components/Header.js
FN:6,Header
FNF:1
FNH:1
FNDA:12,Header
DA:7,12
DA:136,3
LF:2
LH:2
BRDA:31,0,0,8
BRDA:31,0,1,2
BRDA:36,1,0,8
BRDA:36,1,1,2
BRDA:46,2,0,10
BRDA:46,2,1,10
BRDA:47,3,0,8
BRDA:47,3,1,2
BRDA:52,4,0,8
BRDA:52,4,1,2
BRDA:54,5,0,8
BRDA:54,5,1,2
BRDA:63,6,0,10
BRDA:63,6,1,10
BRDA:64,7,0,8
BRDA:64,7,1,2
BRDA:70,8,0,8
BRDA:70,8,1,2
BRDA:72,9,0,8
BRDA:72,9,1,2
BRDA:114,10,0,0
BRDA:114,10,1,10
BRF:22
BRH:21
end_of_record
TN:
SF:components/Layout.js
FN:9,Layout
FNF:1
FNH:1
FNDA:8,Layout
DA:10,8
DA:12,7
DA:101,2
DA:105,2
LF:4
LH:4
BRDA:10,0,0,6
BRDA:10,0,1,1
BRF:2
BRH:2
end_of_record
TN:
SF:components/MetaData.js
FN:4,MetaData
FNF:1
FNH:1
FNDA:9,MetaData
DA:5,9
DA:7,9
LF:2
LH:2
BRDA:5,0,0,8
BRDA:5,0,1,1
BRF:2
BRH:2
end_of_record
TN:
SF:components/Sidenav.js
FN:4,(anonymous_0)
FN:15,(anonymous_1)
FN:37,(anonymous_2)
FN:66,(anonymous_3)
FN:90,(anonymous_4)
FNF:5
FNH:1
FNDA:12,(anonymous_0)
FNDA:0,(anonymous_1)
FNDA:0,(anonymous_2)
FNDA:0,(anonymous_3)
FNDA:0,(anonymous_4)
DA:4,3
DA:5,12
DA:6,10
DA:15,0
DA:38,0
DA:67,0
DA:91,0
LF:7
LH:3
BRDA:9,0,0,0
BRDA:9,0,1,10
BRDA:19,1,0,0
BRDA:19,1,1,10
BRDA:22,2,0,0
BRDA:22,2,1,10
BRDA:25,3,0,0
BRDA:25,3,1,10
BRDA:38,4,0,0
BRDA:38,4,1,0
BRDA:67,5,0,0
BRDA:67,5,1,0
BRDA:91,6,0,0
BRDA:91,6,1,0
BRF:14
BRH:4
end_of_record
TN:
SF:pages/404.js
FN:3,Custom404
FN:57,getStaticProps
FNF:2
FNH:2
FNDA:1,Custom404
FNDA:1,getStaticProps
DA:4,1
DA:59,1
DA:74,1
LF:3
LH:3
BRF:0
BRH:0
end_of_record
TN:
SF:pages/_app.js
FN:4,MyApp
FNF:1
FNH:1
FNDA:1,MyApp
LF:0
LH:0
BRF:0
BRH:0
end_of_record
TN:
SF:pages/_error.js
FN:3,CustomError
FNF:1
FNH:1
FNDA:2,CustomError
DA:4,2
LF:1
LH:1
BRDA:9,0,0,1
BRDA:9,0,1,1
BRDA:37,1,0,1
BRDA:37,1,1,1
BRF:4
BRH:4
end_of_record
TN:
SF:pages/home.js
FN:9,Home
FN:16,(anonymous_1)
FN:21,(anonymous_2)
FN:173,getStaticProps
FNF:4
FNH:3
FNDA:1,Home
FNDA:1,(anonymous_1)
FNDA:0,(anonymous_2)
FNDA:1,getStaticProps
DA:13,1
DA:14,1
DA:15,1
DA:16,1
DA:17,1
DA:20,1
DA:21,1
DA:22,0
DA:25,1
DA:174,1
DA:180,1
DA:195,1
DA:200,1
LF:13
LH:12
BRDA:30,0,0,1
BRDA:30,0,1,0
BRDA:43,1,0,1
BRDA:43,1,1,1
BRDA:61,2,0,1
BRDA:61,2,1,0
BRDA:68,3,0,1
BRDA:68,3,1,1
BRDA:120,4,0,1
BRDA:120,4,1,0
BRDA:125,5,0,1
BRDA:125,5,1,0
BRF:12
BRH:8
end_of_record
TN:
SF:pages/index.js
FN:5,Index
FN:56,PageLayout
FN:60,getStaticProps
FNF:3
FNH:3
FNDA:2,Index
FNDA:1,PageLayout
FNDA:1,getStaticProps
DA:6,2
DA:56,2
DA:57,1
DA:62,1
DA:77,1
LF:5
LH:5
BRF:0
BRH:0
end_of_record
TN:
SF:pages/serverSideExample.js
FN:3,ServerSideExample
FN:6,(anonymous_1)
FN:8,(anonymous_2)
FN:9,(anonymous_3)
FN:59,getServerSideProps
FNF:5
FNH:0
FNDA:0,ServerSideExample
FNDA:0,(anonymous_1)
FNDA:0,(anonymous_2)
FNDA:0,(anonymous_3)
FNDA:0,getServerSideProps
DA:4,0
DA:6,0
DA:7,0
DA:8,0
DA:10,0
DA:13,0
DA:60,0
DA:75,0
LF:8
LH:0
BRDA:22,0,0,0
BRDA:22,0,1,0
BRDA:39,1,0,0
BRDA:39,1,1,0
BRDA:51,2,0,0
BRDA:51,2,1,0
BRDA:80,3,0,0
BRDA:80,3,1,0
BRDA:81,4,0,0
BRDA:81,4,1,0
BRF:10
BRH:0
end_of_record
TN:
SF:pages/api/envAPIExample.js
FNF:0
FNH:0
LF:0
LH:0
BRF:0
BRH:0
end_of_record
TN:
SF:pages/api/metrics.js
FNF:0
FNH:0
LF:0
LH:0
BRF:0
BRH:0
end_of_record
