TN:
SF:components/Coach.js
FN:4,Coach
FNF:1
FNH:0
FNDA:0,Coach
DA:5,0
LF:1
LH:0
BRDA:8,0,0,0
BRDA:8,0,1,0
BRDA:15,1,0,0
BRDA:15,1,1,0
BRDA:17,2,0,0
BRDA:17,2,1,0
BRDA:18,3,0,0
BRDA:18,3,1,0
BRF:8
BRH:0
end_of_record
TN:
SF:components/DateModified.js
FN:6,DateModified
FNF:1
FNH:1
FNDA:11,DateModified
DA:7,11
DA:15,4
DA:20,4
LF:3
LH:3
BRF:0
BRH:0
end_of_record
TN:
SF:components/Footer.js
FN:8,Footer
FN:28,(anonymous_1)
FN:54,(anonymous_2)
FNF:3
FNH:3
FNDA:9,Footer
FNDA:66,(anonymous_1)
FNDA:40,(anonymous_2)
DA:9,9
DA:29,66
DA:55,40
DA:90,3
LF:4
LH:4
BRDA:59,0,0,9
BRDA:59,0,1,31
BRF:2
BRH:2
end_of_record
TN:
SF:components/Header.js
FN:7,Header
FNF:1
FNH:1
FNDA:10,Header
DA:8,10
DA:9,10
DA:142,3
LF:3
LH:3
BRDA:33,0,0,8
BRDA:33,0,1,2
BRDA:34,1,0,0
BRDA:34,1,1,8
BRDA:37,2,0,0
BRDA:37,2,1,2
BRDA:42,3,0,8
BRDA:42,3,1,2
BRDA:52,4,0,10
BRDA:52,4,1,10
BRDA:53,5,0,8
BRDA:53,5,1,2
BRDA:58,6,0,8
BRDA:58,6,1,2
BRDA:60,7,0,8
BRDA:60,7,1,2
BRDA:69,8,0,10
BRDA:69,8,1,10
BRDA:70,9,0,8
BRDA:70,9,1,2
BRDA:76,10,0,8
BRDA:76,10,1,2
BRDA:78,11,0,8
BRDA:78,11,1,2
BRDA:120,12,0,0
BRDA:120,12,1,10
BRF:26
BRH:23
end_of_record
TN:
SF:components/Layout.js
FN:9,Layout
FNF:1
FNH:1
FNDA:7,Layout
DA:10,7
DA:12,7
DA:101,2
DA:105,2
LF:4
LH:4
BRDA:10,0,0,6
BRDA:10,0,1,1
BRF:2
BRH:2
end_of_record
TN:
SF:components/MetaData.js
FN:4,MetaData
FNF:1
FNH:1
FNDA:9,MetaData
DA:5,9
DA:7,9
LF:2
LH:2
BRDA:5,0,0,8
BRDA:5,0,1,1
BRF:2
BRH:2
end_of_record
TN:
SF:components/Sidenav.js
FN:6,(anonymous_0)
FN:18,(anonymous_1)
FN:47,(anonymous_2)
FN:86,(anonymous_3)
FN:110,(anonymous_4)
FNF:5
FNH:1
FNDA:10,(anonymous_0)
FNDA:0,(anonymous_1)
FNDA:0,(anonymous_2)
FNDA:0,(anonymous_3)
FNDA:0,(anonymous_4)
DA:6,3
DA:7,10
DA:8,10
DA:9,10
DA:18,0
DA:48,0
DA:87,0
DA:111,0
LF:8
LH:4
BRDA:12,0,0,0
BRDA:12,0,1,10
BRDA:22,1,0,0
BRDA:22,1,1,10
BRDA:25,2,0,0
BRDA:25,2,1,10
BRDA:28,3,0,0
BRDA:28,3,1,10
BRDA:37,4,0,0
BRDA:37,4,1,10
BRDA:48,5,0,0
BRDA:48,5,1,0
BRDA:64,6,0,0
BRDA:64,6,1,10
BRDA:73,7,0,0
BRDA:73,7,1,10
BRDA:87,8,0,0
BRDA:87,8,1,0
BRDA:111,9,0,0
BRDA:111,9,1,0
BRF:20
BRH:7
end_of_record
TN:
SF:components/ThemeChanger.js
FN:5,ThemeChanger
FN:10,(anonymous_1)
FN:20,(anonymous_2)
FNF:3
FNH:2
FNDA:20,ThemeChanger
FNDA:10,(anonymous_1)
FNDA:0,(anonymous_2)
DA:6,20
DA:7,20
DA:10,20
DA:11,10
DA:14,20
DA:16,10
DA:20,0
LF:7
LH:6
BRDA:14,0,0,10
BRDA:14,0,1,10
BRDA:19,1,0,0
BRDA:19,1,1,10
BRDA:20,2,0,0
BRDA:20,2,1,0
BRDA:22,3,0,0
BRDA:22,3,1,10
BRF:8
BRH:4
end_of_record
TN:
SF:pages/404.js
FN:3,Custom404
FN:57,getStaticProps
FNF:2
FNH:2
FNDA:1,Custom404
FNDA:1,getStaticProps
DA:4,1
DA:59,1
DA:74,1
LF:3
LH:3
BRF:0
BRH:0
end_of_record
TN:
SF:pages/_app.js
FN:5,MyApp
FNF:1
FNH:1
FNDA:1,MyApp
LF:0
LH:0
BRF:0
BRH:0
end_of_record
TN:
SF:pages/_error.js
FN:3,CustomError
FNF:1
FNH:1
FNDA:2,CustomError
DA:4,2
LF:1
LH:1
BRDA:9,0,0,1
BRDA:9,0,1,1
BRDA:37,1,0,1
BRDA:37,1,1,1
BRF:4
BRH:4
end_of_record
TN:
SF:pages/home.js
FN:11,Home
FN:19,(anonymous_1)
FN:24,(anonymous_2)
FN:137,getStaticProps
FNF:4
FNH:3
FNDA:1,Home
FNDA:1,(anonymous_1)
FNDA:0,(anonymous_2)
FNDA:1,getStaticProps
DA:14,1
DA:16,1
DA:17,1
DA:18,1
DA:19,1
DA:20,1
DA:23,1
DA:24,1
DA:25,0
DA:28,1
DA:138,1
DA:144,1
DA:159,1
DA:164,1
LF:14
LH:13
BRDA:14,0,0,1
BRDA:14,0,1,0
BRDA:33,1,0,1
BRDA:33,1,1,0
BRDA:40,2,0,1
BRDA:40,2,1,1
BRDA:52,3,0,1
BRDA:52,3,1,0
BRDA:59,4,0,1
BRDA:59,4,1,1
BRDA:96,5,0,1
BRDA:96,5,1,0
BRDA:101,6,0,1
BRDA:101,6,1,0
BRF:14
BRH:9
end_of_record
TN:
SF:pages/index.js
FN:5,Index
FN:56,PageLayout
FN:60,getStaticProps
FNF:3
FNH:3
FNDA:2,Index
FNDA:1,PageLayout
FNDA:1,getStaticProps
DA:6,2
DA:56,2
DA:57,1
DA:62,1
DA:77,1
LF:5
LH:5
BRF:0
BRH:0
end_of_record
TN:
SF:pages/about/coaches.js
FN:4,Coaches
FN:9,(anonymous_1)
FN:23,getStaticProps
FNF:3
FNH:0
FNDA:0,Coaches
FNDA:0,(anonymous_1)
FNDA:0,getStaticProps
DA:5,0
DA:10,0
DA:24,0
DA:31,0
DA:46,0
LF:5
LH:0
BRF:0
BRH:0
end_of_record
TN:
SF:pages/api/envAPIExample.js
FNF:0
FNH:0
LF:0
LH:0
BRF:0
BRH:0
end_of_record
TN:
SF:pages/api/metrics.js
FNF:0
FNH:0
LF:0
LH:0
BRF:0
BRH:0
end_of_record
