{"total": {"lines":{"total":60,"covered":48,"skipped":0,"pct":80},"statements":{"total":61,"covered":49,"skipped":0,"pct":80.32},"functions":{"total":30,"covered":20,"skipped":0,"pct":66.66},"branches":{"total":86,"covered":53,"skipped":0,"pct":61.62},"branchesTrue":{"total":0,"covered":0,"skipped":0,"pct":100}}
,"/home/runner/work/digital-dojo-engagement/digital-dojo-engagement/components/Coach.js": {"lines":{"total":1,"covered":0,"skipped":0,"pct":0},"functions":{"total":1,"covered":0,"skipped":0,"pct":0},"statements":{"total":1,"covered":0,"skipped":0,"pct":0},"branches":{"total":8,"covered":0,"skipped":0,"pct":0}}
,"/home/runner/work/digital-dojo-engagement/digital-dojo-engagement/components/DateModified.js": {"lines":{"total":3,"covered":3,"skipped":0,"pct":100},"functions":{"total":1,"covered":1,"skipped":0,"pct":100},"statements":{"total":3,"covered":3,"skipped":0,"pct":100},"branches":{"total":0,"covered":0,"skipped":0,"pct":100}}
,"/home/runner/work/digital-dojo-engagement/digital-dojo-engagement/components/Footer.js": {"lines":{"total":4,"covered":4,"skipped":0,"pct":100},"functions":{"total":3,"covered":3,"skipped":0,"pct":100},"statements":{"total":4,"covered":4,"skipped":0,"pct":100},"branches":{"total":2,"covered":2,"skipped":0,"pct":100}}
,"/home/runner/work/digital-dojo-engagement/digital-dojo-engagement/components/Header.js": {"lines":{"total":3,"covered":3,"skipped":0,"pct":100},"functions":{"total":1,"covered":1,"skipped":0,"pct":100},"statements":{"total":3,"covered":3,"skipped":0,"pct":100},"branches":{"total":26,"covered":23,"skipped":0,"pct":88.46}}
,"/home/runner/work/digital-dojo-engagement/digital-dojo-engagement/components/Layout.js": {"lines":{"total":4,"covered":4,"skipped":0,"pct":100},"functions":{"total":1,"covered":1,"skipped":0,"pct":100},"statements":{"total":4,"covered":4,"skipped":0,"pct":100},"branches":{"total":2,"covered":2,"skipped":0,"pct":100}}
,"/home/runner/work/digital-dojo-engagement/digital-dojo-engagement/components/MetaData.js": {"lines":{"total":2,"covered":2,"skipped":0,"pct":100},"functions":{"total":1,"covered":1,"skipped":0,"pct":100},"statements":{"total":2,"covered":2,"skipped":0,"pct":100},"branches":{"total":2,"covered":2,"skipped":0,"pct":100}}
,"/home/runner/work/digital-dojo-engagement/digital-dojo-engagement/components/Sidenav.js": {"lines":{"total":8,"covered":4,"skipped":0,"pct":50},"functions":{"total":5,"covered":1,"skipped":0,"pct":20},"statements":{"total":8,"covered":4,"skipped":0,"pct":50},"branches":{"total":20,"covered":7,"skipped":0,"pct":35}}
,"/home/runner/work/digital-dojo-engagement/digital-dojo-engagement/components/ThemeChanger.js": {"lines":{"total":7,"covered":6,"skipped":0,"pct":85.71},"functions":{"total":3,"covered":2,"skipped":0,"pct":66.66},"statements":{"total":8,"covered":7,"skipped":0,"pct":87.5},"branches":{"total":8,"covered":4,"skipped":0,"pct":50}}
,"/home/runner/work/digital-dojo-engagement/digital-dojo-engagement/pages/404.js": {"lines":{"total":3,"covered":3,"skipped":0,"pct":100},"functions":{"total":2,"covered":2,"skipped":0,"pct":100},"statements":{"total":3,"covered":3,"skipped":0,"pct":100},"branches":{"total":0,"covered":0,"skipped":0,"pct":100}}
,"/home/runner/work/digital-dojo-engagement/digital-dojo-engagement/pages/_app.js": {"lines":{"total":0,"covered":0,"skipped":0,"pct":100},"functions":{"total":1,"covered":1,"skipped":0,"pct":100},"statements":{"total":0,"covered":0,"skipped":0,"pct":100},"branches":{"total":0,"covered":0,"skipped":0,"pct":100}}
,"/home/runner/work/digital-dojo-engagement/digital-dojo-engagement/pages/_error.js": {"lines":{"total":1,"covered":1,"skipped":0,"pct":100},"functions":{"total":1,"covered":1,"skipped":0,"pct":100},"statements":{"total":1,"covered":1,"skipped":0,"pct":100},"branches":{"total":4,"covered":4,"skipped":0,"pct":100}}
,"/home/runner/work/digital-dojo-engagement/digital-dojo-engagement/pages/home.js": {"lines":{"total":14,"covered":13,"skipped":0,"pct":92.85},"functions":{"total":4,"covered":3,"skipped":0,"pct":75},"statements":{"total":14,"covered":13,"skipped":0,"pct":92.85},"branches":{"total":14,"covered":9,"skipped":0,"pct":64.28}}
,"/home/runner/work/digital-dojo-engagement/digital-dojo-engagement/pages/index.js": {"lines":{"total":5,"covered":5,"skipped":0,"pct":100},"functions":{"total":3,"covered":3,"skipped":0,"pct":100},"statements":{"total":5,"covered":5,"skipped":0,"pct":100},"branches":{"total":0,"covered":0,"skipped":0,"pct":100}}
,"/home/runner/work/digital-dojo-engagement/digital-dojo-engagement/pages/about/coaches.js": {"lines":{"total":5,"covered":0,"skipped":0,"pct":0},"functions":{"total":3,"covered":0,"skipped":0,"pct":0},"statements":{"total":5,"covered":0,"skipped":0,"pct":0},"branches":{"total":0,"covered":0,"skipped":0,"pct":100}}
,"/home/runner/work/digital-dojo-engagement/digital-dojo-engagement/pages/api/envAPIExample.js": {"lines":{"total":0,"covered":0,"skipped":0,"pct":100},"functions":{"total":0,"covered":0,"skipped":0,"pct":100},"statements":{"total":0,"covered":0,"skipped":0,"pct":100},"branches":{"total":0,"covered":0,"skipped":0,"pct":100}}
,"/home/runner/work/digital-dojo-engagement/digital-dojo-engagement/pages/api/metrics.js": {"lines":{"total":0,"covered":0,"skipped":0,"pct":100},"functions":{"total":0,"covered":0,"skipped":0,"pct":100},"statements":{"total":0,"covered":0,"skipped":0,"pct":100},"branches":{"total":0,"covered":0,"skipped":0,"pct":100}}
}
