{"total": {"lines":{"total":127,"covered":61,"skipped":0,"pct":48.03},"statements":{"total":132,"covered":62,"skipped":0,"pct":46.96},"functions":{"total":66,"covered":24,"skipped":0,"pct":36.36},"branches":{"total":112,"covered":49,"skipped":0,"pct":43.75},"branchesTrue":{"total":0,"covered":0,"skipped":0,"pct":100}}
,"/home/runner/work/digital-dojo-engagement/digital-dojo-engagement/components/BeltAssessment.js": {"lines":{"total":11,"covered":4,"skipped":0,"pct":36.36},"functions":{"total":5,"covered":2,"skipped":0,"pct":40},"statements":{"total":12,"covered":4,"skipped":0,"pct":33.33},"branches":{"total":2,"covered":1,"skipped":0,"pct":50}}
,"/home/runner/work/digital-dojo-engagement/digital-dojo-engagement/components/BeltResult.js": {"lines":{"total":3,"covered":0,"skipped":0,"pct":0},"functions":{"total":2,"covered":0,"skipped":0,"pct":0},"statements":{"total":3,"covered":0,"skipped":0,"pct":0},"branches":{"total":4,"covered":0,"skipped":0,"pct":0}}
,"/home/runner/work/digital-dojo-engagement/digital-dojo-engagement/components/Coach.js": {"lines":{"total":1,"covered":0,"skipped":0,"pct":0},"functions":{"total":1,"covered":0,"skipped":0,"pct":0},"statements":{"total":1,"covered":0,"skipped":0,"pct":0},"branches":{"total":8,"covered":0,"skipped":0,"pct":0}}
,"/home/runner/work/digital-dojo-engagement/digital-dojo-engagement/components/DateModified.js": {"lines":{"total":3,"covered":3,"skipped":0,"pct":100},"functions":{"total":1,"covered":1,"skipped":0,"pct":100},"statements":{"total":3,"covered":3,"skipped":0,"pct":100},"branches":{"total":0,"covered":0,"skipped":0,"pct":100}}
,"/home/runner/work/digital-dojo-engagement/digital-dojo-engagement/components/DottedLine.js": {"lines":{"total":4,"covered":4,"skipped":0,"pct":100},"functions":{"total":2,"covered":2,"skipped":0,"pct":100},"statements":{"total":4,"covered":4,"skipped":0,"pct":100},"branches":{"total":0,"covered":0,"skipped":0,"pct":100}}
,"/home/runner/work/digital-dojo-engagement/digital-dojo-engagement/components/ExpandableHeadline.js": {"lines":{"total":2,"covered":0,"skipped":0,"pct":0},"functions":{"total":2,"covered":0,"skipped":0,"pct":0},"statements":{"total":2,"covered":0,"skipped":0,"pct":0},"branches":{"total":2,"covered":0,"skipped":0,"pct":0}}
,"/home/runner/work/digital-dojo-engagement/digital-dojo-engagement/components/Footer.js": {"lines":{"total":2,"covered":2,"skipped":0,"pct":100},"functions":{"total":1,"covered":1,"skipped":0,"pct":100},"statements":{"total":2,"covered":2,"skipped":0,"pct":100},"branches":{"total":0,"covered":0,"skipped":0,"pct":100}}
,"/home/runner/work/digital-dojo-engagement/digital-dojo-engagement/components/GroupedBeltResults.js": {"lines":{"total":3,"covered":0,"skipped":0,"pct":0},"functions":{"total":3,"covered":0,"skipped":0,"pct":0},"statements":{"total":4,"covered":0,"skipped":0,"pct":0},"branches":{"total":0,"covered":0,"skipped":0,"pct":100}}
,"/home/runner/work/digital-dojo-engagement/digital-dojo-engagement/components/Header.js": {"lines":{"total":5,"covered":5,"skipped":0,"pct":100},"functions":{"total":1,"covered":1,"skipped":0,"pct":100},"statements":{"total":5,"covered":5,"skipped":0,"pct":100},"branches":{"total":24,"covered":22,"skipped":0,"pct":91.66}}
,"/home/runner/work/digital-dojo-engagement/digital-dojo-engagement/components/Layout.js": {"lines":{"total":4,"covered":4,"skipped":0,"pct":100},"functions":{"total":1,"covered":1,"skipped":0,"pct":100},"statements":{"total":4,"covered":4,"skipped":0,"pct":100},"branches":{"total":2,"covered":2,"skipped":0,"pct":100}}
,"/home/runner/work/digital-dojo-engagement/digital-dojo-engagement/components/MetaData.js": {"lines":{"total":2,"covered":2,"skipped":0,"pct":100},"functions":{"total":1,"covered":1,"skipped":0,"pct":100},"statements":{"total":2,"covered":2,"skipped":0,"pct":100},"branches":{"total":2,"covered":2,"skipped":0,"pct":100}}
,"/home/runner/work/digital-dojo-engagement/digital-dojo-engagement/components/Navbar.js": {"lines":{"total":14,"covered":5,"skipped":0,"pct":35.71},"functions":{"total":11,"covered":1,"skipped":0,"pct":9.09},"statements":{"total":16,"covered":5,"skipped":0,"pct":31.25},"branches":{"total":14,"covered":4,"skipped":0,"pct":28.57}}
,"/home/runner/work/digital-dojo-engagement/digital-dojo-engagement/components/Sidenav.js": {"lines":{"total":8,"covered":0,"skipped":0,"pct":0},"functions":{"total":5,"covered":0,"skipped":0,"pct":0},"statements":{"total":8,"covered":0,"skipped":0,"pct":0},"branches":{"total":20,"covered":0,"skipped":0,"pct":0}}
,"/home/runner/work/digital-dojo-engagement/digital-dojo-engagement/components/ThemeChanger.js": {"lines":{"total":7,"covered":6,"skipped":0,"pct":85.71},"functions":{"total":3,"covered":2,"skipped":0,"pct":66.66},"statements":{"total":8,"covered":7,"skipped":0,"pct":87.5},"branches":{"total":8,"covered":4,"skipped":0,"pct":50}}
,"/home/runner/work/digital-dojo-engagement/digital-dojo-engagement/pages/404.js": {"lines":{"total":3,"covered":3,"skipped":0,"pct":100},"functions":{"total":2,"covered":2,"skipped":0,"pct":100},"statements":{"total":3,"covered":3,"skipped":0,"pct":100},"branches":{"total":0,"covered":0,"skipped":0,"pct":100}}
,"/home/runner/work/digital-dojo-engagement/digital-dojo-engagement/pages/FAQ.js": {"lines":{"total":7,"covered":0,"skipped":0,"pct":0},"functions":{"total":3,"covered":0,"skipped":0,"pct":0},"statements":{"total":7,"covered":0,"skipped":0,"pct":0},"branches":{"total":2,"covered":0,"skipped":0,"pct":0}}
,"/home/runner/work/digital-dojo-engagement/digital-dojo-engagement/pages/_app.js": {"lines":{"total":0,"covered":0,"skipped":0,"pct":100},"functions":{"total":1,"covered":1,"skipped":0,"pct":100},"statements":{"total":0,"covered":0,"skipped":0,"pct":100},"branches":{"total":0,"covered":0,"skipped":0,"pct":100}}
,"/home/runner/work/digital-dojo-engagement/digital-dojo-engagement/pages/_error.js": {"lines":{"total":1,"covered":1,"skipped":0,"pct":100},"functions":{"total":1,"covered":1,"skipped":0,"pct":100},"statements":{"total":1,"covered":1,"skipped":0,"pct":100},"branches":{"total":4,"covered":4,"skipped":0,"pct":100}}
,"/home/runner/work/digital-dojo-engagement/digital-dojo-engagement/pages/engagement.js": {"lines":{"total":4,"covered":4,"skipped":0,"pct":100},"functions":{"total":2,"covered":2,"skipped":0,"pct":100},"statements":{"total":4,"covered":4,"skipped":0,"pct":100},"branches":{"total":2,"covered":1,"skipped":0,"pct":50}}
,"/home/runner/work/digital-dojo-engagement/digital-dojo-engagement/pages/home.js": {"lines":{"total":14,"covered":13,"skipped":0,"pct":92.85},"functions":{"total":4,"covered":3,"skipped":0,"pct":75},"statements":{"total":14,"covered":13,"skipped":0,"pct":92.85},"branches":{"total":14,"covered":9,"skipped":0,"pct":64.28}}
,"/home/runner/work/digital-dojo-engagement/digital-dojo-engagement/pages/index.js": {"lines":{"total":5,"covered":5,"skipped":0,"pct":100},"functions":{"total":3,"covered":3,"skipped":0,"pct":100},"statements":{"total":5,"covered":5,"skipped":0,"pct":100},"branches":{"total":0,"covered":0,"skipped":0,"pct":100}}
,"/home/runner/work/digital-dojo-engagement/digital-dojo-engagement/pages/about/coaches.js": {"lines":{"total":5,"covered":0,"skipped":0,"pct":0},"functions":{"total":3,"covered":0,"skipped":0,"pct":0},"statements":{"total":5,"covered":0,"skipped":0,"pct":0},"branches":{"total":0,"covered":0,"skipped":0,"pct":100}}
,"/home/runner/work/digital-dojo-engagement/digital-dojo-engagement/pages/api/envAPIExample.js": {"lines":{"total":0,"covered":0,"skipped":0,"pct":100},"functions":{"total":0,"covered":0,"skipped":0,"pct":100},"statements":{"total":0,"covered":0,"skipped":0,"pct":100},"branches":{"total":0,"covered":0,"skipped":0,"pct":100}}
,"/home/runner/work/digital-dojo-engagement/digital-dojo-engagement/pages/api/metrics.js": {"lines":{"total":0,"covered":0,"skipped":0,"pct":100},"functions":{"total":0,"covered":0,"skipped":0,"pct":100},"statements":{"total":0,"covered":0,"skipped":0,"pct":100},"branches":{"total":0,"covered":0,"skipped":0,"pct":100}}
,"/home/runner/work/digital-dojo-engagement/digital-dojo-engagement/pages/belt-assessment/belt-results.js": {"lines":{"total":15,"covered":0,"skipped":0,"pct":0},"functions":{"total":6,"covered":0,"skipped":0,"pct":0},"statements":{"total":15,"covered":0,"skipped":0,"pct":0},"branches":{"total":2,"covered":0,"skipped":0,"pct":0}}
,"/home/runner/work/digital-dojo-engagement/digital-dojo-engagement/pages/belt-assessment/belt-system.js": {"lines":{"total":4,"covered":0,"skipped":0,"pct":0},"functions":{"total":2,"covered":0,"skipped":0,"pct":0},"statements":{"total":4,"covered":0,"skipped":0,"pct":0},"branches":{"total":2,"covered":0,"skipped":0,"pct":0}}
}
