TN:
SF:components/BeltAssessment.js
FN:4,BeltAssessment
FN:17,(anonymous_1)
FN:23,handleChange
FN:26,(anonymous_3)
FN:29,handleSubmit
FNF:5
FNH:2
FNDA:2,BeltAssessment
FNDA:2,(anonymous_1)
FNDA:0,handleChange
FNDA:0,(anonymous_3)
FNDA:0,handleSubmit
DA:5,2
DA:17,2
DA:18,2
DA:19,0
DA:24,0
DA:25,0
DA:26,0
DA:30,0
DA:32,0
DA:36,0
DA:45,2
LF:11
LH:4
BRDA:18,0,0,0
BRDA:18,0,1,2
BRF:2
BRH:1
end_of_record
TN:
SF:components/BeltResult.js
FN:4,BeltResult
FN:11,(anonymous_1)
FNF:2
FNH:0
FNDA:0,BeltResult
FNDA:0,(anonymous_1)
DA:5,0
DA:6,0
DA:11,0
LF:3
LH:0
BRDA:15,0,0,0
BRDA:15,0,1,0
BRDA:19,1,0,0
BRDA:19,1,1,0
BRF:4
BRH:0
end_of_record
TN:
SF:components/Calendar.js
FN:7,Calendar
FN:21,(anonymous_1)
FN:29,(anonymous_2)
FN:45,(anonymous_3)
FN:53,(anonymous_4)
FN:64,(anonymous_5)
FN:77,(anonymous_6)
FN:79,(anonymous_7)
FN:103,(anonymous_8)
FNF:9
FNH:0
FNDA:0,Calendar
FNDA:0,(anonymous_1)
FNDA:0,(anonymous_2)
FNDA:0,(anonymous_3)
FNDA:0,(anonymous_4)
FNDA:0,(anonymous_5)
FNDA:0,(anonymous_6)
FNDA:0,(anonymous_7)
FNDA:0,(anonymous_8)
DA:13,0
DA:14,0
DA:16,0
DA:22,0
DA:30,0
DA:45,0
DA:53,0
DA:65,0
DA:78,0
DA:80,0
DA:83,0
DA:104,0
LF:12
LH:0
BRDA:47,0,0,0
BRDA:47,0,1,0
BRDA:55,1,0,0
BRDA:55,1,1,0
BRDA:87,2,0,0
BRDA:87,2,1,0
BRDA:92,3,0,0
BRDA:92,3,1,0
BRDA:97,4,0,0
BRDA:97,4,1,0
BRDA:102,5,0,0
BRDA:102,5,1,0
BRF:12
BRH:0
end_of_record
TN:
SF:components/CalendarEvent.js
FN:7,CalendarEvent
FN:8,(anonymous_1)
FNF:2
FNH:0
FNDA:0,CalendarEvent
FNDA:0,(anonymous_1)
DA:3,0
DA:8,0
DA:9,0
DA:10,0
DA:12,0
LF:5
LH:0
BRDA:9,0,0,0
BRDA:9,0,1,0
BRDA:15,1,0,0
BRDA:15,1,1,0
BRF:4
BRH:0
end_of_record
TN:
SF:components/CalendarList.js
FN:6,CalendarList
FN:20,(anonymous_1)
FN:28,(anonymous_2)
FN:45,(anonymous_3)
FN:53,(anonymous_4)
FN:64,(anonymous_5)
FN:66,(anonymous_6)
FN:86,(anonymous_7)
FNF:8
FNH:0
FNDA:0,CalendarList
FNDA:0,(anonymous_1)
FNDA:0,(anonymous_2)
FNDA:0,(anonymous_3)
FNDA:0,(anonymous_4)
FNDA:0,(anonymous_5)
FNDA:0,(anonymous_6)
FNDA:0,(anonymous_7)
DA:12,0
DA:13,0
DA:15,0
DA:21,0
DA:29,0
DA:45,0
DA:53,0
DA:65,0
DA:67,0
DA:70,0
DA:71,0
DA:87,0
LF:12
LH:0
BRDA:47,0,0,0
BRDA:47,0,1,0
BRDA:55,1,0,0
BRDA:55,1,1,0
BRDA:81,2,0,0
BRDA:81,2,1,0
BRDA:85,3,0,0
BRDA:85,3,1,0
BRF:8
BRH:0
end_of_record
TN:
SF:components/CalendarListEvent.js
FN:7,CalendarListEvent
FN:8,(anonymous_1)
FNF:2
FNH:0
FNDA:0,CalendarListEvent
FNDA:0,(anonymous_1)
DA:3,0
DA:8,0
DA:9,0
DA:10,0
DA:12,0
LF:5
LH:0
BRDA:9,0,0,0
BRDA:9,0,1,0
BRF:2
BRH:0
end_of_record
TN:
SF:components/Coach.js
FN:4,Coach
FNF:1
FNH:0
FNDA:0,Coach
DA:5,0
LF:1
LH:0
BRDA:8,0,0,0
BRDA:8,0,1,0
BRDA:15,1,0,0
BRDA:15,1,1,0
BRDA:17,2,0,0
BRDA:17,2,1,0
BRDA:18,3,0,0
BRDA:18,3,1,0
BRF:8
BRH:0
end_of_record
TN:
SF:components/DateModified.js
FN:6,DateModified
FNF:1
FNH:1
FNDA:8,DateModified
DA:7,8
DA:15,4
DA:20,4
LF:3
LH:3
BRF:0
BRH:0
end_of_record
TN:
SF:components/DottedLine.js
FN:3,DottedLine
FN:9,(anonymous_1)
FNF:2
FNH:2
FNDA:10,DottedLine
FNDA:77,(anonymous_1)
DA:4,10
DA:10,77
DA:19,4
DA:24,4
LF:4
LH:4
BRF:0
BRH:0
end_of_record
TN:
SF:components/ExpandableHeadline.js
FN:5,GroupedBeltResults
FN:10,(anonymous_1)
FNF:2
FNH:0
FNDA:0,GroupedBeltResults
FNDA:0,(anonymous_1)
DA:8,0
DA:11,0
LF:2
LH:0
BRDA:17,0,0,0
BRDA:17,0,1,0
BRF:2
BRH:0
end_of_record
TN:
SF:components/Footer.js
FN:8,Footer
FNF:1
FNH:1
FNDA:6,Footer
DA:9,6
DA:27,3
LF:2
LH:2
BRF:0
BRH:0
end_of_record
TN:
SF:components/GroupedBeltResults.js
FN:4,GroupedBeltResults
FN:5,(anonymous_1)
FN:15,(anonymous_2)
FNF:3
FNH:0
FNDA:0,GroupedBeltResults
FNDA:0,(anonymous_1)
FNDA:0,(anonymous_2)
DA:5,0
DA:7,0
DA:16,0
LF:3
LH:0
BRF:0
BRH:0
end_of_record
TN:
SF:components/Header.js
FN:9,Header
FNF:1
FNH:1
FNDA:10,Header
DA:10,10
DA:11,8
DA:12,8
DA:119,3
LF:4
LH:4
BRDA:38,0,0,6
BRDA:38,0,1,2
BRDA:39,1,0,0
BRDA:39,1,1,6
BRDA:42,2,0,0
BRDA:42,2,1,2
BRDA:47,3,0,6
BRDA:47,3,1,2
BRDA:58,4,0,8
BRDA:58,4,1,8
BRDA:59,5,0,6
BRDA:59,5,1,2
BRDA:63,6,0,6
BRDA:63,6,1,2
BRDA:65,7,0,6
BRDA:65,7,1,2
BRDA:73,8,0,8
BRDA:73,8,1,8
BRDA:74,9,0,6
BRDA:74,9,1,2
BRDA:79,10,0,6
BRDA:79,10,1,2
BRDA:81,11,0,6
BRDA:81,11,1,2
BRF:24
BRH:22
end_of_record
TN:
SF:components/Layout.js
FN:9,Layout
FNF:1
FNH:1
FNDA:6,Layout
DA:10,6
DA:12,5
DA:35,2
DA:39,2
LF:4
LH:4
BRDA:10,0,0,4
BRDA:10,0,1,1
BRF:2
BRH:2
end_of_record
TN:
SF:components/MetaData.js
FN:4,MetaData
FNF:1
FNH:1
FNDA:7,MetaData
DA:5,7
DA:7,7
LF:2
LH:2
BRDA:5,0,0,6
BRDA:5,0,1,1
BRF:2
BRH:2
end_of_record
TN:
SF:components/Navbar.js
FN:6,Navbar
FN:16,falsifyAllStates
FN:17,(anonymous_2)
FN:24,handleClick
FN:30,handleEscape
FN:38,(anonymous_5)
FN:38,(anonymous_6)
FN:54,(anonymous_7)
FN:55,(anonymous_8)
FN:74,(anonymous_9)
FN:108,(anonymous_10)
FN:109,(anonymous_11)
FN:131,(anonymous_12)
FN:132,(anonymous_13)
FNF:14
FNH:1
FNDA:11,Navbar
FNDA:0,falsifyAllStates
FNDA:0,(anonymous_2)
FNDA:0,handleClick
FNDA:0,handleEscape
FNDA:0,(anonymous_5)
FNDA:0,(anonymous_6)
FNDA:0,(anonymous_7)
FNDA:0,(anonymous_8)
FNDA:0,(anonymous_9)
FNDA:0,(anonymous_10)
FNDA:0,(anonymous_11)
FNDA:0,(anonymous_12)
FNDA:0,(anonymous_13)
DA:8,11
DA:9,11
DA:10,11
DA:11,11
DA:14,11
DA:17,0
DA:18,0
DA:25,0
DA:26,0
DA:31,0
DA:34,11
DA:38,0
DA:54,0
DA:56,0
DA:74,0
DA:108,0
DA:110,0
DA:131,0
DA:133,0
LF:19
LH:6
BRDA:31,0,0,0
BRDA:31,0,1,0
BRDA:45,1,0,11
BRDA:45,1,1,0
BRDA:56,2,0,0
BRDA:56,2,1,0
BRDA:64,3,0,0
BRDA:64,3,1,11
BRDA:83,4,0,0
BRDA:83,4,1,11
BRDA:110,5,0,0
BRDA:110,5,1,0
BRDA:118,6,0,0
BRDA:118,6,1,11
BRDA:133,7,0,0
BRDA:133,7,1,0
BRDA:141,8,0,0
BRDA:141,8,1,11
BRF:18
BRH:5
end_of_record
TN:
SF:components/Sidenav.js
FN:6,(anonymous_0)
FN:18,(anonymous_1)
FN:47,(anonymous_2)
FN:86,(anonymous_3)
FN:110,(anonymous_4)
FNF:5
FNH:0
FNDA:0,(anonymous_0)
FNDA:0,(anonymous_1)
FNDA:0,(anonymous_2)
FNDA:0,(anonymous_3)
FNDA:0,(anonymous_4)
DA:6,0
DA:7,0
DA:8,0
DA:9,0
DA:18,0
DA:48,0
DA:87,0
DA:111,0
LF:8
LH:0
BRDA:12,0,0,0
BRDA:12,0,1,0
BRDA:22,1,0,0
BRDA:22,1,1,0
BRDA:25,2,0,0
BRDA:25,2,1,0
BRDA:28,3,0,0
BRDA:28,3,1,0
BRDA:37,4,0,0
BRDA:37,4,1,0
BRDA:48,5,0,0
BRDA:48,5,1,0
BRDA:64,6,0,0
BRDA:64,6,1,0
BRDA:73,7,0,0
BRDA:73,7,1,0
BRDA:87,8,0,0
BRDA:87,8,1,0
BRDA:111,9,0,0
BRDA:111,9,1,0
BRF:20
BRH:0
end_of_record
TN:
SF:components/ThemeChanger.js
FN:5,ThemeChanger
FN:10,(anonymous_1)
FN:20,(anonymous_2)
FNF:3
FNH:2
FNDA:16,ThemeChanger
FNDA:8,(anonymous_1)
FNDA:0,(anonymous_2)
DA:6,16
DA:7,16
DA:10,16
DA:11,8
DA:14,16
DA:16,8
DA:20,0
LF:7
LH:6
BRDA:14,0,0,8
BRDA:14,0,1,8
BRDA:19,1,0,0
BRDA:19,1,1,8
BRDA:20,2,0,0
BRDA:20,2,1,0
BRDA:22,3,0,0
BRDA:22,3,1,8
BRF:8
BRH:4
end_of_record
TN:
SF:pages/404.js
FN:3,Custom404
FN:57,getStaticProps
FNF:2
FNH:2
FNDA:1,Custom404
FNDA:1,getStaticProps
DA:4,1
DA:59,1
DA:74,1
LF:3
LH:3
BRF:0
BRH:0
end_of_record
TN:
SF:pages/FAQ.js
FN:8,FAQ
FN:15,(anonymous_1)
FN:22,getStaticProps
FNF:3
FNH:0
FNDA:0,FAQ
FNDA:0,(anonymous_1)
FNDA:0,getStaticProps
DA:9,0
DA:10,0
DA:16,0
DA:27,0
DA:42,0
DA:47,0
LF:6
LH:0
BRDA:9,0,0,0
BRDA:9,0,1,0
BRF:2
BRH:0
end_of_record
TN:
SF:pages/_app.js
FN:5,MyApp
FNF:1
FNH:1
FNDA:1,MyApp
LF:0
LH:0
BRF:0
BRH:0
end_of_record
TN:
SF:pages/_error.js
FN:3,CustomError
FNF:1
FNH:1
FNDA:2,CustomError
DA:4,2
LF:1
LH:1
BRDA:9,0,0,1
BRDA:9,0,1,1
BRDA:37,1,0,1
BRDA:37,1,1,1
BRF:4
BRH:4
end_of_record
TN:
SF:pages/contact.js
FN:6,Contact
FN:11,handleChange
FN:12,(anonymous_2)
FN:18,handleSubmit
FN:169,getStaticProps
FNF:5
FNH:0
FNDA:0,Contact
FNDA:0,handleChange
FNDA:0,(anonymous_2)
FNDA:0,handleSubmit
FNDA:0,getStaticProps
DA:7,0
DA:8,0
DA:9,0
DA:12,0
DA:19,0
DA:20,0
DA:21,0
DA:22,0
DA:29,0
DA:30,0
DA:32,0
DA:36,0
DA:174,0
DA:189,0
LF:14
LH:0
BRDA:7,0,0,0
BRDA:7,0,1,0
BRDA:155,1,0,0
BRDA:155,1,1,0
BRDA:159,2,0,0
BRDA:159,2,1,0
BRDA:162,3,0,0
BRDA:162,3,1,0
BRF:8
BRH:0
end_of_record
TN:
SF:pages/engagement.js
FN:6,Engagement
FN:11,handleChange
FN:12,(anonymous_2)
FN:18,handleSubmit
FN:200,getStaticProps
FNF:5
FNH:4
FNDA:3,Engagement
FNDA:1,handleChange
FNDA:1,(anonymous_2)
FNDA:0,handleSubmit
FNDA:1,getStaticProps
DA:7,3
DA:8,3
DA:9,3
DA:12,1
DA:19,0
DA:20,0
DA:21,0
DA:22,0
DA:29,0
DA:31,0
DA:35,3
DA:205,1
DA:220,1
LF:13
LH:7
BRDA:7,0,0,3
BRDA:7,0,1,0
BRDA:186,1,0,3
BRDA:186,1,1,0
BRDA:190,2,0,0
BRDA:190,2,1,0
BRDA:193,3,0,0
BRDA:193,3,1,0
BRF:8
BRH:2
end_of_record
TN:
SF:pages/events.js
FN:13,Events
FN:40,getStaticProps
FNF:2
FNH:0
FNDA:0,Events
FNDA:0,getStaticProps
DA:14,0
DA:15,0
DA:17,0
DA:47,0
DA:62,0
DA:73,0
LF:6
LH:0
BRDA:15,0,0,0
BRDA:15,0,1,0
BRDA:21,1,0,0
BRDA:21,1,1,0
BRF:4
BRH:0
end_of_record
TN:
SF:pages/home.js
FN:10,Home
FN:18,(anonymous_1)
FN:23,(anonymous_2)
FN:129,getStaticProps
FNF:4
FNH:3
FNDA:1,Home
FNDA:1,(anonymous_1)
FNDA:0,(anonymous_2)
FNDA:1,getStaticProps
DA:13,1
DA:15,1
DA:16,1
DA:17,1
DA:18,1
DA:19,1
DA:22,1
DA:23,1
DA:24,0
DA:27,1
DA:134,1
DA:149,1
DA:154,1
LF:13
LH:12
BRDA:13,0,0,1
BRDA:13,0,1,0
BRDA:32,1,0,1
BRDA:32,1,1,0
BRDA:39,2,0,1
BRDA:39,2,1,1
BRDA:51,3,0,1
BRDA:51,3,1,0
BRDA:58,4,0,1
BRDA:58,4,1,1
BRDA:95,5,0,1
BRDA:95,5,1,0
BRDA:100,6,0,1
BRDA:100,6,1,0
BRF:14
BRH:9
end_of_record
TN:
SF:pages/index.js
FN:5,Index
FN:56,PageLayout
FN:60,getStaticProps
FNF:3
FNH:3
FNDA:2,Index
FNDA:1,PageLayout
FNDA:1,getStaticProps
DA:6,2
DA:56,2
DA:57,1
DA:62,1
DA:77,1
LF:5
LH:5
BRF:0
BRH:0
end_of_record
TN:
SF:pages/tools-and-resources.js
FN:8,ToolsAndResources
FN:12,(anonymous_1)
FN:16,(anonymous_2)
FN:83,(anonymous_3)
FN:86,(anonymous_4)
FN:101,(anonymous_5)
FN:102,(anonymous_6)
FN:111,getStaticProps
FNF:8
FNH:8
FNDA:4,ToolsAndResources
FNDA:100,(anonymous_1)
FNDA:3,(anonymous_2)
FNDA:104,(anonymous_3)
FNDA:1,(anonymous_4)
FNDA:100,(anonymous_5)
FNDA:14,(anonymous_6)
FNDA:1,getStaticProps
DA:9,4
DA:10,4
DA:11,4
DA:12,100
DA:16,4
DA:17,3
DA:20,4
DA:84,104
DA:86,1
DA:101,100
DA:103,14
DA:117,1
DA:132,1
LF:13
LH:13
BRDA:10,0,0,4
BRDA:10,0,1,0
BRDA:11,1,0,4
BRDA:11,1,1,0
BRDA:89,2,0,4
BRDA:89,2,1,100
BRDA:90,3,0,48
BRDA:90,3,1,56
BRDA:92,4,0,48
BRDA:92,4,1,56
BRF:10
BRH:8
end_of_record
TN:
SF:pages/about/coaches.js
FN:5,Coaches
FN:17,(anonymous_1)
FN:31,getStaticProps
FNF:3
FNH:0
FNDA:0,Coaches
FNDA:0,(anonymous_1)
FNDA:0,getStaticProps
DA:6,0
DA:18,0
DA:32,0
DA:39,0
DA:54,0
LF:5
LH:0
BRF:0
BRH:0
end_of_record
TN:
SF:pages/api/contact.js
FN:4,(anonymous_0)
FNF:1
FNH:0
FNDA:0,(anonymous_0)
DA:5,0
DA:6,0
DA:16,0
DA:17,0
DA:39,0
DA:41,0
DA:42,0
LF:7
LH:0
BRF:0
BRH:0
end_of_record
TN:
SF:pages/api/envAPIExample.js
FNF:0
FNH:0
LF:0
LH:0
BRF:0
BRH:0
end_of_record
TN:
SF:pages/api/metrics.js
FNF:0
FNH:0
LF:0
LH:0
BRF:0
BRH:0
end_of_record
TN:
SF:pages/api/revalidate.js
FN:1,handler
FNF:1
FNH:0
FNDA:0,handler
DA:3,0
DA:4,0
DA:7,0
DA:10,0
DA:11,0
DA:15,0
LF:6
LH:0
BRDA:3,0,0,0
BRDA:3,0,1,0
BRF:2
BRH:0
end_of_record
TN:
SF:pages/api/socket.js
FN:6,SocketHandler
FN:15,(anonymous_1)
FN:16,(anonymous_2)
FN:36,(anonymous_3)
FN:41,(anonymous_4)
FN:45,(anonymous_5)
FN:52,(anonymous_6)
FN:56,(anonymous_7)
FN:73,(anonymous_8)
FN:78,(anonymous_9)
FNF:10
FNH:0
FNDA:0,SocketHandler
FNDA:0,(anonymous_1)
FNDA:0,(anonymous_2)
FNDA:0,(anonymous_3)
FNDA:0,(anonymous_4)
FNDA:0,(anonymous_5)
FNDA:0,(anonymous_6)
FNDA:0,(anonymous_7)
FNDA:0,(anonymous_8)
FNDA:0,(anonymous_9)
DA:4,0
DA:7,0
DA:8,0
DA:9,0
DA:12,0
DA:13,0
DA:15,0
DA:16,0
DA:17,0
DA:18,0
DA:27,0
DA:28,0
DA:29,0
DA:30,0
DA:31,0
DA:32,0
DA:36,0
DA:37,0
DA:38,0
DA:41,0
DA:42,0
DA:45,0
DA:46,0
DA:47,0
DA:49,0
DA:52,0
DA:53,0
DA:56,0
DA:58,0
DA:59,0
DA:60,0
DA:65,0
DA:66,0
DA:67,0
DA:69,0
DA:70,0
DA:73,0
DA:74,0
DA:75,0
DA:78,0
DA:79,0
DA:80,0
DA:84,0
LF:43
LH:0
BRDA:7,0,0,0
BRDA:7,0,1,0
BRDA:17,1,0,0
BRDA:17,1,1,0
BRDA:29,2,0,0
BRDA:29,2,1,0
BRDA:58,3,0,0
BRDA:58,3,1,0
BRDA:59,4,0,0
BRDA:59,4,1,0
BRDA:66,5,0,0
BRDA:66,5,1,0
BRF:12
BRH:0
end_of_record
TN:
SF:pages/api/startEngagement.js
FN:4,(anonymous_0)
FNF:1
FNH:0
FNDA:0,(anonymous_0)
DA:5,0
DA:15,0
DA:16,0
DA:40,0
DA:42,0
LF:5
LH:0
BRF:0
BRH:0
end_of_record
TN:
SF:pages/belt-assessment/belt-results.js
FN:8,BeltResults
FN:13,(anonymous_1)
FN:43,(anonymous_2)
FN:54,(anonymous_3)
FN:60,(anonymous_4)
FN:73,getStaticProps
FNF:6
FNH:0
FNDA:0,BeltResults
FNDA:0,(anonymous_1)
FNDA:0,(anonymous_2)
FNDA:0,(anonymous_3)
FNDA:0,(anonymous_4)
FNDA:0,getStaticProps
DA:9,0
DA:10,0
DA:11,0
DA:13,0
DA:14,0
DA:15,0
DA:17,0
DA:21,0
DA:37,0
DA:44,0
DA:54,0
DA:61,0
DA:62,0
DA:81,0
DA:96,0
LF:15
LH:0
BRDA:9,0,0,0
BRDA:9,0,1,0
BRF:2
BRH:0
end_of_record
TN:
SF:pages/belt-assessment/belt-system.js
FN:6,BeltSystem
FN:27,getStaticProps
FNF:2
FNH:0
FNDA:0,BeltSystem
FNDA:0,getStaticProps
DA:7,0
DA:8,0
DA:35,0
DA:50,0
LF:4
LH:0
BRDA:7,0,0,0
BRDA:7,0,1,0
BRF:2
BRH:0
end_of_record
TN:
SF:pages/cms/[slug].js
FN:3,WP
FN:14,getStaticPaths
FN:21,getStaticProps
FNF:3
FNH:0
FNDA:0,WP
FNDA:0,getStaticPaths
FNDA:0,getStaticProps
DA:4,0
DA:6,0
DA:15,0
DA:22,0
DA:23,0
DA:24,0
DA:30,0
DA:45,0
LF:8
LH:0
BRDA:4,0,0,0
BRDA:4,0,1,0
BRF:2
BRH:0
end_of_record
TN:
SF:pages/cms/index.js
FN:4,CMS
FN:10,(anonymous_1)
FN:24,getStaticProps
FNF:3
FNH:0
FNDA:0,CMS
FNDA:0,(anonymous_1)
FNDA:0,getStaticProps
DA:5,0
DA:6,0
DA:11,0
DA:25,0
DA:26,0
DA:27,0
DA:28,0
DA:29,0
DA:30,0
DA:37,0
DA:52,0
LF:11
LH:0
BRDA:5,0,0,0
BRDA:5,0,1,0
BRF:2
BRH:0
end_of_record
TN:
SF:pages/rooms/[room].js
FN:12,Room
FN:25,(anonymous_1)
FN:27,(anonymous_2)
FN:36,(anonymous_3)
FN:41,(anonymous_4)
FN:44,(anonymous_5)
FN:52,(anonymous_6)
FN:56,(anonymous_7)
FN:68,(anonymous_8)
FN:72,(anonymous_9)
FN:76,(anonymous_10)
FN:80,(anonymous_11)
FN:85,handlePrincipleBtnClick
FN:95,handleCardClick
FN:99,handleHideClick
FN:103,handleClearCards
FN:107,handleTimerClick
FN:115,handleLeaveRoomClick
FN:121,handleChatSubmit
FN:146,(anonymous_19)
FN:159,(anonymous_20)
FN:174,(anonymous_21)
FN:181,(anonymous_22)
FN:191,(anonymous_23)
FN:205,(anonymous_24)
FN:212,(anonymous_25)
FN:219,(anonymous_26)
FN:226,(anonymous_27)
FN:233,(anonymous_28)
FN:270,(anonymous_29)
FN:323,(anonymous_30)
FN:349,(anonymous_31)
FN:383,(anonymous_32)
FN:432,getServerSideProps
FNF:34
FNH:0
FNDA:0,Room
FNDA:0,(anonymous_1)
FNDA:0,(anonymous_2)
FNDA:0,(anonymous_3)
FNDA:0,(anonymous_4)
FNDA:0,(anonymous_5)
FNDA:0,(anonymous_6)
FNDA:0,(anonymous_7)
FNDA:0,(anonymous_8)
FNDA:0,(anonymous_9)
FNDA:0,(anonymous_10)
FNDA:0,(anonymous_11)
FNDA:0,handlePrincipleBtnClick
FNDA:0,handleCardClick
FNDA:0,handleHideClick
FNDA:0,handleClearCards
FNDA:0,handleTimerClick
FNDA:0,handleLeaveRoomClick
FNDA:0,handleChatSubmit
FNDA:0,(anonymous_19)
FNDA:0,(anonymous_20)
FNDA:0,(anonymous_21)
FNDA:0,(anonymous_22)
FNDA:0,(anonymous_23)
FNDA:0,(anonymous_24)
FNDA:0,(anonymous_25)
FNDA:0,(anonymous_26)
FNDA:0,(anonymous_27)
FNDA:0,(anonymous_28)
FNDA:0,(anonymous_29)
FNDA:0,(anonymous_30)
FNDA:0,(anonymous_31)
FNDA:0,(anonymous_32)
FNDA:0,getServerSideProps
DA:13,0
DA:14,0
DA:15,0
DA:16,0
DA:18,0
DA:19,0
DA:20,0
DA:21,0
DA:22,0
DA:25,0
DA:26,0
DA:27,0
DA:28,0
DA:29,0
DA:30,0
DA:36,0
DA:37,0
DA:41,0
DA:43,0
DA:44,0
DA:45,0
DA:46,0
DA:47,0
DA:49,0
DA:52,0
DA:56,0
DA:57,0
DA:59,0
DA:61,0
DA:62,0
DA:63,0
DA:66,0
DA:68,0
DA:69,0
DA:72,0
DA:73,0
DA:76,0
DA:77,0
DA:80,0
DA:81,0
DA:86,0
DA:87,0
DA:88,0
DA:89,0
DA:91,0
DA:92,0
DA:96,0
DA:100,0
DA:104,0
DA:108,0
DA:109,0
DA:111,0
DA:112,0
DA:116,0
DA:117,0
DA:118,0
DA:122,0
DA:123,0
DA:124,0
DA:125,0
DA:126,0
DA:130,0
DA:146,0
DA:159,0
DA:174,0
DA:182,0
DA:192,0
DA:205,0
DA:212,0
DA:219,0
DA:226,0
DA:233,0
DA:271,0
DA:323,0
DA:349,0
DA:384,0
DA:437,0
DA:452,0
LF:78
LH:0
BRDA:26,0,0,0
BRDA:26,0,1,0
BRDA:43,1,0,0
BRDA:43,1,1,0
BRDA:45,2,0,0
BRDA:45,2,1,0
BRDA:61,3,0,0
BRDA:61,3,1,0
BRDA:108,4,0,0
BRDA:108,4,1,0
BRDA:124,5,0,0
BRDA:124,5,1,0
BRDA:138,6,0,0
BRDA:138,6,1,0
BRDA:138,6,2,0
BRDA:140,7,0,0
BRDA:140,7,1,0
BRDA:140,7,2,0
BRDA:140,7,3,0
BRDA:152,8,0,0
BRDA:152,8,1,0
BRDA:152,8,2,0
BRDA:152,8,3,0
BRDA:171,9,0,0
BRDA:171,9,1,0
BRDA:178,10,0,0
BRDA:178,10,1,0
BRDA:242,11,0,0
BRDA:242,11,1,0
BRDA:248,12,0,0
BRDA:248,12,1,0
BRDA:263,13,0,0
BRDA:263,13,1,0
BRDA:268,14,0,0
BRDA:268,14,1,0
BRDA:271,15,0,0
BRDA:271,15,1,0
BRDA:278,16,0,0
BRDA:278,16,1,0
BRDA:284,17,0,0
BRDA:284,17,1,0
BRDA:287,18,0,0
BRDA:287,18,1,0
BRDA:298,19,0,0
BRDA:298,19,1,0
BRDA:301,20,0,0
BRDA:301,20,1,0
BRDA:303,21,0,0
BRDA:303,21,1,0
BRDA:303,22,0,0
BRDA:303,22,1,0
BRDA:337,23,0,0
BRDA:337,23,1,0
BRDA:343,24,0,0
BRDA:343,24,1,0
BRDA:343,24,2,0
BRDA:363,25,0,0
BRDA:363,25,1,0
BRDA:382,26,0,0
BRDA:382,26,1,0
BRDA:387,27,0,0
BRDA:387,27,1,0
BRDA:395,28,0,0
BRDA:395,28,1,0
BRF:64
BRH:0
end_of_record
TN:
SF:pages/rooms/index.js
FN:4,randomRoom
FN:8,Home
FN:11,handleCreateRoom
FN:22,handleJoinRoom
FN:112,getStaticProps
FNF:5
FNH:0
FNDA:0,randomRoom
FNDA:0,Home
FNDA:0,handleCreateRoom
FNDA:0,handleJoinRoom
FNDA:0,getStaticProps
DA:5,0
DA:9,0
DA:12,0
DA:13,0
DA:14,0
DA:15,0
DA:16,0
DA:23,0
DA:24,0
DA:25,0
DA:26,0
DA:32,0
DA:117,0
DA:132,0
LF:14
LH:0
BRF:0
BRH:0
end_of_record
TN:
SF:pages/services/challenges.js
FN:7,Challenges
FN:20,(anonymous_1)
FN:57,(anonymous_2)
FN:70,getStaticProps
FNF:4
FNH:0
FNDA:0,Challenges
FNDA:0,(anonymous_1)
FNDA:0,(anonymous_2)
FNDA:0,getStaticProps
DA:8,0
DA:9,0
DA:11,0
DA:20,0
DA:57,0
DA:76,0
DA:91,0
LF:7
LH:0
BRDA:9,0,0,0
BRDA:9,0,1,0
BRF:2
BRH:0
end_of_record
TN:
SF:pages/services/consultations.js
FN:7,Consultations
FN:19,(anonymous_1)
FN:116,(anonymous_2)
FN:122,(anonymous_3)
FN:132,getStaticProps
FNF:5
FNH:0
FNDA:0,Consultations
FNDA:0,(anonymous_1)
FNDA:0,(anonymous_2)
FNDA:0,(anonymous_3)
FNDA:0,getStaticProps
DA:8,0
DA:9,0
DA:10,0
DA:19,0
DA:116,0
DA:122,0
DA:138,0
DA:153,0
LF:8
LH:0
BRDA:9,0,0,0
BRDA:9,0,1,0
BRF:2
BRH:0
end_of_record
TN:
SF:pages/services/index.js
FN:6,Services
FN:27,(anonymous_1)
FN:41,(anonymous_2)
FN:56,(anonymous_3)
FN:67,getStaticProps
FNF:5
FNH:3
FNDA:2,Services
FNDA:1,(anonymous_1)
FNDA:0,(anonymous_2)
FNDA:0,(anonymous_3)
FNDA:1,getStaticProps
DA:7,2
DA:8,2
DA:10,2
DA:27,1
DA:41,0
DA:56,0
DA:72,1
DA:87,1
LF:8
LH:6
BRDA:8,0,0,2
BRDA:8,0,1,0
BRF:2
BRH:1
end_of_record
TN:
SF:pages/services/workshops.js
FN:7,Workshops
FN:20,(anonymous_1)
FN:26,(anonymous_2)
FN:67,(anonymous_3)
FN:73,(anonymous_4)
FN:83,getStaticProps
FNF:6
FNH:0
FNDA:0,Workshops
FNDA:0,(anonymous_1)
FNDA:0,(anonymous_2)
FNDA:0,(anonymous_3)
FNDA:0,(anonymous_4)
FNDA:0,getStaticProps
DA:8,0
DA:9,0
DA:11,0
DA:20,0
DA:26,0
DA:67,0
DA:73,0
DA:89,0
DA:104,0
LF:9
LH:0
BRDA:9,0,0,0
BRDA:9,0,1,0
BRF:2
BRH:0
end_of_record
