{"/home/runner/work/digital-dojo-engagement/digital-dojo-engagement/components/BeltAssessment.js": {"path":"/home/runner/work/digital-dojo-engagement/digital-dojo-engagement/components/BeltAssessment.js","statementMap":{"0":{"start":{"line":929,"column":0},"end":{"line":929,"column":15}},"1":{"start":{"line":1,"column":36},"end":{"line":1,"column":null}},"2":{"start":{"line":2,"column":19},"end":{"line":2,"column":null}},"3":{"start":{"line":5,"column":28},"end":{"line":15,"column":4}},"4":{"start":{"line":17,"column":2},"end":{"line":21,"column":null}},"5":{"start":{"line":18,"column":4},"end":{"line":20,"column":null}},"6":{"start":{"line":19,"column":6},"end":{"line":19,"column":null}},"7":{"start":{"line":24,"column":14},"end":{"line":24,"column":27}},"8":{"start":{"line":25,"column":16},"end":{"line":25,"column":30}},"9":{"start":{"line":26,"column":4},"end":{"line":26,"column":null}},"10":{"start":{"line":26,"column":24},"end":{"line":26,"column":50}},"11":{"start":{"line":30,"column":4},"end":{"line":30,"column":null}},"12":{"start":{"line":32,"column":4},"end":{"line":32,"column":null}},"13":{"start":{"line":36,"column":4},"end":{"line":42,"column":null}},"14":{"start":{"line":45,"column":2},"end":{"line":925,"column":null}},"15":{"start":{"line":929,"column":15},"end":{"line":929,"column":29}}},"fnMap":{"0":{"name":"(anonymous_0)","decl":{"start":{"line":929,"column":0},"end":{"line":929,"column":15}},"loc":{"start":{"line":929,"column":0},"end":{"line":929,"column":15}}},"1":{"name":"BeltAssessment","decl":{"start":{"line":4,"column":9},"end":{"line":4,"column":23}},"loc":{"start":{"line":4,"column":31},"end":{"line":927,"column":null}}},"2":{"name":"(anonymous_3)","decl":{"start":{"line":17,"column":12},"end":{"line":17,"column":18}},"loc":{"start":{"line":17,"column":18},"end":{"line":21,"column":5}}},"3":{"name":"handleChange","decl":{"start":{"line":23,"column":11},"end":{"line":23,"column":23}},"loc":{"start":{"line":23,"column":27},"end":{"line":27,"column":null}}},"4":{"name":"(anonymous_5)","decl":{"start":{"line":26,"column":13},"end":{"line":26,"column":14}},"loc":{"start":{"line":26,"column":24},"end":{"line":26,"column":50}}},"5":{"name":"handleSubmit","decl":{"start":{"line":29,"column":11},"end":{"line":29,"column":23}},"loc":{"start":{"line":29,"column":27},"end":{"line":43,"column":null}}}},"branchMap":{"0":{"loc":{"start":{"line":18,"column":4},"end":{"line":20,"column":null}},"type":"if","locations":[{"start":{"line":18,"column":4},"end":{"line":20,"column":null}}]}},"s":{"0":2,"1":1,"2":1,"3":2,"4":2,"5":2,"6":0,"7":0,"8":0,"9":0,"10":0,"11":0,"12":0,"13":0,"14":2,"15":1},"f":{"0":2,"1":2,"2":2,"3":0,"4":0,"5":0},"b":{"0":[0]}}
,"/home/runner/work/digital-dojo-engagement/digital-dojo-engagement/components/BeltResult.js": {"path":"/home/runner/work/digital-dojo-engagement/digital-dojo-engagement/components/BeltResult.js","statementMap":{"0":{"start":{"line":34,"column":0},"end":{"line":34,"column":15}},"1":{"start":{"line":1,"column":46},"end":{"line":1,"column":null}},"2":{"start":{"line":2,"column":25},"end":{"line":2,"column":null}},"3":{"start":{"line":5,"column":26},"end":{"line":5,"column":41}},"4":{"start":{"line":6,"column":2},"end":{"line":30,"column":null}},"5":{"start":{"line":11,"column":25},"end":{"line":11,"column":39}},"6":{"start":{"line":34,"column":15},"end":{"line":34,"column":25}}},"fnMap":{"0":{"name":"(anonymous_0)","decl":{"start":{"line":34,"column":0},"end":{"line":34,"column":15}},"loc":{"start":{"line":34,"column":0},"end":{"line":34,"column":15}}},"1":{"name":"BeltResult","decl":{"start":{"line":4,"column":9},"end":{"line":4,"column":19}},"loc":{"start":{"line":4,"column":39},"end":{"line":32,"column":null}}},"2":{"name":"(anonymous_2)","decl":{"start":{"line":11,"column":19},"end":{"line":11,"column":25}},"loc":{"start":{"line":11,"column":25},"end":{"line":11,"column":39}}}},"branchMap":{"0":{"loc":{"start":{"line":15,"column":11},"end":{"line":15,"column":56}},"type":"cond-expr","locations":[{"start":{"line":15,"column":18},"end":{"line":15,"column":36}},{"start":{"line":15,"column":39},"end":{"line":15,"column":56}}]},"1":{"loc":{"start":{"line":19,"column":25},"end":{"line":19,"column":71}},"type":"cond-expr","locations":[{"start":{"line":19,"column":32},"end":{"line":19,"column":43}},{"start":{"line":19,"column":46},"end":{"line":19,"column":71}}]}},"s":{"0":0,"1":0,"2":0,"3":0,"4":0,"5":0,"6":0},"f":{"0":0,"1":0,"2":0},"b":{"0":[0,0],"1":[0,0]}}
,"/home/runner/work/digital-dojo-engagement/digital-dojo-engagement/components/Coach.js": {"path":"/home/runner/work/digital-dojo-engagement/digital-dojo-engagement/components/Coach.js","statementMap":{"0":{"start":{"line":23,"column":0},"end":{"line":23,"column":15}},"1":{"start":{"line":1,"column":33},"end":{"line":1,"column":null}},"2":{"start":{"line":2,"column":18},"end":{"line":2,"column":null}},"3":{"start":{"line":5,"column":2},"end":{"line":19,"column":null}},"4":{"start":{"line":23,"column":15},"end":{"line":23,"column":20}}},"fnMap":{"0":{"name":"(anonymous_0)","decl":{"start":{"line":23,"column":0},"end":{"line":23,"column":15}},"loc":{"start":{"line":23,"column":0},"end":{"line":23,"column":15}}},"1":{"name":"Coach","decl":{"start":{"line":4,"column":9},"end":{"line":4,"column":14}},"loc":{"start":{"line":4,"column":44},"end":{"line":21,"column":null}}}},"branchMap":{"0":{"loc":{"start":{"line":8,"column":9},"end":{"line":11,"column":52}},"type":"cond-expr","locations":[{"start":{"line":9,"column":10},"end":{"line":9,"column":null}},{"start":{"line":11,"column":10},"end":{"line":11,"column":52}}]},"1":{"loc":{"start":{"line":15,"column":9},"end":{"line":15,"column":23}},"type":"binary-expr","locations":[{"start":{"line":15,"column":9},"end":{"line":15,"column":13}},{"start":{"line":15,"column":17},"end":{"line":15,"column":23}}]},"2":{"loc":{"start":{"line":17,"column":42},"end":{"line":17,"column":58}},"type":"binary-expr","locations":[{"start":{"line":17,"column":42},"end":{"line":17,"column":47}},{"start":{"line":17,"column":51},"end":{"line":17,"column":58}}]},"3":{"loc":{"start":{"line":18,"column":42},"end":{"line":18,"column":58}},"type":"binary-expr","locations":[{"start":{"line":18,"column":42},"end":{"line":18,"column":47}},{"start":{"line":18,"column":51},"end":{"line":18,"column":58}}]}},"s":{"0":0,"1":0,"2":0,"3":0,"4":0},"f":{"0":0,"1":0},"b":{"0":[0,0],"1":[0,0],"2":[0,0],"3":[0,0]}}
,"/home/runner/work/digital-dojo-engagement/digital-dojo-engagement/components/DateModified.js": {"path":"/home/runner/work/digital-dojo-engagement/digital-dojo-engagement/components/DateModified.js","statementMap":{"0":{"start":{"line":6,"column":24},"end":{"line":6,"column":36}},"1":{"start":{"line":1,"column":22},"end":{"line":1,"column":null}},"2":{"start":{"line":7,"column":2},"end":{"line":11,"column":null}},"3":{"start":{"line":15,"column":0},"end":{"line":18,"column":null}},"4":{"start":{"line":20,"column":0},"end":{"line":26,"column":null}}},"fnMap":{"0":{"name":"(anonymous_0)","decl":{"start":{"line":6,"column":24},"end":{"line":6,"column":36}},"loc":{"start":{"line":6,"column":24},"end":{"line":6,"column":36}}}},"branchMap":{},"s":{"0":10,"1":4,"2":8,"3":4,"4":4},"f":{"0":18},"b":{}}
,"/home/runner/work/digital-dojo-engagement/digital-dojo-engagement/components/DottedLine.js": {"path":"/home/runner/work/digital-dojo-engagement/digital-dojo-engagement/components/DottedLine.js","statementMap":{"0":{"start":{"line":3,"column":24},"end":{"line":3,"column":34}},"1":{"start":{"line":1,"column":22},"end":{"line":1,"column":null}},"2":{"start":{"line":4,"column":2},"end":{"line":15,"column":null}},"3":{"start":{"line":10,"column":8},"end":{"line":12,"column":null}},"4":{"start":{"line":19,"column":0},"end":{"line":22,"column":null}},"5":{"start":{"line":24,"column":0},"end":{"line":26,"column":null}}},"fnMap":{"0":{"name":"(anonymous_0)","decl":{"start":{"line":3,"column":24},"end":{"line":3,"column":34}},"loc":{"start":{"line":3,"column":24},"end":{"line":3,"column":34}}},"1":{"name":"(anonymous_3)","decl":{"start":{"line":9,"column":31},"end":{"line":9,"column":32}},"loc":{"start":{"line":10,"column":8},"end":{"line":12,"column":null}}}},"branchMap":{},"s":{"0":10,"1":4,"2":10,"3":77,"4":4,"5":4},"f":{"0":20,"1":77},"b":{}}
,"/home/runner/work/digital-dojo-engagement/digital-dojo-engagement/components/ExpandableHeadline.js": {"path":"/home/runner/work/digital-dojo-engagement/digital-dojo-engagement/components/ExpandableHeadline.js","statementMap":{"0":{"start":{"line":5,"column":24},"end":{"line":5,"column":42}},"1":{"start":{"line":1,"column":27},"end":{"line":1,"column":null}},"2":{"start":{"line":2,"column":46},"end":{"line":2,"column":null}},"3":{"start":{"line":3,"column":28},"end":{"line":3,"column":null}},"4":{"start":{"line":8,"column":2},"end":{"line":24,"column":null}},"5":{"start":{"line":11,"column":8},"end":{"line":22,"column":14}}},"fnMap":{"0":{"name":"(anonymous_0)","decl":{"start":{"line":5,"column":24},"end":{"line":5,"column":42}},"loc":{"start":{"line":5,"column":24},"end":{"line":5,"column":42}}},"1":{"name":"(anonymous_2)","decl":{"start":{"line":10,"column":7},"end":{"line":10,"column":8}},"loc":{"start":{"line":11,"column":8},"end":{"line":22,"column":14}}}},"branchMap":{"0":{"loc":{"start":{"line":17,"column":15},"end":{"line":17,"column":60}},"type":"cond-expr","locations":[{"start":{"line":17,"column":22},"end":{"line":17,"column":40}},{"start":{"line":17,"column":43},"end":{"line":17,"column":60}}]}},"s":{"0":0,"1":0,"2":0,"3":0,"4":0,"5":0},"f":{"0":0,"1":0},"b":{"0":[0,0]}}
,"/home/runner/work/digital-dojo-engagement/digital-dojo-engagement/components/Footer.js": {"path":"/home/runner/work/digital-dojo-engagement/digital-dojo-engagement/components/Footer.js","statementMap":{"0":{"start":{"line":8,"column":24},"end":{"line":8,"column":30}},"1":{"start":{"line":1,"column":22},"end":{"line":1,"column":null}},"2":{"start":{"line":2,"column":25},"end":{"line":2,"column":null}},"3":{"start":{"line":9,"column":2},"end":{"line":23,"column":null}},"4":{"start":{"line":27,"column":0},"end":{"line":55,"column":null}}},"fnMap":{"0":{"name":"(anonymous_0)","decl":{"start":{"line":8,"column":24},"end":{"line":8,"column":30}},"loc":{"start":{"line":8,"column":24},"end":{"line":8,"column":30}}}},"branchMap":{},"s":{"0":6,"1":3,"2":3,"3":6,"4":3},"f":{"0":12},"b":{}}
,"/home/runner/work/digital-dojo-engagement/digital-dojo-engagement/components/GroupedBeltResults.js": {"path":"/home/runner/work/digital-dojo-engagement/digital-dojo-engagement/components/GroupedBeltResults.js","statementMap":{"0":{"start":{"line":22,"column":0},"end":{"line":22,"column":15}},"1":{"start":{"line":1,"column":23},"end":{"line":1,"column":null}},"2":{"start":{"line":2,"column":23},"end":{"line":2,"column":null}},"3":{"start":{"line":5,"column":25},"end":{"line":5,"column":62}},"4":{"start":{"line":5,"column":52},"end":{"line":5,"column":60}},"5":{"start":{"line":7,"column":2},"end":{"line":18,"column":null}},"6":{"start":{"line":16,"column":8},"end":{"line":16,"column":28}},"7":{"start":{"line":22,"column":15},"end":{"line":22,"column":33}}},"fnMap":{"0":{"name":"(anonymous_0)","decl":{"start":{"line":22,"column":0},"end":{"line":22,"column":15}},"loc":{"start":{"line":22,"column":0},"end":{"line":22,"column":15}}},"1":{"name":"GroupedBeltResults","decl":{"start":{"line":4,"column":9},"end":{"line":4,"column":27}},"loc":{"start":{"line":4,"column":55},"end":{"line":20,"column":null}}},"2":{"name":"(anonymous_3)","decl":{"start":{"line":5,"column":45},"end":{"line":5,"column":46}},"loc":{"start":{"line":5,"column":52},"end":{"line":5,"column":60}}},"3":{"name":"(anonymous_4)","decl":{"start":{"line":15,"column":16},"end":{"line":15,"column":17}},"loc":{"start":{"line":16,"column":8},"end":{"line":16,"column":28}}}},"branchMap":{},"s":{"0":0,"1":0,"2":0,"3":0,"4":0,"5":0,"6":0,"7":0},"f":{"0":0,"1":0,"2":0,"3":0},"b":{}}
,"/home/runner/work/digital-dojo-engagement/digital-dojo-engagement/components/Header.js": {"path":"/home/runner/work/digital-dojo-engagement/digital-dojo-engagement/components/Header.js","statementMap":{"0":{"start":{"line":10,"column":24},"end":{"line":10,"column":30}},"1":{"start":{"line":118,"column":22},"end":{"line":118,"column":36}},"2":{"start":{"line":1,"column":18},"end":{"line":1,"column":null}},"3":{"start":{"line":2,"column":18},"end":{"line":2,"column":null}},"4":{"start":{"line":3,"column":22},"end":{"line":3,"column":null}},"5":{"start":{"line":4,"column":17},"end":{"line":4,"column":null}},"6":{"start":{"line":5,"column":25},"end":{"line":5,"column":null}},"7":{"start":{"line":6,"column":25},"end":{"line":6,"column":null}},"8":{"start":{"line":7,"column":19},"end":{"line":7,"column":null}},"9":{"start":{"line":8,"column":22},"end":{"line":8,"column":null}},"10":{"start":{"line":11,"column":12},"end":{"line":11,"column":19}},"11":{"start":{"line":12,"column":20},"end":{"line":12,"column":30}},"12":{"start":{"line":13,"column":2},"end":{"line":113,"column":null}},"13":{"start":{"line":119,"column":2},"end":{"line":121,"column":null}},"14":{"start":{"line":124,"column":0},"end":{"line":142,"column":null}}},"fnMap":{"0":{"name":"(anonymous_1)","decl":{"start":{"line":115,"column":1},"end":{"line":115,"column":null}},"loc":{"start":{"line":10,"column":24},"end":{"line":10,"column":30}}},"1":{"name":"(anonymous_2)","decl":{"start":{"line":118,"column":36},"end":{"line":118,"column":37}},"loc":{"start":{"line":118,"column":22},"end":{"line":118,"column":36}}},"2":{"name":"Header","decl":{"start":{"line":10,"column":24},"end":{"line":10,"column":30}},"loc":{"start":{"line":10,"column":38},"end":{"line":115,"column":null}}},"3":{"name":"getStaticProps","decl":{"start":{"line":118,"column":22},"end":{"line":118,"column":36}},"loc":{"start":{"line":118,"column":49},"end":{"line":122,"column":null}}}},"branchMap":{"0":{"loc":{"start":{"line":39,"column":18},"end":{"line":45,"column":39}},"type":"cond-expr","locations":[{"start":{"line":40,"column":22},"end":{"line":42,"column":41}},{"start":{"line":43,"column":22},"end":{"line":45,"column":39}}]},"1":{"loc":{"start":{"line":40,"column":22},"end":{"line":42,"column":41}},"type":"cond-expr","locations":[{"start":{"line":41,"column":24},"end":{"line":41,"column":37}},{"start":{"line":42,"column":24},"end":{"line":42,"column":41}}]},"2":{"loc":{"start":{"line":43,"column":22},"end":{"line":45,"column":39}},"type":"cond-expr","locations":[{"start":{"line":44,"column":22},"end":{"line":44,"column":35}},{"start":{"line":45,"column":22},"end":{"line":45,"column":39}}]},"3":{"loc":{"start":{"line":48,"column":18},"end":{"line":50,"column":46}},"type":"cond-expr","locations":[{"start":{"line":49,"column":22},"end":{"line":49,"column":44}},{"start":{"line":50,"column":22},"end":{"line":50,"column":46}}]},"4":{"loc":{"start":{"line":62,"column":22},"end":{"line":62,"column":49}},"type":"binary-expr","locations":[{"start":{"line":62,"column":22},"end":{"line":62,"column":42}},{"start":{"line":62,"column":46},"end":{"line":62,"column":49}}]},"5":{"loc":{"start":{"line":63,"column":24},"end":{"line":63,"column":61}},"type":"cond-expr","locations":[{"start":{"line":63,"column":50},"end":{"line":63,"column":54}},{"start":{"line":63,"column":57},"end":{"line":63,"column":61}}]},"6":{"loc":{"start":{"line":67,"column":24},"end":{"line":67,"column":61}},"type":"cond-expr","locations":[{"start":{"line":67,"column":50},"end":{"line":67,"column":54}},{"start":{"line":67,"column":57},"end":{"line":67,"column":61}}]},"7":{"loc":{"start":{"line":69,"column":19},"end":{"line":69,"column":56}},"type":"cond-expr","locations":[{"start":{"line":69,"column":45},"end":{"line":69,"column":49}},{"start":{"line":69,"column":52},"end":{"line":69,"column":56}}]},"8":{"loc":{"start":{"line":77,"column":24},"end":{"line":77,"column":51}},"type":"binary-expr","locations":[{"start":{"line":77,"column":24},"end":{"line":77,"column":44}},{"start":{"line":77,"column":48},"end":{"line":77,"column":51}}]},"9":{"loc":{"start":{"line":78,"column":26},"end":{"line":78,"column":63}},"type":"cond-expr","locations":[{"start":{"line":78,"column":52},"end":{"line":78,"column":56}},{"start":{"line":78,"column":59},"end":{"line":78,"column":63}}]},"10":{"loc":{"start":{"line":83,"column":26},"end":{"line":83,"column":63}},"type":"cond-expr","locations":[{"start":{"line":83,"column":52},"end":{"line":83,"column":56}},{"start":{"line":83,"column":59},"end":{"line":83,"column":63}}]},"11":{"loc":{"start":{"line":85,"column":21},"end":{"line":85,"column":69}},"type":"cond-expr","locations":[{"start":{"line":85,"column":47},"end":{"line":85,"column":57}},{"start":{"line":85,"column":60},"end":{"line":85,"column":69}}]}},"s":{"0":8,"1":0,"2":3,"3":3,"4":3,"5":3,"6":3,"7":3,"8":3,"9":3,"10":10,"11":8,"12":8,"13":0,"14":3},"f":{"0":8,"1":0,"2":10,"3":0},"b":{"0":[6,2],"1":[0,6],"2":[0,2],"3":[6,2],"4":[8,8],"5":[6,2],"6":[6,2],"7":[6,2],"8":[8,8],"9":[6,2],"10":[6,2],"11":[6,2]}}
,"/home/runner/work/digital-dojo-engagement/digital-dojo-engagement/components/Layout.js": {"path":"/home/runner/work/digital-dojo-engagement/digital-dojo-engagement/components/Layout.js","statementMap":{"0":{"start":{"line":9,"column":24},"end":{"line":9,"column":30}},"1":{"start":{"line":1,"column":22},"end":{"line":1,"column":null}},"2":{"start":{"line":2,"column":19},"end":{"line":2,"column":null}},"3":{"start":{"line":3,"column":19},"end":{"line":3,"column":null}},"4":{"start":{"line":4,"column":21},"end":{"line":4,"column":null}},"5":{"start":{"line":6,"column":15},"end":{"line":6,"column":null}},"6":{"start":{"line":7,"column":15},"end":{"line":7,"column":null}},"7":{"start":{"line":10,"column":12},"end":{"line":10,"column":null}},"8":{"start":{"line":12,"column":2},"end":{"line":27,"column":null}},"9":{"start":{"line":35,"column":0},"end":{"line":37,"column":null}},"10":{"start":{"line":39,"column":0},"end":{"line":56,"column":null}}},"fnMap":{"0":{"name":"(anonymous_0)","decl":{"start":{"line":9,"column":24},"end":{"line":9,"column":30}},"loc":{"start":{"line":9,"column":24},"end":{"line":9,"column":30}}}},"branchMap":{"0":{"loc":{"start":{"line":10,"column":12},"end":{"line":10,"column":null}},"type":"cond-expr","locations":[{"start":{"line":10,"column":36},"end":{"line":10,"column":41}},{"start":{"line":10,"column":41},"end":{"line":10,"column":null}}]}},"s":{"0":5,"1":2,"2":2,"3":2,"4":2,"5":2,"6":2,"7":6,"8":5,"9":2,"10":2},"f":{"0":11},"b":{"0":[4,1]}}
,"/home/runner/work/digital-dojo-engagement/digital-dojo-engagement/components/MetaData.js": {"path":"/home/runner/work/digital-dojo-engagement/digital-dojo-engagement/components/MetaData.js","statementMap":{"0":{"start":{"line":4,"column":24},"end":{"line":4,"column":32}},"1":{"start":{"line":23,"column":22},"end":{"line":23,"column":36}},"2":{"start":{"line":1,"column":18},"end":{"line":1,"column":null}},"3":{"start":{"line":2,"column":17},"end":{"line":2,"column":null}},"4":{"start":{"line":5,"column":12},"end":{"line":5,"column":77}},"5":{"start":{"line":7,"column":2},"end":{"line":18,"column":null}},"6":{"start":{"line":24,"column":2},"end":{"line":26,"column":null}}},"fnMap":{"0":{"name":"(anonymous_1)","decl":{"start":{"line":20,"column":1},"end":{"line":20,"column":null}},"loc":{"start":{"line":4,"column":24},"end":{"line":4,"column":32}}},"1":{"name":"(anonymous_2)","decl":{"start":{"line":23,"column":36},"end":{"line":23,"column":37}},"loc":{"start":{"line":23,"column":22},"end":{"line":23,"column":36}}},"2":{"name":"MetaData","decl":{"start":{"line":4,"column":24},"end":{"line":4,"column":32}},"loc":{"start":{"line":4,"column":40},"end":{"line":20,"column":null}}},"3":{"name":"getStaticProps","decl":{"start":{"line":23,"column":22},"end":{"line":23,"column":36}},"loc":{"start":{"line":23,"column":49},"end":{"line":27,"column":null}}}},"branchMap":{"0":{"loc":{"start":{"line":5,"column":12},"end":{"line":5,"column":77}},"type":"cond-expr","locations":[{"start":{"line":5,"column":38},"end":{"line":5,"column":56}},{"start":{"line":5,"column":59},"end":{"line":5,"column":77}}]}},"s":{"0":7,"1":0,"2":3,"3":3,"4":7,"5":7,"6":0},"f":{"0":7,"1":0,"2":7,"3":0},"b":{"0":[6,1]}}
,"/home/runner/work/digital-dojo-engagement/digital-dojo-engagement/components/Navbar.js": {"path":"/home/runner/work/digital-dojo-engagement/digital-dojo-engagement/components/Navbar.js","statementMap":{"0":{"start":{"line":168,"column":0},"end":{"line":168,"column":15}},"1":{"start":{"line":1,"column":17},"end":{"line":1,"column":null}},"2":{"start":{"line":2,"column":25},"end":{"line":2,"column":null}},"3":{"start":{"line":3,"column":48},"end":{"line":3,"column":null}},"4":{"start":{"line":4,"column":32},"end":{"line":4,"column":null}},"5":{"start":{"line":8,"column":28},"end":{"line":8,"column":43}},"6":{"start":{"line":9,"column":38},"end":{"line":9,"column":53}},"7":{"start":{"line":10,"column":38},"end":{"line":10,"column":53}},"8":{"start":{"line":11,"column":34},"end":{"line":11,"column":49}},"9":{"start":{"line":14,"column":26},"end":{"line":14,"column":41}},"10":{"start":{"line":17,"column":5},"end":{"line":19,"column":null}},"11":{"start":{"line":18,"column":6},"end":{"line":18,"column":15}},"12":{"start":{"line":25,"column":4},"end":{"line":25,"column":null}},"13":{"start":{"line":26,"column":4},"end":{"line":26,"column":null}},"14":{"start":{"line":31,"column":4},"end":{"line":31,"column":null}},"15":{"start":{"line":31,"column":28},"end":{"line":31,"column":null}},"16":{"start":{"line":34,"column":2},"end":{"line":164,"column":null}},"17":{"start":{"line":38,"column":23},"end":{"line":38,"column":47}},"18":{"start":{"line":38,"column":41},"end":{"line":38,"column":46}},"19":{"start":{"line":54,"column":25},"end":{"line":54,"column":53}},"20":{"start":{"line":56,"column":12},"end":{"line":56,"column":67}},"21":{"start":{"line":74,"column":31},"end":{"line":74,"column":48}},"22":{"start":{"line":108,"column":25},"end":{"line":108,"column":63}},"23":{"start":{"line":110,"column":12},"end":{"line":110,"column":77}},"24":{"start":{"line":131,"column":25},"end":{"line":131,"column":63}},"25":{"start":{"line":133,"column":12},"end":{"line":133,"column":77}},"26":{"start":{"line":168,"column":15},"end":{"line":168,"column":21}}},"fnMap":{"0":{"name":"(anonymous_0)","decl":{"start":{"line":168,"column":0},"end":{"line":168,"column":15}},"loc":{"start":{"line":168,"column":0},"end":{"line":168,"column":15}}},"1":{"name":"Navbar","decl":{"start":{"line":6,"column":9},"end":{"line":6,"column":15}},"loc":{"start":{"line":6,"column":23},"end":{"line":166,"column":null}}},"2":{"name":"falsifyAllStates","decl":{"start":{"line":16,"column":11},"end":{"line":16,"column":27}},"loc":{"start":{"line":16,"column":30},"end":{"line":20,"column":null}}},"3":{"name":"(anonymous_4)","decl":{"start":{"line":17,"column":67},"end":{"line":17,"column":68}},"loc":{"start":{"line":18,"column":6},"end":{"line":18,"column":15}}},"4":{"name":"handleClick","decl":{"start":{"line":24,"column":11},"end":{"line":24,"column":22}},"loc":{"start":{"line":24,"column":38},"end":{"line":27,"column":null}}},"5":{"name":"handleEscape","decl":{"start":{"line":30,"column":11},"end":{"line":30,"column":23}},"loc":{"start":{"line":30,"column":27},"end":{"line":32,"column":null}}},"6":{"name":"(anonymous_7)","decl":{"start":{"line":38,"column":17},"end":{"line":38,"column":23}},"loc":{"start":{"line":38,"column":23},"end":{"line":38,"column":47}}},"7":{"name":"(anonymous_8)","decl":{"start":{"line":38,"column":31},"end":{"line":38,"column":32}},"loc":{"start":{"line":38,"column":41},"end":{"line":38,"column":46}}},"8":{"name":"(anonymous_9)","decl":{"start":{"line":54,"column":19},"end":{"line":54,"column":25}},"loc":{"start":{"line":54,"column":25},"end":{"line":54,"column":53}}},"9":{"name":"(anonymous_10)","decl":{"start":{"line":55,"column":21},"end":{"line":55,"column":22}},"loc":{"start":{"line":56,"column":12},"end":{"line":56,"column":67}}},"10":{"name":"(anonymous_11)","decl":{"start":{"line":74,"column":25},"end":{"line":74,"column":31}},"loc":{"start":{"line":74,"column":31},"end":{"line":74,"column":48}}},"11":{"name":"(anonymous_12)","decl":{"start":{"line":108,"column":19},"end":{"line":108,"column":25}},"loc":{"start":{"line":108,"column":25},"end":{"line":108,"column":63}}},"12":{"name":"(anonymous_13)","decl":{"start":{"line":109,"column":21},"end":{"line":109,"column":22}},"loc":{"start":{"line":110,"column":12},"end":{"line":110,"column":77}}},"13":{"name":"(anonymous_14)","decl":{"start":{"line":131,"column":19},"end":{"line":131,"column":25}},"loc":{"start":{"line":131,"column":25},"end":{"line":131,"column":63}}},"14":{"name":"(anonymous_15)","decl":{"start":{"line":132,"column":21},"end":{"line":132,"column":22}},"loc":{"start":{"line":133,"column":12},"end":{"line":133,"column":77}}}},"branchMap":{"0":{"loc":{"start":{"line":31,"column":4},"end":{"line":31,"column":null}},"type":"if","locations":[{"start":{"line":31,"column":4},"end":{"line":31,"column":null}}]},"1":{"loc":{"start":{"line":45,"column":10},"end":{"line":45,"column":39}},"type":"cond-expr","locations":[{"start":{"line":45,"column":18},"end":{"line":45,"column":34}},{"start":{"line":45,"column":37},"end":{"line":45,"column":39}}]},"2":{"loc":{"start":{"line":56,"column":12},"end":{"line":56,"column":67}},"type":"cond-expr","locations":[{"start":{"line":56,"column":32},"end":{"line":56,"column":60}},{"start":{"line":56,"column":63},"end":{"line":56,"column":67}}]},"3":{"loc":{"start":{"line":64,"column":14},"end":{"line":64,"column":65}},"type":"cond-expr","locations":[{"start":{"line":64,"column":22},"end":{"line":64,"column":54}},{"start":{"line":64,"column":57},"end":{"line":64,"column":65}}]},"4":{"loc":{"start":{"line":83,"column":14},"end":{"line":85,"column":165}},"type":"cond-expr","locations":[{"start":{"line":84,"column":18},"end":{"line":84,"column":155}},{"start":{"line":85,"column":18},"end":{"line":85,"column":165}}]},"5":{"loc":{"start":{"line":110,"column":12},"end":{"line":110,"column":77}},"type":"cond-expr","locations":[{"start":{"line":110,"column":32},"end":{"line":110,"column":70}},{"start":{"line":110,"column":73},"end":{"line":110,"column":77}}]},"6":{"loc":{"start":{"line":118,"column":14},"end":{"line":118,"column":70}},"type":"cond-expr","locations":[{"start":{"line":118,"column":27},"end":{"line":118,"column":59}},{"start":{"line":118,"column":62},"end":{"line":118,"column":70}}]},"7":{"loc":{"start":{"line":133,"column":12},"end":{"line":133,"column":77}},"type":"cond-expr","locations":[{"start":{"line":133,"column":32},"end":{"line":133,"column":70}},{"start":{"line":133,"column":73},"end":{"line":133,"column":77}}]},"8":{"loc":{"start":{"line":141,"column":14},"end":{"line":141,"column":70}},"type":"cond-expr","locations":[{"start":{"line":141,"column":27},"end":{"line":141,"column":59}},{"start":{"line":141,"column":62},"end":{"line":141,"column":70}}]}},"s":{"0":11,"1":4,"2":4,"3":4,"4":4,"5":11,"6":11,"7":11,"8":11,"9":11,"10":0,"11":0,"12":0,"13":0,"14":0,"15":0,"16":11,"17":0,"18":0,"19":0,"20":0,"21":0,"22":0,"23":0,"24":0,"25":0,"26":4},"f":{"0":11,"1":11,"2":0,"3":0,"4":0,"5":0,"6":0,"7":0,"8":0,"9":0,"10":0,"11":0,"12":0,"13":0,"14":0},"b":{"0":[0],"1":[11,0],"2":[0,0],"3":[0,11],"4":[0,11],"5":[0,0],"6":[0,11],"7":[0,0],"8":[0,11]}}
,"/home/runner/work/digital-dojo-engagement/digital-dojo-engagement/components/SearchBar.js": {"path":"/home/runner/work/digital-dojo-engagement/digital-dojo-engagement/components/SearchBar.js","statementMap":{"0":{"start":{"line":24,"column":0},"end":{"line":24,"column":15}},"1":{"start":{"line":1,"column":26},"end":{"line":1,"column":null}},"2":{"start":{"line":2,"column":25},"end":{"line":2,"column":null}},"3":{"start":{"line":5,"column":17},"end":{"line":5,"column":28}},"4":{"start":{"line":6,"column":30},"end":{"line":6,"column":42}},"5":{"start":{"line":9,"column":4},"end":{"line":9,"column":null}},"6":{"start":{"line":10,"column":4},"end":{"line":10,"column":null}},"7":{"start":{"line":13,"column":2},"end":{"line":20,"column":null}},"8":{"start":{"line":18,"column":25},"end":{"line":18,"column":50}},"9":{"start":{"line":24,"column":15},"end":{"line":24,"column":24}}},"fnMap":{"0":{"name":"(anonymous_0)","decl":{"start":{"line":24,"column":0},"end":{"line":24,"column":15}},"loc":{"start":{"line":24,"column":0},"end":{"line":24,"column":15}}},"1":{"name":"SearchBar","decl":{"start":{"line":4,"column":9},"end":{"line":4,"column":18}},"loc":{"start":{"line":4,"column":34},"end":{"line":22,"column":null}}},"2":{"name":"handleSubmit","decl":{"start":{"line":8,"column":11},"end":{"line":8,"column":23}},"loc":{"start":{"line":8,"column":27},"end":{"line":11,"column":null}}},"3":{"name":"(anonymous_3)","decl":{"start":{"line":18,"column":18},"end":{"line":18,"column":19}},"loc":{"start":{"line":18,"column":25},"end":{"line":18,"column":50}}}},"branchMap":{"0":{"loc":{"start":{"line":16,"column":19},"end":{"line":16,"column":73}},"type":"binary-expr","locations":[{"start":{"line":16,"column":19},"end":{"line":16,"column":28}},{"start":{"line":16,"column":32},"end":{"line":16,"column":73}}]}},"s":{"0":8,"1":3,"2":3,"3":8,"4":8,"5":0,"6":0,"7":8,"8":0,"9":3},"f":{"0":8,"1":8,"2":0,"3":0},"b":{"0":[8,8]}}
,"/home/runner/work/digital-dojo-engagement/digital-dojo-engagement/components/Sidenav.js": {"path":"/home/runner/work/digital-dojo-engagement/digital-dojo-engagement/components/Sidenav.js","statementMap":{"0":{"start":{"line":147,"column":0},"end":{"line":147,"column":15}},"1":{"start":{"line":1,"column":25},"end":{"line":1,"column":null}},"2":{"start":{"line":2,"column":17},"end":{"line":2,"column":null}},"3":{"start":{"line":3,"column":25},"end":{"line":3,"column":null}},"4":{"start":{"line":4,"column":26},"end":{"line":4,"column":null}},"5":{"start":{"line":6,"column":16},"end":{"line":145,"column":null}},"6":{"start":{"line":7,"column":25},"end":{"line":7,"column":36}},"7":{"start":{"line":8,"column":26},"end":{"line":8,"column":41}},"8":{"start":{"line":9,"column":2},"end":{"line":143,"column":null}},"9":{"start":{"line":18,"column":24},"end":{"line":18,"column":38}},"10":{"start":{"line":48,"column":12},"end":{"line":50,"column":20}},"11":{"start":{"line":87,"column":12},"end":{"line":89,"column":20}},"12":{"start":{"line":111,"column":12},"end":{"line":113,"column":20}},"13":{"start":{"line":147,"column":15},"end":{"line":147,"column":22}}},"fnMap":{"0":{"name":"(anonymous_0)","decl":{"start":{"line":147,"column":0},"end":{"line":147,"column":15}},"loc":{"start":{"line":147,"column":0},"end":{"line":147,"column":15}}},"1":{"name":"(anonymous_2)","decl":{"start":{"line":6,"column":16},"end":{"line":6,"column":17}},"loc":{"start":{"line":6,"column":27},"end":{"line":145,"column":null}}},"2":{"name":"(anonymous_3)","decl":{"start":{"line":18,"column":17},"end":{"line":18,"column":18}},"loc":{"start":{"line":18,"column":24},"end":{"line":18,"column":38}}},"3":{"name":"(anonymous_4)","decl":{"start":{"line":47,"column":21},"end":{"line":47,"column":22}},"loc":{"start":{"line":48,"column":12},"end":{"line":50,"column":20}}},"4":{"name":"(anonymous_5)","decl":{"start":{"line":86,"column":21},"end":{"line":86,"column":22}},"loc":{"start":{"line":87,"column":12},"end":{"line":89,"column":20}}},"5":{"name":"(anonymous_6)","decl":{"start":{"line":110,"column":21},"end":{"line":110,"column":22}},"loc":{"start":{"line":111,"column":12},"end":{"line":113,"column":20}}}},"branchMap":{"0":{"loc":{"start":{"line":12,"column":8},"end":{"line":12,"column":41}},"type":"cond-expr","locations":[{"start":{"line":12,"column":15},"end":{"line":12,"column":23}},{"start":{"line":12,"column":26},"end":{"line":12,"column":41}}]},"1":{"loc":{"start":{"line":22,"column":12},"end":{"line":22,"column":66}},"type":"cond-expr","locations":[{"start":{"line":22,"column":19},"end":{"line":22,"column":61}},{"start":{"line":22,"column":64},"end":{"line":22,"column":66}}]},"2":{"loc":{"start":{"line":25,"column":49},"end":{"line":25,"column":69}},"type":"cond-expr","locations":[{"start":{"line":25,"column":56},"end":{"line":25,"column":64}},{"start":{"line":25,"column":67},"end":{"line":25,"column":69}}]},"3":{"loc":{"start":{"line":28,"column":12},"end":{"line":28,"column":67}},"type":"cond-expr","locations":[{"start":{"line":28,"column":19},"end":{"line":28,"column":62}},{"start":{"line":28,"column":65},"end":{"line":28,"column":67}}]},"4":{"loc":{"start":{"line":37,"column":14},"end":{"line":37,"column":68}},"type":"cond-expr","locations":[{"start":{"line":37,"column":33},"end":{"line":37,"column":63}},{"start":{"line":37,"column":66},"end":{"line":37,"column":68}}]},"5":{"loc":{"start":{"line":48,"column":12},"end":{"line":50,"column":20}},"type":"cond-expr","locations":[{"start":{"line":49,"column":17},"end":{"line":49,"column":65}},{"start":{"line":50,"column":16},"end":{"line":50,"column":20}}]},"6":{"loc":{"start":{"line":64,"column":16},"end":{"line":64,"column":79}},"type":"cond-expr","locations":[{"start":{"line":64,"column":44},"end":{"line":64,"column":74}},{"start":{"line":64,"column":77},"end":{"line":64,"column":79}}]},"7":{"loc":{"start":{"line":73,"column":16},"end":{"line":75,"column":22}},"type":"cond-expr","locations":[{"start":{"line":74,"column":20},"end":{"line":74,"column":50}},{"start":{"line":75,"column":20},"end":{"line":75,"column":22}}]},"8":{"loc":{"start":{"line":87,"column":12},"end":{"line":89,"column":20}},"type":"cond-expr","locations":[{"start":{"line":88,"column":17},"end":{"line":88,"column":72}},{"start":{"line":89,"column":16},"end":{"line":89,"column":20}}]},"9":{"loc":{"start":{"line":111,"column":12},"end":{"line":113,"column":20}},"type":"cond-expr","locations":[{"start":{"line":112,"column":17},"end":{"line":112,"column":72}},{"start":{"line":113,"column":16},"end":{"line":113,"column":20}}]}},"s":{"0":0,"1":0,"2":0,"3":0,"4":0,"5":0,"6":0,"7":0,"8":0,"9":0,"10":0,"11":0,"12":0,"13":0},"f":{"0":0,"1":0,"2":0,"3":0,"4":0,"5":0},"b":{"0":[0,0],"1":[0,0],"2":[0,0],"3":[0,0],"4":[0,0],"5":[0,0],"6":[0,0],"7":[0,0],"8":[0,0],"9":[0,0]}}
,"/home/runner/work/digital-dojo-engagement/digital-dojo-engagement/components/ThemeChanger.js": {"path":"/home/runner/work/digital-dojo-engagement/digital-dojo-engagement/components/ThemeChanger.js","statementMap":{"0":{"start":{"line":5,"column":24},"end":{"line":5,"column":36}},"1":{"start":{"line":1,"column":25},"end":{"line":1,"column":null}},"2":{"start":{"line":2,"column":30},"end":{"line":2,"column":null}},"3":{"start":{"line":3,"column":36},"end":{"line":3,"column":null}},"4":{"start":{"line":6,"column":30},"end":{"line":6,"column":40}},"5":{"start":{"line":7,"column":36},"end":{"line":7,"column":51}},"6":{"start":{"line":10,"column":2},"end":{"line":12,"column":null}},"7":{"start":{"line":11,"column":4},"end":{"line":11,"column":null}},"8":{"start":{"line":14,"column":2},"end":{"line":14,"column":null}},"9":{"start":{"line":14,"column":18},"end":{"line":14,"column":null}},"10":{"start":{"line":16,"column":2},"end":{"line":23,"column":null}},"11":{"start":{"line":20,"column":21},"end":{"line":20,"column":66}}},"fnMap":{"0":{"name":"(anonymous_0)","decl":{"start":{"line":5,"column":24},"end":{"line":5,"column":36}},"loc":{"start":{"line":5,"column":24},"end":{"line":5,"column":36}}},"1":{"name":"(anonymous_2)","decl":{"start":{"line":10,"column":12},"end":{"line":10,"column":18}},"loc":{"start":{"line":10,"column":18},"end":{"line":12,"column":5}}},"2":{"name":"(anonymous_3)","decl":{"start":{"line":20,"column":15},"end":{"line":20,"column":21}},"loc":{"start":{"line":20,"column":21},"end":{"line":20,"column":66}}}},"branchMap":{"0":{"loc":{"start":{"line":14,"column":2},"end":{"line":14,"column":null}},"type":"if","locations":[{"start":{"line":14,"column":2},"end":{"line":14,"column":null}}]},"1":{"loc":{"start":{"line":19,"column":28},"end":{"line":19,"column":63}},"type":"cond-expr","locations":[{"start":{"line":19,"column":47},"end":{"line":19,"column":54}},{"start":{"line":19,"column":57},"end":{"line":19,"column":63}}]},"2":{"loc":{"start":{"line":20,"column":30},"end":{"line":20,"column":65}},"type":"cond-expr","locations":[{"start":{"line":20,"column":49},"end":{"line":20,"column":56}},{"start":{"line":20,"column":59},"end":{"line":20,"column":65}}]},"3":{"loc":{"start":{"line":22,"column":7},"end":{"line":22,"column":48}},"type":"cond-expr","locations":[{"start":{"line":22,"column":26},"end":{"line":22,"column":35}},{"start":{"line":22,"column":38},"end":{"line":22,"column":48}}]}},"s":{"0":8,"1":3,"2":3,"3":3,"4":16,"5":16,"6":16,"7":8,"8":16,"9":8,"10":8,"11":0},"f":{"0":24,"1":8,"2":0},"b":{"0":[8],"1":[0,8],"2":[0,0],"3":[0,8]}}
,"/home/runner/work/digital-dojo-engagement/digital-dojo-engagement/pages/404.js": {"path":"/home/runner/work/digital-dojo-engagement/digital-dojo-engagement/pages/404.js","statementMap":{"0":{"start":{"line":3,"column":24},"end":{"line":3,"column":33}},"1":{"start":{"line":57,"column":22},"end":{"line":57,"column":36}},"2":{"start":{"line":1,"column":17},"end":{"line":1,"column":null}},"3":{"start":{"line":4,"column":2},"end":{"line":53,"column":null}},"4":{"start":{"line":59,"column":15},"end":{"line":72,"column":null}},"5":{"start":{"line":74,"column":2},"end":{"line":76,"column":null}}},"fnMap":{"0":{"name":"(anonymous_1)","decl":{"start":{"line":55,"column":1},"end":{"line":55,"column":null}},"loc":{"start":{"line":3,"column":24},"end":{"line":3,"column":33}}},"1":{"name":"(anonymous_2)","decl":{"start":{"line":57,"column":36},"end":{"line":57,"column":37}},"loc":{"start":{"line":57,"column":22},"end":{"line":57,"column":36}}},"2":{"name":"Custom404","decl":{"start":{"line":3,"column":24},"end":{"line":3,"column":33}},"loc":{"start":{"line":3,"column":36},"end":{"line":55,"column":null}}},"3":{"name":"getStaticProps","decl":{"start":{"line":57,"column":22},"end":{"line":57,"column":36}},"loc":{"start":{"line":57,"column":49},"end":{"line":77,"column":null}}}},"branchMap":{},"s":{"0":1,"1":1,"2":1,"3":1,"4":1,"5":1},"f":{"0":1,"1":1,"2":1,"3":1},"b":{}}
,"/home/runner/work/digital-dojo-engagement/digital-dojo-engagement/pages/FAQ.js": {"path":"/home/runner/work/digital-dojo-engagement/digital-dojo-engagement/pages/FAQ.js","statementMap":{"0":{"start":{"line":9,"column":24},"end":{"line":9,"column":27}},"1":{"start":{"line":23,"column":22},"end":{"line":23,"column":36}},"2":{"start":{"line":1,"column":22},"end":{"line":1,"column":null}},"3":{"start":{"line":2,"column":29},"end":{"line":2,"column":null}},"4":{"start":{"line":3,"column":31},"end":{"line":3,"column":null}},"5":{"start":{"line":4,"column":23},"end":{"line":4,"column":null}},"6":{"start":{"line":6,"column":18},"end":{"line":6,"column":null}},"7":{"start":{"line":7,"column":18},"end":{"line":7,"column":null}},"8":{"start":{"line":10,"column":12},"end":{"line":10,"column":null}},"9":{"start":{"line":11,"column":2},"end":{"line":19,"column":null}},"10":{"start":{"line":17,"column":8},"end":{"line":17,"column":null}},"11":{"start":{"line":24,"column":18},"end":{"line":24,"column":38}},"12":{"start":{"line":30,"column":15},"end":{"line":43,"column":null}},"13":{"start":{"line":45,"column":2},"end":{"line":47,"column":null}},"14":{"start":{"line":50,"column":0},"end":{"line":60,"column":null}}},"fnMap":{"0":{"name":"(anonymous_1)","decl":{"start":{"line":21,"column":1},"end":{"line":21,"column":null}},"loc":{"start":{"line":9,"column":24},"end":{"line":9,"column":27}}},"1":{"name":"(anonymous_2)","decl":{"start":{"line":23,"column":36},"end":{"line":23,"column":37}},"loc":{"start":{"line":23,"column":22},"end":{"line":23,"column":36}}},"2":{"name":"FAQ","decl":{"start":{"line":9,"column":24},"end":{"line":9,"column":27}},"loc":{"start":{"line":9,"column":35},"end":{"line":21,"column":null}}},"3":{"name":"(anonymous_5)","decl":{"start":{"line":16,"column":21},"end":{"line":16,"column":22}},"loc":{"start":{"line":16,"column":42},"end":{"line":18,"column":8}}},"4":{"name":"getStaticProps","decl":{"start":{"line":23,"column":22},"end":{"line":23,"column":36}},"loc":{"start":{"line":23,"column":49},"end":{"line":48,"column":null}}}},"branchMap":{"0":{"loc":{"start":{"line":10,"column":12},"end":{"line":10,"column":null}},"type":"cond-expr","locations":[{"start":{"line":10,"column":36},"end":{"line":10,"column":44}},{"start":{"line":10,"column":44},"end":{"line":10,"column":null}}]}},"s":{"0":0,"1":0,"2":0,"3":0,"4":0,"5":0,"6":0,"7":0,"8":0,"9":0,"10":0,"11":0,"12":0,"13":0,"14":0},"f":{"0":0,"1":0,"2":0,"3":0,"4":0},"b":{"0":[0,0]}}
,"/home/runner/work/digital-dojo-engagement/digital-dojo-engagement/pages/_app.js": {"path":"/home/runner/work/digital-dojo-engagement/digital-dojo-engagement/pages/_app.js","statementMap":{"0":{"start":{"line":25,"column":0},"end":{"line":25,"column":15}},"1":{"start":{"line":1,"column":7},"end":{"line":1,"column":null}},"2":{"start":{"line":2,"column":19},"end":{"line":2,"column":null}},"3":{"start":{"line":3,"column":30},"end":{"line":3,"column":null}},"4":{"start":{"line":25,"column":15},"end":{"line":25,"column":20}}},"fnMap":{"0":{"name":"(anonymous_0)","decl":{"start":{"line":25,"column":0},"end":{"line":25,"column":15}},"loc":{"start":{"line":25,"column":0},"end":{"line":25,"column":15}}},"1":{"name":"MyApp","decl":{"start":{"line":5,"column":9},"end":{"line":5,"column":14}},"loc":{"start":{"line":5,"column":41},"end":{"line":23,"column":null}}}},"branchMap":{},"s":{"0":1,"1":1,"2":1,"3":1,"4":1},"f":{"0":1,"1":1},"b":{}}
,"/home/runner/work/digital-dojo-engagement/digital-dojo-engagement/pages/_error.js": {"path":"/home/runner/work/digital-dojo-engagement/digital-dojo-engagement/pages/_error.js","statementMap":{"0":{"start":{"line":66,"column":22},"end":{"line":66,"column":40}},"1":{"start":{"line":91,"column":0},"end":{"line":91,"column":15}},"2":{"start":{"line":1,"column":17},"end":{"line":1,"column":null}},"3":{"start":{"line":4,"column":2},"end":{"line":61,"column":null}},"4":{"start":{"line":67,"column":21},"end":{"line":67,"column":70}},"5":{"start":{"line":70,"column":15},"end":{"line":83,"column":null}},"6":{"start":{"line":85,"column":2},"end":{"line":88,"column":null}},"7":{"start":{"line":91,"column":15},"end":{"line":91,"column":26}}},"fnMap":{"0":{"name":"(anonymous_1)","decl":{"start":{"line":66,"column":40},"end":{"line":66,"column":41}},"loc":{"start":{"line":66,"column":22},"end":{"line":66,"column":40}}},"1":{"name":"(anonymous_2)","decl":{"start":{"line":91,"column":26},"end":{"line":91,"column":null}},"loc":{"start":{"line":91,"column":0},"end":{"line":91,"column":15}}},"2":{"name":"CustomError","decl":{"start":{"line":3,"column":9},"end":{"line":3,"column":20}},"loc":{"start":{"line":3,"column":37},"end":{"line":63,"column":null}}},"3":{"name":"getServerSideProps","decl":{"start":{"line":66,"column":22},"end":{"line":66,"column":40}},"loc":{"start":{"line":66,"column":55},"end":{"line":89,"column":null}}}},"branchMap":{"0":{"loc":{"start":{"line":9,"column":11},"end":{"line":11,"column":43}},"type":"cond-expr","locations":[{"start":{"line":10,"column":14},"end":{"line":10,"column":57}},{"start":{"line":11,"column":14},"end":{"line":11,"column":43}}]},"1":{"loc":{"start":{"line":37,"column":11},"end":{"line":39,"column":45}},"type":"cond-expr","locations":[{"start":{"line":38,"column":14},"end":{"line":38,"column":36}},{"start":{"line":39,"column":14},"end":{"line":39,"column":45}}]},"2":{"loc":{"start":{"line":67,"column":21},"end":{"line":67,"column":70}},"type":"cond-expr","locations":[{"start":{"line":67,"column":27},"end":{"line":67,"column":41}},{"start":{"line":67,"column":44},"end":{"line":67,"column":70}}]},"3":{"loc":{"start":{"line":67,"column":44},"end":{"line":67,"column":70}},"type":"cond-expr","locations":[{"start":{"line":67,"column":50},"end":{"line":67,"column":64}},{"start":{"line":67,"column":67},"end":{"line":67,"column":70}}]}},"s":{"0":0,"1":2,"2":1,"3":2,"4":0,"5":0,"6":0,"7":1},"f":{"0":0,"1":2,"2":2,"3":0},"b":{"0":[1,1],"1":[1,1],"2":[0,0],"3":[0,0]}}
,"/home/runner/work/digital-dojo-engagement/digital-dojo-engagement/pages/contact.js": {"path":"/home/runner/work/digital-dojo-engagement/digital-dojo-engagement/pages/contact.js","statementMap":{"0":{"start":{"line":6,"column":24},"end":{"line":6,"column":31}},"1":{"start":{"line":169,"column":22},"end":{"line":169,"column":36}},"2":{"start":{"line":1,"column":23},"end":{"line":1,"column":null}},"3":{"start":{"line":2,"column":15},"end":{"line":2,"column":null}},"4":{"start":{"line":3,"column":15},"end":{"line":3,"column":null}},"5":{"start":{"line":4,"column":25},"end":{"line":4,"column":null}},"6":{"start":{"line":7,"column":12},"end":{"line":7,"column":null}},"7":{"start":{"line":8,"column":28},"end":{"line":8,"column":40}},"8":{"start":{"line":9,"column":30},"end":{"line":9,"column":40}},"9":{"start":{"line":12,"column":4},"end":{"line":15,"column":null}},"10":{"start":{"line":12,"column":24},"end":{"line":15,"column":6}},"11":{"start":{"line":19,"column":4},"end":{"line":19,"column":null}},"12":{"start":{"line":20,"column":4},"end":{"line":33,"column":null}},"13":{"start":{"line":21,"column":6},"end":{"line":21,"column":null}},"14":{"start":{"line":22,"column":16},"end":{"line":28,"column":8}},"15":{"start":{"line":29,"column":6},"end":{"line":29,"column":null}},"16":{"start":{"line":30,"column":6},"end":{"line":30,"column":null}},"17":{"start":{"line":32,"column":6},"end":{"line":32,"column":null}},"18":{"start":{"line":36,"column":2},"end":{"line":165,"column":null}},"19":{"start":{"line":174,"column":15},"end":{"line":187,"column":null}},"20":{"start":{"line":189,"column":2},"end":{"line":191,"column":null}}},"fnMap":{"0":{"name":"(anonymous_1)","decl":{"start":{"line":167,"column":1},"end":{"line":167,"column":null}},"loc":{"start":{"line":6,"column":24},"end":{"line":6,"column":31}}},"1":{"name":"(anonymous_2)","decl":{"start":{"line":169,"column":36},"end":{"line":169,"column":37}},"loc":{"start":{"line":169,"column":22},"end":{"line":169,"column":36}}},"2":{"name":"Contact","decl":{"start":{"line":6,"column":24},"end":{"line":6,"column":31}},"loc":{"start":{"line":6,"column":44},"end":{"line":167,"column":null}}},"3":{"name":"handleChange","decl":{"start":{"line":11,"column":11},"end":{"line":11,"column":23}},"loc":{"start":{"line":11,"column":27},"end":{"line":16,"column":null}}},"4":{"name":"(anonymous_6)","decl":{"start":{"line":12,"column":13},"end":{"line":12,"column":14}},"loc":{"start":{"line":12,"column":24},"end":{"line":15,"column":6}}},"5":{"name":"handleSubmit","decl":{"start":{"line":18,"column":17},"end":{"line":18,"column":29}},"loc":{"start":{"line":18,"column":33},"end":{"line":34,"column":null}}},"6":{"name":"getStaticProps","decl":{"start":{"line":169,"column":22},"end":{"line":169,"column":36}},"loc":{"start":{"line":169,"column":49},"end":{"line":192,"column":null}}}},"branchMap":{"0":{"loc":{"start":{"line":7,"column":12},"end":{"line":7,"column":null}},"type":"cond-expr","locations":[{"start":{"line":7,"column":30},"end":{"line":7,"column":35}},{"start":{"line":7,"column":35},"end":{"line":7,"column":null}}]},"1":{"loc":{"start":{"line":155,"column":7},"end":{"line":163,"column":14}},"type":"binary-expr","locations":[{"start":{"line":155,"column":7},"end":{"line":155,"column":13}},{"start":{"line":156,"column":8},"end":{"line":163,"column":14}}]},"2":{"loc":{"start":{"line":159,"column":12},"end":{"line":159,"column":58}},"type":"cond-expr","locations":[{"start":{"line":159,"column":29},"end":{"line":159,"column":43}},{"start":{"line":159,"column":46},"end":{"line":159,"column":58}}]},"3":{"loc":{"start":{"line":162,"column":13},"end":{"line":162,"column":58}},"type":"cond-expr","locations":[{"start":{"line":162,"column":30},"end":{"line":162,"column":41}},{"start":{"line":162,"column":44},"end":{"line":162,"column":58}}]}},"s":{"0":0,"1":0,"2":0,"3":0,"4":0,"5":0,"6":0,"7":0,"8":0,"9":0,"10":0,"11":0,"12":0,"13":0,"14":0,"15":0,"16":0,"17":0,"18":0,"19":0,"20":0},"f":{"0":0,"1":0,"2":0,"3":0,"4":0,"5":0,"6":0},"b":{"0":[0,0],"1":[0,0],"2":[0,0],"3":[0,0]}}
,"/home/runner/work/digital-dojo-engagement/digital-dojo-engagement/pages/engagement.js": {"path":"/home/runner/work/digital-dojo-engagement/digital-dojo-engagement/pages/engagement.js","statementMap":{"0":{"start":{"line":6,"column":24},"end":{"line":6,"column":34}},"1":{"start":{"line":200,"column":22},"end":{"line":200,"column":36}},"2":{"start":{"line":1,"column":23},"end":{"line":1,"column":null}},"3":{"start":{"line":2,"column":15},"end":{"line":2,"column":null}},"4":{"start":{"line":3,"column":15},"end":{"line":3,"column":null}},"5":{"start":{"line":4,"column":25},"end":{"line":4,"column":null}},"6":{"start":{"line":7,"column":12},"end":{"line":7,"column":null}},"7":{"start":{"line":8,"column":28},"end":{"line":8,"column":40}},"8":{"start":{"line":9,"column":30},"end":{"line":9,"column":40}},"9":{"start":{"line":12,"column":4},"end":{"line":15,"column":null}},"10":{"start":{"line":12,"column":24},"end":{"line":15,"column":6}},"11":{"start":{"line":19,"column":4},"end":{"line":19,"column":null}},"12":{"start":{"line":20,"column":4},"end":{"line":32,"column":null}},"13":{"start":{"line":21,"column":6},"end":{"line":21,"column":null}},"14":{"start":{"line":22,"column":16},"end":{"line":28,"column":8}},"15":{"start":{"line":29,"column":6},"end":{"line":29,"column":null}},"16":{"start":{"line":31,"column":6},"end":{"line":31,"column":null}},"17":{"start":{"line":35,"column":2},"end":{"line":196,"column":null}},"18":{"start":{"line":205,"column":15},"end":{"line":218,"column":null}},"19":{"start":{"line":220,"column":2},"end":{"line":222,"column":null}}},"fnMap":{"0":{"name":"(anonymous_1)","decl":{"start":{"line":198,"column":1},"end":{"line":198,"column":null}},"loc":{"start":{"line":6,"column":24},"end":{"line":6,"column":34}}},"1":{"name":"(anonymous_2)","decl":{"start":{"line":200,"column":36},"end":{"line":200,"column":37}},"loc":{"start":{"line":200,"column":22},"end":{"line":200,"column":36}}},"2":{"name":"Engagement","decl":{"start":{"line":6,"column":24},"end":{"line":6,"column":34}},"loc":{"start":{"line":6,"column":47},"end":{"line":198,"column":null}}},"3":{"name":"handleChange","decl":{"start":{"line":11,"column":11},"end":{"line":11,"column":23}},"loc":{"start":{"line":11,"column":27},"end":{"line":16,"column":null}}},"4":{"name":"(anonymous_6)","decl":{"start":{"line":12,"column":13},"end":{"line":12,"column":14}},"loc":{"start":{"line":12,"column":24},"end":{"line":15,"column":6}}},"5":{"name":"handleSubmit","decl":{"start":{"line":18,"column":17},"end":{"line":18,"column":29}},"loc":{"start":{"line":18,"column":33},"end":{"line":33,"column":null}}},"6":{"name":"getStaticProps","decl":{"start":{"line":200,"column":22},"end":{"line":200,"column":36}},"loc":{"start":{"line":200,"column":49},"end":{"line":223,"column":null}}}},"branchMap":{"0":{"loc":{"start":{"line":7,"column":12},"end":{"line":7,"column":null}},"type":"cond-expr","locations":[{"start":{"line":7,"column":30},"end":{"line":7,"column":35}},{"start":{"line":7,"column":35},"end":{"line":7,"column":null}}]},"1":{"loc":{"start":{"line":186,"column":7},"end":{"line":194,"column":14}},"type":"binary-expr","locations":[{"start":{"line":186,"column":7},"end":{"line":186,"column":13}},{"start":{"line":187,"column":8},"end":{"line":194,"column":14}}]},"2":{"loc":{"start":{"line":190,"column":12},"end":{"line":190,"column":58}},"type":"cond-expr","locations":[{"start":{"line":190,"column":29},"end":{"line":190,"column":43}},{"start":{"line":190,"column":46},"end":{"line":190,"column":58}}]},"3":{"loc":{"start":{"line":193,"column":13},"end":{"line":193,"column":58}},"type":"cond-expr","locations":[{"start":{"line":193,"column":30},"end":{"line":193,"column":41}},{"start":{"line":193,"column":44},"end":{"line":193,"column":58}}]}},"s":{"0":2,"1":1,"2":1,"3":1,"4":1,"5":1,"6":3,"7":3,"8":3,"9":1,"10":1,"11":0,"12":0,"13":0,"14":0,"15":0,"16":0,"17":3,"18":1,"19":1},"f":{"0":2,"1":1,"2":3,"3":1,"4":1,"5":0,"6":1},"b":{"0":[3,0],"1":[3,0],"2":[0,0],"3":[0,0]}}
,"/home/runner/work/digital-dojo-engagement/digital-dojo-engagement/pages/home.js": {"path":"/home/runner/work/digital-dojo-engagement/digital-dojo-engagement/pages/home.js","statementMap":{"0":{"start":{"line":12,"column":24},"end":{"line":12,"column":28}},"1":{"start":{"line":131,"column":22},"end":{"line":131,"column":36}},"2":{"start":{"line":1,"column":22},"end":{"line":1,"column":null}},"3":{"start":{"line":2,"column":15},"end":{"line":2,"column":null}},"4":{"start":{"line":3,"column":15},"end":{"line":3,"column":null}},"5":{"start":{"line":4,"column":19},"end":{"line":4,"column":null}},"6":{"start":{"line":5,"column":19},"end":{"line":5,"column":null}},"7":{"start":{"line":6,"column":19},"end":{"line":6,"column":null}},"8":{"start":{"line":7,"column":36},"end":{"line":7,"column":null}},"9":{"start":{"line":8,"column":23},"end":{"line":8,"column":null}},"10":{"start":{"line":10,"column":29},"end":{"line":10,"column":null}},"11":{"start":{"line":15,"column":13},"end":{"line":15,"column":null}},"12":{"start":{"line":17,"column":2},"end":{"line":17,"column":null}},"13":{"start":{"line":18,"column":2},"end":{"line":18,"column":null}},"14":{"start":{"line":19,"column":2},"end":{"line":19,"column":null}},"15":{"start":{"line":20,"column":2},"end":{"line":22,"column":null}},"16":{"start":{"line":21,"column":4},"end":{"line":21,"column":null}},"17":{"start":{"line":24,"column":28},"end":{"line":24,"column":39}},"18":{"start":{"line":25,"column":22},"end":{"line":27,"column":null}},"19":{"start":{"line":26,"column":4},"end":{"line":26,"column":null}},"20":{"start":{"line":29,"column":2},"end":{"line":127,"column":null}},"21":{"start":{"line":132,"column":18},"end":{"line":132,"column":38}},"22":{"start":{"line":138,"column":15},"end":{"line":151,"column":null}},"23":{"start":{"line":153,"column":2},"end":{"line":155,"column":null}},"24":{"start":{"line":158,"column":0},"end":{"line":168,"column":null}}},"fnMap":{"0":{"name":"(anonymous_1)","decl":{"start":{"line":129,"column":1},"end":{"line":129,"column":null}},"loc":{"start":{"line":12,"column":24},"end":{"line":12,"column":28}}},"1":{"name":"(anonymous_2)","decl":{"start":{"line":131,"column":36},"end":{"line":131,"column":37}},"loc":{"start":{"line":131,"column":22},"end":{"line":131,"column":36}}},"2":{"name":"Home","decl":{"start":{"line":12,"column":24},"end":{"line":12,"column":28}},"loc":{"start":{"line":12,"column":36},"end":{"line":129,"column":null}}},"3":{"name":"(anonymous_5)","decl":{"start":{"line":20,"column":12},"end":{"line":20,"column":18}},"loc":{"start":{"line":20,"column":18},"end":{"line":22,"column":5}}},"4":{"name":"(anonymous_6)","decl":{"start":{"line":25,"column":22},"end":{"line":25,"column":23}},"loc":{"start":{"line":25,"column":29},"end":{"line":27,"column":null}}},"5":{"name":"getStaticProps","decl":{"start":{"line":131,"column":22},"end":{"line":131,"column":36}},"loc":{"start":{"line":131,"column":49},"end":{"line":156,"column":null}}}},"branchMap":{"0":{"loc":{"start":{"line":15,"column":13},"end":{"line":15,"column":null}},"type":"cond-expr","locations":[{"start":{"line":15,"column":37},"end":{"line":15,"column":46}},{"start":{"line":15,"column":46},"end":{"line":15,"column":null}}]},"1":{"loc":{"start":{"line":34,"column":28},"end":{"line":34,"column":45}},"type":"binary-expr","locations":[{"start":{"line":34,"column":28},"end":{"line":34,"column":33}},{"start":{"line":34,"column":37},"end":{"line":34,"column":45}}]},"2":{"loc":{"start":{"line":41,"column":28},"end":{"line":41,"column":46}},"type":"binary-expr","locations":[{"start":{"line":41,"column":28},"end":{"line":41,"column":34}},{"start":{"line":41,"column":38},"end":{"line":41,"column":46}}]},"3":{"loc":{"start":{"line":53,"column":18},"end":{"line":53,"column":40}},"type":"binary-expr","locations":[{"start":{"line":53,"column":18},"end":{"line":53,"column":23}},{"start":{"line":53,"column":27},"end":{"line":53,"column":40}}]},"4":{"loc":{"start":{"line":60,"column":18},"end":{"line":60,"column":41}},"type":"binary-expr","locations":[{"start":{"line":60,"column":18},"end":{"line":60,"column":24}},{"start":{"line":60,"column":28},"end":{"line":60,"column":41}}]},"5":{"loc":{"start":{"line":97,"column":37},"end":{"line":97,"column":72}},"type":"cond-expr","locations":[{"start":{"line":97,"column":61},"end":{"line":97,"column":65}},{"start":{"line":97,"column":68},"end":{"line":97,"column":72}}]},"6":{"loc":{"start":{"line":102,"column":38},"end":{"line":102,"column":73}},"type":"cond-expr","locations":[{"start":{"line":102,"column":62},"end":{"line":102,"column":66}},{"start":{"line":102,"column":69},"end":{"line":102,"column":73}}]}},"s":{"0":1,"1":1,"2":1,"3":1,"4":1,"5":1,"6":1,"7":1,"8":1,"9":1,"10":1,"11":1,"12":1,"13":1,"14":1,"15":1,"16":1,"17":1,"18":1,"19":0,"20":1,"21":1,"22":1,"23":1,"24":1},"f":{"0":1,"1":1,"2":1,"3":1,"4":0,"5":1},"b":{"0":[1,0],"1":[1,0],"2":[1,1],"3":[1,0],"4":[1,1],"5":[1,0],"6":[1,0]}}
,"/home/runner/work/digital-dojo-engagement/digital-dojo-engagement/pages/index.js": {"path":"/home/runner/work/digital-dojo-engagement/digital-dojo-engagement/pages/index.js","statementMap":{"0":{"start":{"line":6,"column":24},"end":{"line":6,"column":29}},"1":{"start":{"line":61,"column":22},"end":{"line":61,"column":36}},"2":{"start":{"line":1,"column":18},"end":{"line":1,"column":null}},"3":{"start":{"line":2,"column":17},"end":{"line":2,"column":null}},"4":{"start":{"line":3,"column":21},"end":{"line":3,"column":null}},"5":{"start":{"line":4,"column":21},"end":{"line":4,"column":null}},"6":{"start":{"line":7,"column":2},"end":{"line":53,"column":null}},"7":{"start":{"line":57,"column":0},"end":{"line":59,"column":null}},"8":{"start":{"line":58,"column":2},"end":{"line":58,"column":null}},"9":{"start":{"line":63,"column":2},"end":{"line":63,"column":null}},"10":{"start":{"line":63,"column":20},"end":{"line":63,"column":61}},"11":{"start":{"line":66,"column":15},"end":{"line":79,"column":null}},"12":{"start":{"line":81,"column":2},"end":{"line":83,"column":null}}},"fnMap":{"0":{"name":"(anonymous_1)","decl":{"start":{"line":55,"column":1},"end":{"line":55,"column":null}},"loc":{"start":{"line":6,"column":24},"end":{"line":6,"column":29}}},"1":{"name":"(anonymous_2)","decl":{"start":{"line":61,"column":36},"end":{"line":61,"column":37}},"loc":{"start":{"line":61,"column":22},"end":{"line":61,"column":36}}},"2":{"name":"Index","decl":{"start":{"line":6,"column":24},"end":{"line":6,"column":29}},"loc":{"start":{"line":6,"column":37},"end":{"line":55,"column":null}}},"3":{"name":"PageLayout","decl":{"start":{"line":57,"column":27},"end":{"line":57,"column":37}},"loc":{"start":{"line":57,"column":44},"end":{"line":59,"column":null}}},"4":{"name":"getStaticProps","decl":{"start":{"line":61,"column":22},"end":{"line":61,"column":36}},"loc":{"start":{"line":61,"column":49},"end":{"line":84,"column":null}}},"5":{"name":"(anonymous_7)","decl":{"start":{"line":63,"column":14},"end":{"line":63,"column":20}},"loc":{"start":{"line":63,"column":20},"end":{"line":63,"column":61}}}},"branchMap":{},"s":{"0":2,"1":1,"2":2,"3":2,"4":2,"5":2,"6":2,"7":2,"8":1,"9":1,"10":1,"11":1,"12":1},"f":{"0":2,"1":1,"2":2,"3":1,"4":1,"5":1},"b":{}}
,"/home/runner/work/digital-dojo-engagement/digital-dojo-engagement/pages/tools-and-resources.js": {"path":"/home/runner/work/digital-dojo-engagement/digital-dojo-engagement/pages/tools-and-resources.js","statementMap":{"0":{"start":{"line":8,"column":24},"end":{"line":8,"column":41}},"1":{"start":{"line":111,"column":22},"end":{"line":111,"column":36}},"2":{"start":{"line":1,"column":23},"end":{"line":1,"column":null}},"3":{"start":{"line":2,"column":36},"end":{"line":2,"column":null}},"4":{"start":{"line":3,"column":15},"end":{"line":3,"column":null}},"5":{"start":{"line":4,"column":15},"end":{"line":4,"column":null}},"6":{"start":{"line":5,"column":21},"end":{"line":5,"column":null}},"7":{"start":{"line":6,"column":21},"end":{"line":6,"column":null}},"8":{"start":{"line":9,"column":28},"end":{"line":9,"column":41}},"9":{"start":{"line":10,"column":12},"end":{"line":10,"column":null}},"10":{"start":{"line":11,"column":16},"end":{"line":11,"column":null}},"11":{"start":{"line":12,"column":20},"end":{"line":12,"column":70}},"12":{"start":{"line":12,"column":61},"end":{"line":12,"column":68}},"13":{"start":{"line":16,"column":2},"end":{"line":18,"column":null}},"14":{"start":{"line":17,"column":4},"end":{"line":17,"column":null}},"15":{"start":{"line":20,"column":2},"end":{"line":107,"column":null}},"16":{"start":{"line":84,"column":12},"end":{"line":85,"column":null}},"17":{"start":{"line":86,"column":30},"end":{"line":86,"column":54}},"18":{"start":{"line":101,"column":30},"end":{"line":101,"column":47}},"19":{"start":{"line":103,"column":14},"end":{"line":103,"column":31}},"20":{"start":{"line":117,"column":15},"end":{"line":130,"column":null}},"21":{"start":{"line":132,"column":2},"end":{"line":134,"column":null}}},"fnMap":{"0":{"name":"(anonymous_1)","decl":{"start":{"line":109,"column":1},"end":{"line":109,"column":null}},"loc":{"start":{"line":8,"column":24},"end":{"line":8,"column":41}}},"1":{"name":"(anonymous_2)","decl":{"start":{"line":111,"column":36},"end":{"line":111,"column":37}},"loc":{"start":{"line":111,"column":22},"end":{"line":111,"column":36}}},"2":{"name":"ToolsAndResources","decl":{"start":{"line":8,"column":24},"end":{"line":8,"column":41}},"loc":{"start":{"line":8,"column":54},"end":{"line":109,"column":null}}},"3":{"name":"(anonymous_5)","decl":{"start":{"line":12,"column":51},"end":{"line":12,"column":52}},"loc":{"start":{"line":12,"column":61},"end":{"line":12,"column":68}}},"4":{"name":"(anonymous_6)","decl":{"start":{"line":16,"column":12},"end":{"line":16,"column":18}},"loc":{"start":{"line":16,"column":18},"end":{"line":18,"column":5}}},"5":{"name":"(anonymous_7)","decl":{"start":{"line":83,"column":49},"end":{"line":83,"column":50}},"loc":{"start":{"line":84,"column":12},"end":{"line":85,"column":null}}},"6":{"name":"(anonymous_8)","decl":{"start":{"line":86,"column":23},"end":{"line":86,"column":24}},"loc":{"start":{"line":86,"column":30},"end":{"line":86,"column":54}}},"7":{"name":"(anonymous_9)","decl":{"start":{"line":101,"column":20},"end":{"line":101,"column":21}},"loc":{"start":{"line":101,"column":30},"end":{"line":101,"column":47}}},"8":{"name":"(anonymous_10)","decl":{"start":{"line":102,"column":17},"end":{"line":102,"column":18}},"loc":{"start":{"line":103,"column":14},"end":{"line":103,"column":31}}},"9":{"name":"getStaticProps","decl":{"start":{"line":111,"column":22},"end":{"line":111,"column":36}},"loc":{"start":{"line":111,"column":49},"end":{"line":135,"column":null}}}},"branchMap":{"0":{"loc":{"start":{"line":10,"column":12},"end":{"line":10,"column":null}},"type":"cond-expr","locations":[{"start":{"line":10,"column":30},"end":{"line":10,"column":35}},{"start":{"line":10,"column":35},"end":{"line":10,"column":null}}]},"1":{"loc":{"start":{"line":11,"column":16},"end":{"line":11,"column":null}},"type":"cond-expr","locations":[{"start":{"line":11,"column":34},"end":{"line":11,"column":45}},{"start":{"line":11,"column":45},"end":{"line":11,"column":null}}]},"2":{"loc":{"start":{"line":89,"column":16},"end":{"line":89,"column":70}},"type":"cond-expr","locations":[{"start":{"line":89,"column":35},"end":{"line":89,"column":65}},{"start":{"line":89,"column":68},"end":{"line":89,"column":70}}]},"3":{"loc":{"start":{"line":90,"column":18},"end":{"line":90,"column":59}},"type":"cond-expr","locations":[{"start":{"line":90,"column":42},"end":{"line":90,"column":44}},{"start":{"line":90,"column":47},"end":{"line":90,"column":59}}]},"4":{"loc":{"start":{"line":92,"column":24},"end":{"line":92,"column":54}},"type":"cond-expr","locations":[{"start":{"line":92,"column":48},"end":{"line":92,"column":49}},{"start":{"line":92,"column":52},"end":{"line":92,"column":54}}]}},"s":{"0":3,"1":1,"2":1,"3":1,"4":1,"5":1,"6":1,"7":1,"8":4,"9":4,"10":4,"11":4,"12":100,"13":4,"14":3,"15":4,"16":104,"17":1,"18":100,"19":14,"20":1,"21":1},"f":{"0":3,"1":1,"2":4,"3":100,"4":3,"5":104,"6":1,"7":100,"8":14,"9":1},"b":{"0":[4,0],"1":[4,0],"2":[4,100],"3":[48,56],"4":[48,56]}}
,"/home/runner/work/digital-dojo-engagement/digital-dojo-engagement/pages/about/coaches.js": {"path":"/home/runner/work/digital-dojo-engagement/digital-dojo-engagement/pages/about/coaches.js","statementMap":{"0":{"start":{"line":5,"column":24},"end":{"line":5,"column":31}},"1":{"start":{"line":31,"column":22},"end":{"line":31,"column":36}},"2":{"start":{"line":1,"column":18},"end":{"line":1,"column":null}},"3":{"start":{"line":2,"column":22},"end":{"line":2,"column":null}},"4":{"start":{"line":3,"column":23},"end":{"line":3,"column":null}},"5":{"start":{"line":6,"column":2},"end":{"line":27,"column":null}},"6":{"start":{"line":18,"column":10},"end":{"line":19,"column":null}},"7":{"start":{"line":32,"column":20},"end":{"line":32,"column":38}},"8":{"start":{"line":39,"column":15},"end":{"line":52,"column":null}},"9":{"start":{"line":54,"column":2},"end":{"line":56,"column":null}}},"fnMap":{"0":{"name":"(anonymous_1)","decl":{"start":{"line":29,"column":1},"end":{"line":29,"column":null}},"loc":{"start":{"line":5,"column":24},"end":{"line":5,"column":31}}},"1":{"name":"(anonymous_2)","decl":{"start":{"line":31,"column":36},"end":{"line":31,"column":37}},"loc":{"start":{"line":31,"column":22},"end":{"line":31,"column":36}}},"2":{"name":"Coaches","decl":{"start":{"line":5,"column":24},"end":{"line":5,"column":31}},"loc":{"start":{"line":5,"column":49},"end":{"line":29,"column":null}}},"3":{"name":"(anonymous_5)","decl":{"start":{"line":17,"column":25},"end":{"line":17,"column":26}},"loc":{"start":{"line":18,"column":10},"end":{"line":19,"column":null}}},"4":{"name":"getStaticProps","decl":{"start":{"line":31,"column":22},"end":{"line":31,"column":36}},"loc":{"start":{"line":31,"column":49},"end":{"line":57,"column":null}}}},"branchMap":{},"s":{"0":0,"1":0,"2":0,"3":0,"4":0,"5":0,"6":0,"7":0,"8":0,"9":0},"f":{"0":0,"1":0,"2":0,"3":0,"4":0},"b":{}}
,"/home/runner/work/digital-dojo-engagement/digital-dojo-engagement/pages/api/contact.js": {"path":"/home/runner/work/digital-dojo-engagement/digital-dojo-engagement/pages/api/contact.js","statementMap":{"0":{"start":{"line":4,"column":0},"end":{"line":4,"column":15}},"1":{"start":{"line":1,"column":23},"end":{"line":1,"column":null}},"2":{"start":{"line":2,"column":25},"end":{"line":2,"column":null}},"3":{"start":{"line":5,"column":2},"end":{"line":5,"column":null}},"4":{"start":{"line":6,"column":22},"end":{"line":14,"column":4}},"5":{"start":{"line":16,"column":2},"end":{"line":43,"column":null}},"6":{"start":{"line":17,"column":4},"end":{"line":38,"column":null}},"7":{"start":{"line":39,"column":4},"end":{"line":39,"column":null}},"8":{"start":{"line":41,"column":4},"end":{"line":41,"column":null}},"9":{"start":{"line":42,"column":4},"end":{"line":42,"column":null}}},"fnMap":{"0":{"name":"(anonymous_0)","decl":{"start":{"line":4,"column":0},"end":{"line":4,"column":15}},"loc":{"start":{"line":4,"column":0},"end":{"line":4,"column":15}}}},"branchMap":{},"s":{"0":0,"1":0,"2":0,"3":0,"4":0,"5":0,"6":0,"7":0,"8":0,"9":0},"f":{"0":0},"b":{}}
,"/home/runner/work/digital-dojo-engagement/digital-dojo-engagement/pages/api/searchPages.js": {"path":"/home/runner/work/digital-dojo-engagement/digital-dojo-engagement/pages/api/searchPages.js","statementMap":{"0":{"start":{"line":5,"column":0},"end":{"line":5,"column":15}},"1":{"start":{"line":1,"column":15},"end":{"line":1,"column":null}},"2":{"start":{"line":2,"column":17},"end":{"line":2,"column":null}},"3":{"start":{"line":3,"column":20},"end":{"line":3,"column":null}},"4":{"start":{"line":6,"column":11},"end":{"line":6,"column":61}},"5":{"start":{"line":6,"column":51},"end":{"line":6,"column":52}},"6":{"start":{"line":7,"column":2},"end":{"line":18,"column":null}},"7":{"start":{"line":8,"column":17},"end":{"line":10,"column":null}},"8":{"start":{"line":12,"column":18},"end":{"line":13,"column":null}},"9":{"start":{"line":13,"column":6},"end":{"line":13,"column":38}},"10":{"start":{"line":15,"column":4},"end":{"line":15,"column":null}},"11":{"start":{"line":17,"column":4},"end":{"line":17,"column":null}}},"fnMap":{"0":{"name":"(anonymous_0)","decl":{"start":{"line":5,"column":0},"end":{"line":5,"column":15}},"loc":{"start":{"line":5,"column":0},"end":{"line":5,"column":15}}},"1":{"name":"(anonymous_3)","decl":{"start":{"line":6,"column":44},"end":{"line":6,"column":45}},"loc":{"start":{"line":6,"column":51},"end":{"line":6,"column":52}}},"2":{"name":"(anonymous_4)","decl":{"start":{"line":12,"column":42},"end":{"line":12,"column":43}},"loc":{"start":{"line":13,"column":6},"end":{"line":13,"column":38}}}},"branchMap":{},"s":{"0":0,"1":0,"2":0,"3":0,"4":0,"5":0,"6":0,"7":0,"8":0,"9":0,"10":0,"11":0},"f":{"0":0,"1":0,"2":0},"b":{}}
,"/home/runner/work/digital-dojo-engagement/digital-dojo-engagement/pages/api/startEngagement.js": {"path":"/home/runner/work/digital-dojo-engagement/digital-dojo-engagement/pages/api/startEngagement.js","statementMap":{"0":{"start":{"line":4,"column":0},"end":{"line":4,"column":15}},"1":{"start":{"line":1,"column":23},"end":{"line":1,"column":null}},"2":{"start":{"line":2,"column":25},"end":{"line":2,"column":null}},"3":{"start":{"line":5,"column":22},"end":{"line":13,"column":4}},"4":{"start":{"line":15,"column":2},"end":{"line":43,"column":null}},"5":{"start":{"line":16,"column":4},"end":{"line":39,"column":null}},"6":{"start":{"line":40,"column":4},"end":{"line":40,"column":null}},"7":{"start":{"line":42,"column":4},"end":{"line":42,"column":null}}},"fnMap":{"0":{"name":"(anonymous_0)","decl":{"start":{"line":4,"column":0},"end":{"line":4,"column":15}},"loc":{"start":{"line":4,"column":0},"end":{"line":4,"column":15}}}},"branchMap":{},"s":{"0":0,"1":0,"2":0,"3":0,"4":0,"5":0,"6":0,"7":0},"f":{"0":0},"b":{}}
,"/home/runner/work/digital-dojo-engagement/digital-dojo-engagement/pages/belt-assessment/belt-results.js": {"path":"/home/runner/work/digital-dojo-engagement/digital-dojo-engagement/pages/belt-assessment/belt-results.js","statementMap":{"0":{"start":{"line":8,"column":24},"end":{"line":8,"column":35}},"1":{"start":{"line":73,"column":22},"end":{"line":73,"column":36}},"2":{"start":{"line":1,"column":26},"end":{"line":1,"column":null}},"3":{"start":{"line":2,"column":36},"end":{"line":2,"column":null}},"4":{"start":{"line":3,"column":15},"end":{"line":3,"column":null}},"5":{"start":{"line":4,"column":15},"end":{"line":4,"column":null}},"6":{"start":{"line":5,"column":31},"end":{"line":5,"column":null}},"7":{"start":{"line":6,"column":23},"end":{"line":6,"column":null}},"8":{"start":{"line":9,"column":12},"end":{"line":9,"column":null}},"9":{"start":{"line":10,"column":17},"end":{"line":10,"column":28}},"10":{"start":{"line":11,"column":28},"end":{"line":11,"column":40}},"11":{"start":{"line":13,"column":2},"end":{"line":19,"column":null}},"12":{"start":{"line":14,"column":4},"end":{"line":18,"column":null}},"13":{"start":{"line":15,"column":6},"end":{"line":15,"column":null}},"14":{"start":{"line":17,"column":6},"end":{"line":17,"column":null}},"15":{"start":{"line":21,"column":17},"end":{"line":35,"column":null}},"16":{"start":{"line":37,"column":2},"end":{"line":69,"column":null}},"17":{"start":{"line":44,"column":8},"end":{"line":45,"column":null}},"18":{"start":{"line":54,"column":25},"end":{"line":54,"column":68}},"19":{"start":{"line":61,"column":12},"end":{"line":61,"column":null}},"20":{"start":{"line":62,"column":12},"end":{"line":62,"column":null}},"21":{"start":{"line":81,"column":15},"end":{"line":94,"column":null}},"22":{"start":{"line":96,"column":2},"end":{"line":98,"column":null}}},"fnMap":{"0":{"name":"(anonymous_1)","decl":{"start":{"line":71,"column":1},"end":{"line":71,"column":null}},"loc":{"start":{"line":8,"column":24},"end":{"line":8,"column":35}}},"1":{"name":"(anonymous_2)","decl":{"start":{"line":73,"column":36},"end":{"line":73,"column":37}},"loc":{"start":{"line":73,"column":22},"end":{"line":73,"column":36}}},"2":{"name":"BeltResults","decl":{"start":{"line":8,"column":24},"end":{"line":8,"column":35}},"loc":{"start":{"line":8,"column":48},"end":{"line":71,"column":null}}},"3":{"name":"(anonymous_5)","decl":{"start":{"line":13,"column":12},"end":{"line":13,"column":18}},"loc":{"start":{"line":13,"column":18},"end":{"line":19,"column":5}}},"4":{"name":"(anonymous_6)","decl":{"start":{"line":43,"column":31},"end":{"line":43,"column":32}},"loc":{"start":{"line":44,"column":8},"end":{"line":45,"column":null}}},"5":{"name":"(anonymous_7)","decl":{"start":{"line":54,"column":19},"end":{"line":54,"column":25}},"loc":{"start":{"line":54,"column":25},"end":{"line":54,"column":68}}},"6":{"name":"(anonymous_8)","decl":{"start":{"line":60,"column":19},"end":{"line":60,"column":25}},"loc":{"start":{"line":60,"column":25},"end":{"line":63,"column":null}}},"7":{"name":"getStaticProps","decl":{"start":{"line":73,"column":22},"end":{"line":73,"column":36}},"loc":{"start":{"line":73,"column":49},"end":{"line":99,"column":null}}}},"branchMap":{"0":{"loc":{"start":{"line":9,"column":12},"end":{"line":9,"column":null}},"type":"cond-expr","locations":[{"start":{"line":9,"column":30},"end":{"line":9,"column":35}},{"start":{"line":9,"column":35},"end":{"line":9,"column":null}}]}},"s":{"0":0,"1":0,"2":0,"3":0,"4":0,"5":0,"6":0,"7":0,"8":0,"9":0,"10":0,"11":0,"12":0,"13":0,"14":0,"15":0,"16":0,"17":0,"18":0,"19":0,"20":0,"21":0,"22":0},"f":{"0":0,"1":0,"2":0,"3":0,"4":0,"5":0,"6":0,"7":0},"b":{"0":[0,0]}}
,"/home/runner/work/digital-dojo-engagement/digital-dojo-engagement/pages/belt-assessment/belt-system.js": {"path":"/home/runner/work/digital-dojo-engagement/digital-dojo-engagement/pages/belt-assessment/belt-system.js","statementMap":{"0":{"start":{"line":6,"column":24},"end":{"line":6,"column":34}},"1":{"start":{"line":27,"column":22},"end":{"line":27,"column":36}},"2":{"start":{"line":1,"column":27},"end":{"line":1,"column":null}},"3":{"start":{"line":2,"column":23},"end":{"line":2,"column":null}},"4":{"start":{"line":3,"column":15},"end":{"line":3,"column":null}},"5":{"start":{"line":4,"column":15},"end":{"line":4,"column":null}},"6":{"start":{"line":7,"column":12},"end":{"line":7,"column":null}},"7":{"start":{"line":8,"column":2},"end":{"line":23,"column":null}},"8":{"start":{"line":35,"column":15},"end":{"line":48,"column":null}},"9":{"start":{"line":50,"column":2},"end":{"line":52,"column":null}}},"fnMap":{"0":{"name":"(anonymous_1)","decl":{"start":{"line":25,"column":1},"end":{"line":25,"column":null}},"loc":{"start":{"line":6,"column":24},"end":{"line":6,"column":34}}},"1":{"name":"(anonymous_2)","decl":{"start":{"line":27,"column":36},"end":{"line":27,"column":37}},"loc":{"start":{"line":27,"column":22},"end":{"line":27,"column":36}}},"2":{"name":"BeltSystem","decl":{"start":{"line":6,"column":24},"end":{"line":6,"column":34}},"loc":{"start":{"line":6,"column":47},"end":{"line":25,"column":null}}},"3":{"name":"getStaticProps","decl":{"start":{"line":27,"column":22},"end":{"line":27,"column":36}},"loc":{"start":{"line":27,"column":49},"end":{"line":53,"column":null}}}},"branchMap":{"0":{"loc":{"start":{"line":7,"column":12},"end":{"line":7,"column":null}},"type":"cond-expr","locations":[{"start":{"line":7,"column":30},"end":{"line":7,"column":35}},{"start":{"line":7,"column":35},"end":{"line":7,"column":null}}]}},"s":{"0":0,"1":0,"2":0,"3":0,"4":0,"5":0,"6":0,"7":0,"8":0,"9":0},"f":{"0":0,"1":0,"2":0,"3":0},"b":{"0":[0,0]}}
,"/home/runner/work/digital-dojo-engagement/digital-dojo-engagement/pages/search/[search].js": {"path":"/home/runner/work/digital-dojo-engagement/digital-dojo-engagement/pages/search/[search].js","statementMap":{"0":{"start":{"line":3,"column":24},"end":{"line":3,"column":30}},"1":{"start":{"line":25,"column":22},"end":{"line":25,"column":40}},"2":{"start":{"line":1,"column":17},"end":{"line":1,"column":null}},"3":{"start":{"line":4,"column":2},"end":{"line":4,"column":null}},"4":{"start":{"line":5,"column":2},"end":{"line":21,"column":null}},"5":{"start":{"line":14,"column":10},"end":{"line":14,"column":28}},"6":{"start":{"line":26,"column":21},"end":{"line":26,"column":27}},"7":{"start":{"line":28,"column":4},"end":{"line":30,"column":31}},"8":{"start":{"line":32,"column":16},"end":{"line":32,"column":18}},"9":{"start":{"line":33,"column":2},"end":{"line":43,"column":16}},"10":{"start":{"line":34,"column":4},"end":{"line":42,"column":null}},"11":{"start":{"line":49,"column":15},"end":{"line":62,"column":null}},"12":{"start":{"line":64,"column":2},"end":{"line":66,"column":null}}},"fnMap":{"0":{"name":"(anonymous_1)","decl":{"start":{"line":23,"column":1},"end":{"line":23,"column":null}},"loc":{"start":{"line":3,"column":24},"end":{"line":3,"column":30}}},"1":{"name":"(anonymous_2)","decl":{"start":{"line":25,"column":40},"end":{"line":25,"column":41}},"loc":{"start":{"line":25,"column":22},"end":{"line":25,"column":40}}},"2":{"name":"Search","decl":{"start":{"line":3,"column":24},"end":{"line":3,"column":30}},"loc":{"start":{"line":3,"column":60},"end":{"line":23,"column":null}}},"3":{"name":"(anonymous_5)","decl":{"start":{"line":13,"column":21},"end":{"line":13,"column":22}},"loc":{"start":{"line":14,"column":10},"end":{"line":14,"column":28}}},"4":{"name":"getServerSideProps","decl":{"start":{"line":25,"column":22},"end":{"line":25,"column":40}},"loc":{"start":{"line":25,"column":61},"end":{"line":67,"column":null}}}},"branchMap":{"0":{"loc":{"start":{"line":28,"column":4},"end":{"line":30,"column":31}},"type":"cond-expr","locations":[{"start":{"line":29,"column":8},"end":{"line":29,"column":89}},{"start":{"line":30,"column":8},"end":{"line":30,"column":31}}]}},"s":{"0":0,"1":0,"2":0,"3":0,"4":0,"5":0,"6":0,"7":0,"8":0,"9":0,"10":0,"11":0,"12":0},"f":{"0":0,"1":0,"2":0,"3":0,"4":0},"b":{"0":[0,0]}}
,"/home/runner/work/digital-dojo-engagement/digital-dojo-engagement/pages/search/index.js": {"path":"/home/runner/work/digital-dojo-engagement/digital-dojo-engagement/pages/search/index.js","statementMap":{"0":{"start":{"line":3,"column":24},"end":{"line":3,"column":35}},"1":{"start":{"line":12,"column":22},"end":{"line":12,"column":36}},"2":{"start":{"line":1,"column":22},"end":{"line":1,"column":null}},"3":{"start":{"line":4,"column":2},"end":{"line":8,"column":null}},"4":{"start":{"line":17,"column":15},"end":{"line":30,"column":null}},"5":{"start":{"line":32,"column":2},"end":{"line":34,"column":null}}},"fnMap":{"0":{"name":"(anonymous_1)","decl":{"start":{"line":10,"column":1},"end":{"line":10,"column":null}},"loc":{"start":{"line":3,"column":24},"end":{"line":3,"column":35}}},"1":{"name":"(anonymous_2)","decl":{"start":{"line":12,"column":36},"end":{"line":12,"column":37}},"loc":{"start":{"line":12,"column":22},"end":{"line":12,"column":36}}},"2":{"name":"SearchIndex","decl":{"start":{"line":3,"column":24},"end":{"line":3,"column":35}},"loc":{"start":{"line":3,"column":38},"end":{"line":10,"column":null}}},"3":{"name":"getStaticProps","decl":{"start":{"line":12,"column":22},"end":{"line":12,"column":36}},"loc":{"start":{"line":12,"column":49},"end":{"line":35,"column":null}}}},"branchMap":{},"s":{"0":0,"1":0,"2":0,"3":0,"4":0,"5":0},"f":{"0":0,"1":0,"2":0,"3":0},"b":{}}
,"/home/runner/work/digital-dojo-engagement/digital-dojo-engagement/pages/services/challenges.js": {"path":"/home/runner/work/digital-dojo-engagement/digital-dojo-engagement/pages/services/challenges.js","statementMap":{"0":{"start":{"line":7,"column":24},"end":{"line":7,"column":34}},"1":{"start":{"line":70,"column":22},"end":{"line":70,"column":36}},"2":{"start":{"line":1,"column":23},"end":{"line":1,"column":null}},"3":{"start":{"line":2,"column":17},"end":{"line":2,"column":null}},"4":{"start":{"line":3,"column":26},"end":{"line":3,"column":null}},"5":{"start":{"line":4,"column":15},"end":{"line":4,"column":null}},"6":{"start":{"line":5,"column":15},"end":{"line":5,"column":null}},"7":{"start":{"line":8,"column":17},"end":{"line":8,"column":28}},"8":{"start":{"line":9,"column":12},"end":{"line":9,"column":null}},"9":{"start":{"line":11,"column":2},"end":{"line":66,"column":null}},"10":{"start":{"line":20,"column":29},"end":{"line":20,"column":63}},"11":{"start":{"line":57,"column":25},"end":{"line":57,"column":59}},"12":{"start":{"line":76,"column":15},"end":{"line":89,"column":null}},"13":{"start":{"line":91,"column":2},"end":{"line":93,"column":null}}},"fnMap":{"0":{"name":"(anonymous_1)","decl":{"start":{"line":68,"column":1},"end":{"line":68,"column":null}},"loc":{"start":{"line":7,"column":24},"end":{"line":7,"column":34}}},"1":{"name":"(anonymous_2)","decl":{"start":{"line":70,"column":36},"end":{"line":70,"column":37}},"loc":{"start":{"line":70,"column":22},"end":{"line":70,"column":36}}},"2":{"name":"Challenges","decl":{"start":{"line":7,"column":24},"end":{"line":7,"column":34}},"loc":{"start":{"line":7,"column":47},"end":{"line":68,"column":null}}},"3":{"name":"(anonymous_5)","decl":{"start":{"line":20,"column":23},"end":{"line":20,"column":29}},"loc":{"start":{"line":20,"column":29},"end":{"line":20,"column":63}}},"4":{"name":"(anonymous_6)","decl":{"start":{"line":57,"column":19},"end":{"line":57,"column":25}},"loc":{"start":{"line":57,"column":25},"end":{"line":57,"column":59}}},"5":{"name":"getStaticProps","decl":{"start":{"line":70,"column":22},"end":{"line":70,"column":36}},"loc":{"start":{"line":70,"column":49},"end":{"line":94,"column":null}}}},"branchMap":{"0":{"loc":{"start":{"line":9,"column":12},"end":{"line":9,"column":null}},"type":"cond-expr","locations":[{"start":{"line":9,"column":30},"end":{"line":9,"column":35}},{"start":{"line":9,"column":35},"end":{"line":9,"column":null}}]}},"s":{"0":0,"1":0,"2":0,"3":0,"4":0,"5":0,"6":0,"7":0,"8":0,"9":0,"10":0,"11":0,"12":0,"13":0},"f":{"0":0,"1":0,"2":0,"3":0,"4":0,"5":0},"b":{"0":[0,0]}}
,"/home/runner/work/digital-dojo-engagement/digital-dojo-engagement/pages/services/consultations.js": {"path":"/home/runner/work/digital-dojo-engagement/digital-dojo-engagement/pages/services/consultations.js","statementMap":{"0":{"start":{"line":7,"column":24},"end":{"line":7,"column":37}},"1":{"start":{"line":132,"column":22},"end":{"line":132,"column":36}},"2":{"start":{"line":1,"column":23},"end":{"line":1,"column":null}},"3":{"start":{"line":2,"column":17},"end":{"line":2,"column":null}},"4":{"start":{"line":3,"column":26},"end":{"line":3,"column":null}},"5":{"start":{"line":4,"column":15},"end":{"line":4,"column":null}},"6":{"start":{"line":5,"column":15},"end":{"line":5,"column":null}},"7":{"start":{"line":8,"column":17},"end":{"line":8,"column":28}},"8":{"start":{"line":9,"column":12},"end":{"line":9,"column":null}},"9":{"start":{"line":10,"column":2},"end":{"line":128,"column":null}},"10":{"start":{"line":19,"column":29},"end":{"line":19,"column":63}},"11":{"start":{"line":116,"column":25},"end":{"line":116,"column":49}},"12":{"start":{"line":122,"column":25},"end":{"line":122,"column":59}},"13":{"start":{"line":138,"column":15},"end":{"line":151,"column":null}},"14":{"start":{"line":153,"column":2},"end":{"line":155,"column":null}}},"fnMap":{"0":{"name":"(anonymous_1)","decl":{"start":{"line":130,"column":1},"end":{"line":130,"column":null}},"loc":{"start":{"line":7,"column":24},"end":{"line":7,"column":37}}},"1":{"name":"(anonymous_2)","decl":{"start":{"line":132,"column":36},"end":{"line":132,"column":37}},"loc":{"start":{"line":132,"column":22},"end":{"line":132,"column":36}}},"2":{"name":"Consultations","decl":{"start":{"line":7,"column":24},"end":{"line":7,"column":37}},"loc":{"start":{"line":7,"column":50},"end":{"line":130,"column":null}}},"3":{"name":"(anonymous_5)","decl":{"start":{"line":19,"column":23},"end":{"line":19,"column":29}},"loc":{"start":{"line":19,"column":29},"end":{"line":19,"column":63}}},"4":{"name":"(anonymous_6)","decl":{"start":{"line":116,"column":19},"end":{"line":116,"column":25}},"loc":{"start":{"line":116,"column":25},"end":{"line":116,"column":49}}},"5":{"name":"(anonymous_7)","decl":{"start":{"line":122,"column":19},"end":{"line":122,"column":25}},"loc":{"start":{"line":122,"column":25},"end":{"line":122,"column":59}}},"6":{"name":"getStaticProps","decl":{"start":{"line":132,"column":22},"end":{"line":132,"column":36}},"loc":{"start":{"line":132,"column":49},"end":{"line":156,"column":null}}}},"branchMap":{"0":{"loc":{"start":{"line":9,"column":12},"end":{"line":9,"column":null}},"type":"cond-expr","locations":[{"start":{"line":9,"column":30},"end":{"line":9,"column":35}},{"start":{"line":9,"column":35},"end":{"line":9,"column":null}}]}},"s":{"0":0,"1":0,"2":0,"3":0,"4":0,"5":0,"6":0,"7":0,"8":0,"9":0,"10":0,"11":0,"12":0,"13":0,"14":0},"f":{"0":0,"1":0,"2":0,"3":0,"4":0,"5":0,"6":0},"b":{"0":[0,0]}}
,"/home/runner/work/digital-dojo-engagement/digital-dojo-engagement/pages/services/index.js": {"path":"/home/runner/work/digital-dojo-engagement/digital-dojo-engagement/pages/services/index.js","statementMap":{"0":{"start":{"line":6,"column":24},"end":{"line":6,"column":32}},"1":{"start":{"line":67,"column":22},"end":{"line":67,"column":36}},"2":{"start":{"line":1,"column":26},"end":{"line":1,"column":null}},"3":{"start":{"line":2,"column":23},"end":{"line":2,"column":null}},"4":{"start":{"line":3,"column":15},"end":{"line":3,"column":null}},"5":{"start":{"line":4,"column":15},"end":{"line":4,"column":null}},"6":{"start":{"line":7,"column":17},"end":{"line":7,"column":28}},"7":{"start":{"line":8,"column":12},"end":{"line":8,"column":null}},"8":{"start":{"line":10,"column":2},"end":{"line":63,"column":null}},"9":{"start":{"line":27,"column":27},"end":{"line":27,"column":65}},"10":{"start":{"line":41,"column":27},"end":{"line":41,"column":61}},"11":{"start":{"line":56,"column":27},"end":{"line":56,"column":62}},"12":{"start":{"line":72,"column":15},"end":{"line":85,"column":null}},"13":{"start":{"line":87,"column":2},"end":{"line":89,"column":null}}},"fnMap":{"0":{"name":"(anonymous_1)","decl":{"start":{"line":65,"column":1},"end":{"line":65,"column":null}},"loc":{"start":{"line":6,"column":24},"end":{"line":6,"column":32}}},"1":{"name":"(anonymous_2)","decl":{"start":{"line":67,"column":36},"end":{"line":67,"column":37}},"loc":{"start":{"line":67,"column":22},"end":{"line":67,"column":36}}},"2":{"name":"Services","decl":{"start":{"line":6,"column":24},"end":{"line":6,"column":32}},"loc":{"start":{"line":6,"column":45},"end":{"line":65,"column":null}}},"3":{"name":"(anonymous_5)","decl":{"start":{"line":27,"column":21},"end":{"line":27,"column":27}},"loc":{"start":{"line":27,"column":27},"end":{"line":27,"column":65}}},"4":{"name":"(anonymous_6)","decl":{"start":{"line":41,"column":21},"end":{"line":41,"column":27}},"loc":{"start":{"line":41,"column":27},"end":{"line":41,"column":61}}},"5":{"name":"(anonymous_7)","decl":{"start":{"line":56,"column":21},"end":{"line":56,"column":27}},"loc":{"start":{"line":56,"column":27},"end":{"line":56,"column":62}}},"6":{"name":"getStaticProps","decl":{"start":{"line":67,"column":22},"end":{"line":67,"column":36}},"loc":{"start":{"line":67,"column":49},"end":{"line":90,"column":null}}}},"branchMap":{"0":{"loc":{"start":{"line":8,"column":12},"end":{"line":8,"column":null}},"type":"cond-expr","locations":[{"start":{"line":8,"column":30},"end":{"line":8,"column":35}},{"start":{"line":8,"column":35},"end":{"line":8,"column":null}}]}},"s":{"0":2,"1":1,"2":1,"3":1,"4":1,"5":1,"6":2,"7":2,"8":2,"9":1,"10":0,"11":0,"12":1,"13":1},"f":{"0":2,"1":1,"2":2,"3":1,"4":0,"5":0,"6":1},"b":{"0":[2,0]}}
,"/home/runner/work/digital-dojo-engagement/digital-dojo-engagement/pages/services/workshops.js": {"path":"/home/runner/work/digital-dojo-engagement/digital-dojo-engagement/pages/services/workshops.js","statementMap":{"0":{"start":{"line":7,"column":24},"end":{"line":7,"column":33}},"1":{"start":{"line":83,"column":22},"end":{"line":83,"column":36}},"2":{"start":{"line":1,"column":23},"end":{"line":1,"column":null}},"3":{"start":{"line":2,"column":17},"end":{"line":2,"column":null}},"4":{"start":{"line":3,"column":26},"end":{"line":3,"column":null}},"5":{"start":{"line":4,"column":15},"end":{"line":4,"column":null}},"6":{"start":{"line":5,"column":15},"end":{"line":5,"column":null}},"7":{"start":{"line":8,"column":17},"end":{"line":8,"column":28}},"8":{"start":{"line":9,"column":12},"end":{"line":9,"column":null}},"9":{"start":{"line":11,"column":2},"end":{"line":79,"column":null}},"10":{"start":{"line":20,"column":29},"end":{"line":20,"column":64}},"11":{"start":{"line":26,"column":29},"end":{"line":26,"column":67}},"12":{"start":{"line":67,"column":25},"end":{"line":67,"column":63}},"13":{"start":{"line":73,"column":25},"end":{"line":73,"column":60}},"14":{"start":{"line":89,"column":15},"end":{"line":102,"column":null}},"15":{"start":{"line":104,"column":2},"end":{"line":106,"column":null}}},"fnMap":{"0":{"name":"(anonymous_1)","decl":{"start":{"line":81,"column":1},"end":{"line":81,"column":null}},"loc":{"start":{"line":7,"column":24},"end":{"line":7,"column":33}}},"1":{"name":"(anonymous_2)","decl":{"start":{"line":83,"column":36},"end":{"line":83,"column":37}},"loc":{"start":{"line":83,"column":22},"end":{"line":83,"column":36}}},"2":{"name":"Workshops","decl":{"start":{"line":7,"column":24},"end":{"line":7,"column":33}},"loc":{"start":{"line":7,"column":46},"end":{"line":81,"column":null}}},"3":{"name":"(anonymous_5)","decl":{"start":{"line":20,"column":23},"end":{"line":20,"column":29}},"loc":{"start":{"line":20,"column":29},"end":{"line":20,"column":64}}},"4":{"name":"(anonymous_6)","decl":{"start":{"line":26,"column":23},"end":{"line":26,"column":29}},"loc":{"start":{"line":26,"column":29},"end":{"line":26,"column":67}}},"5":{"name":"(anonymous_7)","decl":{"start":{"line":67,"column":19},"end":{"line":67,"column":25}},"loc":{"start":{"line":67,"column":25},"end":{"line":67,"column":63}}},"6":{"name":"(anonymous_8)","decl":{"start":{"line":73,"column":19},"end":{"line":73,"column":25}},"loc":{"start":{"line":73,"column":25},"end":{"line":73,"column":60}}},"7":{"name":"getStaticProps","decl":{"start":{"line":83,"column":22},"end":{"line":83,"column":36}},"loc":{"start":{"line":83,"column":49},"end":{"line":107,"column":null}}}},"branchMap":{"0":{"loc":{"start":{"line":9,"column":12},"end":{"line":9,"column":null}},"type":"cond-expr","locations":[{"start":{"line":9,"column":30},"end":{"line":9,"column":35}},{"start":{"line":9,"column":35},"end":{"line":9,"column":null}}]}},"s":{"0":0,"1":0,"2":0,"3":0,"4":0,"5":0,"6":0,"7":0,"8":0,"9":0,"10":0,"11":0,"12":0,"13":0,"14":0,"15":0},"f":{"0":0,"1":0,"2":0,"3":0,"4":0,"5":0,"6":0,"7":0},"b":{"0":[0,0]}}
}
