{"total": {"lines":{"total":421,"covered":174,"skipped":0,"pct":41.33},"statements":{"total":440,"covered":183,"skipped":0,"pct":41.59},"functions":{"total":168,"covered":58,"skipped":0,"pct":34.52},"branches":{"total":153,"covered":60,"skipped":0,"pct":39.21},"branchesTrue":{"total":0,"covered":0,"skipped":0,"pct":100}}
,"/home/runner/work/digital-dojo-engagement/digital-dojo-engagement/components/BeltAssessment.js": {"lines":{"total":14,"covered":7,"skipped":0,"pct":50},"functions":{"total":6,"covered":3,"skipped":0,"pct":50},"statements":{"total":16,"covered":8,"skipped":0,"pct":50},"branches":{"total":1,"covered":0,"skipped":0,"pct":0}}
,"/home/runner/work/digital-dojo-engagement/digital-dojo-engagement/components/BeltResult.js": {"lines":{"total":6,"covered":0,"skipped":0,"pct":0},"functions":{"total":3,"covered":0,"skipped":0,"pct":0},"statements":{"total":7,"covered":0,"skipped":0,"pct":0},"branches":{"total":4,"covered":0,"skipped":0,"pct":0}}
,"/home/runner/work/digital-dojo-engagement/digital-dojo-engagement/components/Coach.js": {"lines":{"total":4,"covered":0,"skipped":0,"pct":0},"functions":{"total":2,"covered":0,"skipped":0,"pct":0},"statements":{"total":5,"covered":0,"skipped":0,"pct":0},"branches":{"total":8,"covered":0,"skipped":0,"pct":0}}
,"/home/runner/work/digital-dojo-engagement/digital-dojo-engagement/components/DateModified.js": {"lines":{"total":5,"covered":5,"skipped":0,"pct":100},"functions":{"total":1,"covered":1,"skipped":0,"pct":100},"statements":{"total":5,"covered":5,"skipped":0,"pct":100},"branches":{"total":0,"covered":0,"skipped":0,"pct":100}}
,"/home/runner/work/digital-dojo-engagement/digital-dojo-engagement/components/DottedLine.js": {"lines":{"total":6,"covered":6,"skipped":0,"pct":100},"functions":{"total":2,"covered":2,"skipped":0,"pct":100},"statements":{"total":6,"covered":6,"skipped":0,"pct":100},"branches":{"total":0,"covered":0,"skipped":0,"pct":100}}
,"/home/runner/work/digital-dojo-engagement/digital-dojo-engagement/components/ExpandableHeadline.js": {"lines":{"total":6,"covered":0,"skipped":0,"pct":0},"functions":{"total":2,"covered":0,"skipped":0,"pct":0},"statements":{"total":6,"covered":0,"skipped":0,"pct":0},"branches":{"total":2,"covered":0,"skipped":0,"pct":0}}
,"/home/runner/work/digital-dojo-engagement/digital-dojo-engagement/components/Footer.js": {"lines":{"total":5,"covered":5,"skipped":0,"pct":100},"functions":{"total":1,"covered":1,"skipped":0,"pct":100},"statements":{"total":5,"covered":5,"skipped":0,"pct":100},"branches":{"total":0,"covered":0,"skipped":0,"pct":100}}
,"/home/runner/work/digital-dojo-engagement/digital-dojo-engagement/components/GroupedBeltResults.js": {"lines":{"total":6,"covered":0,"skipped":0,"pct":0},"functions":{"total":4,"covered":0,"skipped":0,"pct":0},"statements":{"total":8,"covered":0,"skipped":0,"pct":0},"branches":{"total":0,"covered":0,"skipped":0,"pct":100}}
,"/home/runner/work/digital-dojo-engagement/digital-dojo-engagement/components/Header.js": {"lines":{"total":15,"covered":13,"skipped":0,"pct":86.66},"functions":{"total":4,"covered":2,"skipped":0,"pct":50},"statements":{"total":15,"covered":13,"skipped":0,"pct":86.66},"branches":{"total":24,"covered":22,"skipped":0,"pct":91.66}}
,"/home/runner/work/digital-dojo-engagement/digital-dojo-engagement/components/Layout.js": {"lines":{"total":11,"covered":11,"skipped":0,"pct":100},"functions":{"total":1,"covered":1,"skipped":0,"pct":100},"statements":{"total":11,"covered":11,"skipped":0,"pct":100},"branches":{"total":2,"covered":2,"skipped":0,"pct":100}}
,"/home/runner/work/digital-dojo-engagement/digital-dojo-engagement/components/MetaData.js": {"lines":{"total":7,"covered":5,"skipped":0,"pct":71.42},"functions":{"total":4,"covered":2,"skipped":0,"pct":50},"statements":{"total":7,"covered":5,"skipped":0,"pct":71.42},"branches":{"total":2,"covered":2,"skipped":0,"pct":100}}
,"/home/runner/work/digital-dojo-engagement/digital-dojo-engagement/components/Navbar.js": {"lines":{"total":24,"covered":11,"skipped":0,"pct":45.83},"functions":{"total":15,"covered":2,"skipped":0,"pct":13.33},"statements":{"total":27,"covered":12,"skipped":0,"pct":44.44},"branches":{"total":17,"covered":5,"skipped":0,"pct":29.41}}
,"/home/runner/work/digital-dojo-engagement/digital-dojo-engagement/components/SearchBar.js": {"lines":{"total":9,"covered":6,"skipped":0,"pct":66.66},"functions":{"total":4,"covered":2,"skipped":0,"pct":50},"statements":{"total":10,"covered":7,"skipped":0,"pct":70},"branches":{"total":2,"covered":2,"skipped":0,"pct":100}}
,"/home/runner/work/digital-dojo-engagement/digital-dojo-engagement/components/Sidenav.js": {"lines":{"total":13,"covered":0,"skipped":0,"pct":0},"functions":{"total":6,"covered":0,"skipped":0,"pct":0},"statements":{"total":14,"covered":0,"skipped":0,"pct":0},"branches":{"total":20,"covered":0,"skipped":0,"pct":0}}
,"/home/runner/work/digital-dojo-engagement/digital-dojo-engagement/components/ThemeChanger.js": {"lines":{"total":11,"covered":10,"skipped":0,"pct":90.9},"functions":{"total":3,"covered":2,"skipped":0,"pct":66.66},"statements":{"total":12,"covered":11,"skipped":0,"pct":91.66},"branches":{"total":7,"covered":3,"skipped":0,"pct":42.85}}
,"/home/runner/work/digital-dojo-engagement/digital-dojo-engagement/pages/404.js": {"lines":{"total":6,"covered":6,"skipped":0,"pct":100},"functions":{"total":4,"covered":4,"skipped":0,"pct":100},"statements":{"total":6,"covered":6,"skipped":0,"pct":100},"branches":{"total":0,"covered":0,"skipped":0,"pct":100}}
,"/home/runner/work/digital-dojo-engagement/digital-dojo-engagement/pages/FAQ.js": {"lines":{"total":15,"covered":0,"skipped":0,"pct":0},"functions":{"total":5,"covered":0,"skipped":0,"pct":0},"statements":{"total":15,"covered":0,"skipped":0,"pct":0},"branches":{"total":2,"covered":0,"skipped":0,"pct":0}}
,"/home/runner/work/digital-dojo-engagement/digital-dojo-engagement/pages/_app.js": {"lines":{"total":4,"covered":4,"skipped":0,"pct":100},"functions":{"total":2,"covered":2,"skipped":0,"pct":100},"statements":{"total":5,"covered":5,"skipped":0,"pct":100},"branches":{"total":0,"covered":0,"skipped":0,"pct":100}}
,"/home/runner/work/digital-dojo-engagement/digital-dojo-engagement/pages/_error.js": {"lines":{"total":7,"covered":3,"skipped":0,"pct":42.85},"functions":{"total":4,"covered":2,"skipped":0,"pct":50},"statements":{"total":8,"covered":4,"skipped":0,"pct":50},"branches":{"total":8,"covered":4,"skipped":0,"pct":50}}
,"/home/runner/work/digital-dojo-engagement/digital-dojo-engagement/pages/contact.js": {"lines":{"total":20,"covered":0,"skipped":0,"pct":0},"functions":{"total":7,"covered":0,"skipped":0,"pct":0},"statements":{"total":21,"covered":0,"skipped":0,"pct":0},"branches":{"total":8,"covered":0,"skipped":0,"pct":0}}
,"/home/runner/work/digital-dojo-engagement/digital-dojo-engagement/pages/engagement.js": {"lines":{"total":19,"covered":13,"skipped":0,"pct":68.42},"functions":{"total":7,"covered":6,"skipped":0,"pct":85.71},"statements":{"total":20,"covered":14,"skipped":0,"pct":70},"branches":{"total":8,"covered":2,"skipped":0,"pct":25}}
,"/home/runner/work/digital-dojo-engagement/digital-dojo-engagement/pages/home.js": {"lines":{"total":25,"covered":24,"skipped":0,"pct":96},"functions":{"total":6,"covered":5,"skipped":0,"pct":83.33},"statements":{"total":25,"covered":24,"skipped":0,"pct":96},"branches":{"total":14,"covered":9,"skipped":0,"pct":64.28}}
,"/home/runner/work/digital-dojo-engagement/digital-dojo-engagement/pages/index.js": {"lines":{"total":12,"covered":12,"skipped":0,"pct":100},"functions":{"total":6,"covered":6,"skipped":0,"pct":100},"statements":{"total":13,"covered":13,"skipped":0,"pct":100},"branches":{"total":0,"covered":0,"skipped":0,"pct":100}}
,"/home/runner/work/digital-dojo-engagement/digital-dojo-engagement/pages/tools-and-resources.js": {"lines":{"total":21,"covered":21,"skipped":0,"pct":100},"functions":{"total":10,"covered":10,"skipped":0,"pct":100},"statements":{"total":22,"covered":22,"skipped":0,"pct":100},"branches":{"total":10,"covered":8,"skipped":0,"pct":80}}
,"/home/runner/work/digital-dojo-engagement/digital-dojo-engagement/pages/about/coaches.js": {"lines":{"total":10,"covered":0,"skipped":0,"pct":0},"functions":{"total":5,"covered":0,"skipped":0,"pct":0},"statements":{"total":10,"covered":0,"skipped":0,"pct":0},"branches":{"total":0,"covered":0,"skipped":0,"pct":100}}
,"/home/runner/work/digital-dojo-engagement/digital-dojo-engagement/pages/api/contact.js": {"lines":{"total":10,"covered":0,"skipped":0,"pct":0},"functions":{"total":1,"covered":0,"skipped":0,"pct":0},"statements":{"total":10,"covered":0,"skipped":0,"pct":0},"branches":{"total":0,"covered":0,"skipped":0,"pct":100}}
,"/home/runner/work/digital-dojo-engagement/digital-dojo-engagement/pages/api/searchPages.js": {"lines":{"total":11,"covered":0,"skipped":0,"pct":0},"functions":{"total":3,"covered":0,"skipped":0,"pct":0},"statements":{"total":12,"covered":0,"skipped":0,"pct":0},"branches":{"total":0,"covered":0,"skipped":0,"pct":100}}
,"/home/runner/work/digital-dojo-engagement/digital-dojo-engagement/pages/api/startEngagement.js": {"lines":{"total":8,"covered":0,"skipped":0,"pct":0},"functions":{"total":1,"covered":0,"skipped":0,"pct":0},"statements":{"total":8,"covered":0,"skipped":0,"pct":0},"branches":{"total":0,"covered":0,"skipped":0,"pct":100}}
,"/home/runner/work/digital-dojo-engagement/digital-dojo-engagement/pages/belt-assessment/belt-results.js": {"lines":{"total":23,"covered":0,"skipped":0,"pct":0},"functions":{"total":8,"covered":0,"skipped":0,"pct":0},"statements":{"total":23,"covered":0,"skipped":0,"pct":0},"branches":{"total":2,"covered":0,"skipped":0,"pct":0}}
,"/home/runner/work/digital-dojo-engagement/digital-dojo-engagement/pages/belt-assessment/belt-system.js": {"lines":{"total":10,"covered":0,"skipped":0,"pct":0},"functions":{"total":4,"covered":0,"skipped":0,"pct":0},"statements":{"total":10,"covered":0,"skipped":0,"pct":0},"branches":{"total":2,"covered":0,"skipped":0,"pct":0}}
,"/home/runner/work/digital-dojo-engagement/digital-dojo-engagement/pages/search/[search].js": {"lines":{"total":13,"covered":0,"skipped":0,"pct":0},"functions":{"total":5,"covered":0,"skipped":0,"pct":0},"statements":{"total":13,"covered":0,"skipped":0,"pct":0},"branches":{"total":2,"covered":0,"skipped":0,"pct":0}}
,"/home/runner/work/digital-dojo-engagement/digital-dojo-engagement/pages/search/index.js": {"lines":{"total":6,"covered":0,"skipped":0,"pct":0},"functions":{"total":4,"covered":0,"skipped":0,"pct":0},"statements":{"total":6,"covered":0,"skipped":0,"pct":0},"branches":{"total":0,"covered":0,"skipped":0,"pct":100}}
,"/home/runner/work/digital-dojo-engagement/digital-dojo-engagement/pages/services/challenges.js": {"lines":{"total":14,"covered":0,"skipped":0,"pct":0},"functions":{"total":6,"covered":0,"skipped":0,"pct":0},"statements":{"total":14,"covered":0,"skipped":0,"pct":0},"branches":{"total":2,"covered":0,"skipped":0,"pct":0}}
,"/home/runner/work/digital-dojo-engagement/digital-dojo-engagement/pages/services/consultations.js": {"lines":{"total":15,"covered":0,"skipped":0,"pct":0},"functions":{"total":7,"covered":0,"skipped":0,"pct":0},"statements":{"total":15,"covered":0,"skipped":0,"pct":0},"branches":{"total":2,"covered":0,"skipped":0,"pct":0}}
,"/home/runner/work/digital-dojo-engagement/digital-dojo-engagement/pages/services/index.js": {"lines":{"total":14,"covered":12,"skipped":0,"pct":85.71},"functions":{"total":7,"covered":5,"skipped":0,"pct":71.42},"statements":{"total":14,"covered":12,"skipped":0,"pct":85.71},"branches":{"total":2,"covered":1,"skipped":0,"pct":50}}
,"/home/runner/work/digital-dojo-engagement/digital-dojo-engagement/pages/services/workshops.js": {"lines":{"total":16,"covered":0,"skipped":0,"pct":0},"functions":{"total":8,"covered":0,"skipped":0,"pct":0},"statements":{"total":16,"covered":0,"skipped":0,"pct":0},"branches":{"total":2,"covered":0,"skipped":0,"pct":0}}
}
