TN:
SF:components/BeltAssessment.js
FN:4,BeltAssessment
FN:17,(anonymous_1)
FN:23,handleChange
FN:26,(anonymous_3)
FN:29,handleSubmit
FNF:5
FNH:2
FNDA:2,BeltAssessment
FNDA:2,(anonymous_1)
FNDA:0,handleChange
FNDA:0,(anonymous_3)
FNDA:0,handleSubmit
DA:5,2
DA:17,2
DA:18,2
DA:19,0
DA:24,0
DA:25,0
DA:26,0
DA:30,0
DA:32,0
DA:36,0
DA:45,2
LF:11
LH:4
BRDA:18,0,0,0
BRDA:18,0,1,2
BRF:2
BRH:1
end_of_record
TN:
SF:components/BeltResult.js
FN:4,BeltResult
FN:11,(anonymous_1)
FNF:2
FNH:0
FNDA:0,BeltResult
FNDA:0,(anonymous_1)
DA:5,0
DA:6,0
DA:11,0
LF:3
LH:0
BRDA:15,0,0,0
BRDA:15,0,1,0
BRDA:19,1,0,0
BRDA:19,1,1,0
BRF:4
BRH:0
end_of_record
TN:
SF:components/Coach.js
FN:4,Coach
FNF:1
FNH:0
FNDA:0,Coach
DA:5,0
LF:1
LH:0
BRDA:8,0,0,0
BRDA:8,0,1,0
BRDA:15,1,0,0
BRDA:15,1,1,0
BRDA:17,2,0,0
BRDA:17,2,1,0
BRDA:18,3,0,0
BRDA:18,3,1,0
BRF:8
BRH:0
end_of_record
TN:
SF:components/DateModified.js
FN:6,DateModified
FNF:1
FNH:1
FNDA:8,DateModified
DA:7,8
DA:15,4
DA:20,4
LF:3
LH:3
BRF:0
BRH:0
end_of_record
TN:
SF:components/DottedLine.js
FN:3,DottedLine
FN:9,(anonymous_1)
FNF:2
FNH:2
FNDA:4,DottedLine
FNDA:29,(anonymous_1)
DA:4,4
DA:10,29
DA:19,2
DA:24,2
LF:4
LH:4
BRF:0
BRH:0
end_of_record
TN:
SF:components/ExpandableHeadline.js
FN:5,GroupedBeltResults
FN:10,(anonymous_1)
FNF:2
FNH:0
FNDA:0,GroupedBeltResults
FNDA:0,(anonymous_1)
DA:8,0
DA:11,0
LF:2
LH:0
BRDA:17,0,0,0
BRDA:17,0,1,0
BRF:2
BRH:0
end_of_record
TN:
SF:components/Footer.js
FN:8,Footer
FNF:1
FNH:1
FNDA:6,Footer
DA:9,6
DA:27,3
LF:2
LH:2
BRF:0
BRH:0
end_of_record
TN:
SF:components/GroupedBeltResults.js
FN:4,GroupedBeltResults
FN:5,(anonymous_1)
FN:15,(anonymous_2)
FNF:3
FNH:0
FNDA:0,GroupedBeltResults
FNDA:0,(anonymous_1)
FNDA:0,(anonymous_2)
DA:5,0
DA:7,0
DA:16,0
LF:3
LH:0
BRF:0
BRH:0
end_of_record
TN:
SF:components/Header.js
FN:9,Header
FNF:1
FNH:1
FNDA:10,Header
DA:10,10
DA:11,8
DA:12,8
DA:119,3
LF:4
LH:4
BRDA:38,0,0,6
BRDA:38,0,1,2
BRDA:39,1,0,0
BRDA:39,1,1,6
BRDA:42,2,0,0
BRDA:42,2,1,2
BRDA:47,3,0,6
BRDA:47,3,1,2
BRDA:58,4,0,8
BRDA:58,4,1,8
BRDA:59,5,0,6
BRDA:59,5,1,2
BRDA:63,6,0,6
BRDA:63,6,1,2
BRDA:65,7,0,6
BRDA:65,7,1,2
BRDA:73,8,0,8
BRDA:73,8,1,8
BRDA:74,9,0,6
BRDA:74,9,1,2
BRDA:79,10,0,6
BRDA:79,10,1,2
BRDA:81,11,0,6
BRDA:81,11,1,2
BRF:24
BRH:22
end_of_record
TN:
SF:components/Layout.js
FN:9,Layout
FNF:1
FNH:1
FNDA:6,Layout
DA:10,6
DA:12,5
DA:35,2
DA:39,2
LF:4
LH:4
BRDA:10,0,0,4
BRDA:10,0,1,1
BRF:2
BRH:2
end_of_record
TN:
SF:components/MetaData.js
FN:4,MetaData
FNF:1
FNH:1
FNDA:7,MetaData
DA:5,7
DA:7,7
LF:2
LH:2
BRDA:5,0,0,6
BRDA:5,0,1,1
BRF:2
BRH:2
end_of_record
TN:
SF:components/Navbar.js
FN:6,Navbar
FN:15,handleClick
FN:16,(anonymous_2)
FN:24,(anonymous_3)
FN:24,(anonymous_4)
FN:40,(anonymous_5)
FN:41,(anonymous_6)
FN:68,(anonymous_7)
FN:69,(anonymous_8)
FN:91,(anonymous_9)
FN:92,(anonymous_10)
FNF:11
FNH:1
FNDA:11,Navbar
FNDA:0,handleClick
FNDA:0,(anonymous_2)
FNDA:0,(anonymous_3)
FNDA:0,(anonymous_4)
FNDA:0,(anonymous_5)
FNDA:0,(anonymous_6)
FNDA:0,(anonymous_7)
FNDA:0,(anonymous_8)
FNDA:0,(anonymous_9)
FNDA:0,(anonymous_10)
DA:8,11
DA:9,11
DA:10,11
DA:11,11
DA:16,0
DA:17,0
DA:20,11
DA:24,0
DA:40,0
DA:42,0
DA:68,0
DA:70,0
DA:91,0
DA:93,0
LF:14
LH:5
BRDA:31,0,0,11
BRDA:31,0,1,0
BRDA:42,1,0,0
BRDA:42,1,1,0
BRDA:50,2,0,0
BRDA:50,2,1,11
BRDA:70,3,0,0
BRDA:70,3,1,0
BRDA:78,4,0,0
BRDA:78,4,1,11
BRDA:93,5,0,0
BRDA:93,5,1,0
BRDA:101,6,0,0
BRDA:101,6,1,11
BRF:14
BRH:4
end_of_record
TN:
SF:components/Sidenav.js
FN:6,(anonymous_0)
FN:18,(anonymous_1)
FN:47,(anonymous_2)
FN:86,(anonymous_3)
FN:110,(anonymous_4)
FNF:5
FNH:0
FNDA:0,(anonymous_0)
FNDA:0,(anonymous_1)
FNDA:0,(anonymous_2)
FNDA:0,(anonymous_3)
FNDA:0,(anonymous_4)
DA:6,0
DA:7,0
DA:8,0
DA:9,0
DA:18,0
DA:48,0
DA:87,0
DA:111,0
LF:8
LH:0
BRDA:12,0,0,0
BRDA:12,0,1,0
BRDA:22,1,0,0
BRDA:22,1,1,0
BRDA:25,2,0,0
BRDA:25,2,1,0
BRDA:28,3,0,0
BRDA:28,3,1,0
BRDA:37,4,0,0
BRDA:37,4,1,0
BRDA:48,5,0,0
BRDA:48,5,1,0
BRDA:64,6,0,0
BRDA:64,6,1,0
BRDA:73,7,0,0
BRDA:73,7,1,0
BRDA:87,8,0,0
BRDA:87,8,1,0
BRDA:111,9,0,0
BRDA:111,9,1,0
BRF:20
BRH:0
end_of_record
TN:
SF:components/ThemeChanger.js
FN:5,ThemeChanger
FN:10,(anonymous_1)
FN:20,(anonymous_2)
FNF:3
FNH:2
FNDA:16,ThemeChanger
FNDA:8,(anonymous_1)
FNDA:0,(anonymous_2)
DA:6,16
DA:7,16
DA:10,16
DA:11,8
DA:14,16
DA:16,8
DA:20,0
LF:7
LH:6
BRDA:14,0,0,8
BRDA:14,0,1,8
BRDA:19,1,0,0
BRDA:19,1,1,8
BRDA:20,2,0,0
BRDA:20,2,1,0
BRDA:22,3,0,0
BRDA:22,3,1,8
BRF:8
BRH:4
end_of_record
TN:
SF:pages/404.js
FN:3,Custom404
FN:57,getStaticProps
FNF:2
FNH:2
FNDA:1,Custom404
FNDA:1,getStaticProps
DA:4,1
DA:59,1
DA:74,1
LF:3
LH:3
BRF:0
BRH:0
end_of_record
TN:
SF:pages/FAQ.js
FN:9,FAQ
FN:16,(anonymous_1)
FN:23,getStaticProps
FNF:3
FNH:0
FNDA:0,FAQ
FNDA:0,(anonymous_1)
FNDA:0,getStaticProps
DA:10,0
DA:11,0
DA:17,0
DA:24,0
DA:30,0
DA:45,0
DA:50,0
LF:7
LH:0
BRDA:10,0,0,0
BRDA:10,0,1,0
BRF:2
BRH:0
end_of_record
TN:
SF:pages/_app.js
FN:5,MyApp
FNF:1
FNH:1
FNDA:1,MyApp
LF:0
LH:0
BRF:0
BRH:0
end_of_record
TN:
SF:pages/_error.js
FN:3,CustomError
FNF:1
FNH:1
FNDA:2,CustomError
DA:4,2
LF:1
LH:1
BRDA:9,0,0,1
BRDA:9,0,1,1
BRDA:37,1,0,1
BRDA:37,1,1,1
BRF:4
BRH:4
end_of_record
TN:
SF:pages/contact.js
FN:6,Contact
FN:11,handleChange
FN:12,(anonymous_2)
FN:18,handleSubmit
FN:169,getStaticProps
FNF:5
FNH:0
FNDA:0,Contact
FNDA:0,handleChange
FNDA:0,(anonymous_2)
FNDA:0,handleSubmit
FNDA:0,getStaticProps
DA:7,0
DA:8,0
DA:9,0
DA:12,0
DA:19,0
DA:20,0
DA:21,0
DA:22,0
DA:29,0
DA:30,0
DA:32,0
DA:36,0
DA:174,0
DA:189,0
LF:14
LH:0
BRDA:7,0,0,0
BRDA:7,0,1,0
BRDA:155,1,0,0
BRDA:155,1,1,0
BRDA:159,2,0,0
BRDA:159,2,1,0
BRDA:162,3,0,0
BRDA:162,3,1,0
BRF:8
BRH:0
end_of_record
TN:
SF:pages/engagement.js
FN:6,Engagement
FN:11,handleChange
FN:12,(anonymous_2)
FN:18,handleSubmit
FN:200,getStaticProps
FNF:5
FNH:4
FNDA:3,Engagement
FNDA:1,handleChange
FNDA:1,(anonymous_2)
FNDA:0,handleSubmit
FNDA:1,getStaticProps
DA:7,3
DA:8,3
DA:9,3
DA:12,1
DA:19,0
DA:20,0
DA:21,0
DA:22,0
DA:29,0
DA:31,0
DA:35,3
DA:205,1
DA:220,1
LF:13
LH:7
BRDA:7,0,0,3
BRDA:7,0,1,0
BRDA:186,1,0,3
BRDA:186,1,1,0
BRDA:190,2,0,0
BRDA:190,2,1,0
BRDA:193,3,0,0
BRDA:193,3,1,0
BRF:8
BRH:2
end_of_record
TN:
SF:pages/home.js
FN:12,Home
FN:20,(anonymous_1)
FN:25,(anonymous_2)
FN:131,getStaticProps
FNF:4
FNH:3
FNDA:1,Home
FNDA:1,(anonymous_1)
FNDA:0,(anonymous_2)
FNDA:1,getStaticProps
DA:15,1
DA:17,1
DA:18,1
DA:19,1
DA:20,1
DA:21,1
DA:24,1
DA:25,1
DA:26,0
DA:29,1
DA:132,1
DA:138,1
DA:153,1
DA:158,1
LF:14
LH:13
BRDA:15,0,0,1
BRDA:15,0,1,0
BRDA:34,1,0,1
BRDA:34,1,1,0
BRDA:41,2,0,1
BRDA:41,2,1,1
BRDA:53,3,0,1
BRDA:53,3,1,0
BRDA:60,4,0,1
BRDA:60,4,1,1
BRDA:97,5,0,1
BRDA:97,5,1,0
BRDA:102,6,0,1
BRDA:102,6,1,0
BRF:14
BRH:9
end_of_record
TN:
SF:pages/index.js
FN:5,Index
FN:56,PageLayout
FN:60,getStaticProps
FNF:3
FNH:3
FNDA:2,Index
FNDA:1,PageLayout
FNDA:1,getStaticProps
DA:6,2
DA:56,2
DA:57,1
DA:62,1
DA:77,1
LF:5
LH:5
BRF:0
BRH:0
end_of_record
TN:
SF:pages/about/coaches.js
FN:5,Coaches
FN:17,(anonymous_1)
FN:31,getStaticProps
FNF:3
FNH:0
FNDA:0,Coaches
FNDA:0,(anonymous_1)
FNDA:0,getStaticProps
DA:6,0
DA:18,0
DA:32,0
DA:39,0
DA:54,0
LF:5
LH:0
BRF:0
BRH:0
end_of_record
TN:
SF:pages/api/contact.js
FN:4,(anonymous_0)
FNF:1
FNH:0
FNDA:0,(anonymous_0)
DA:5,0
DA:6,0
DA:16,0
DA:17,0
DA:39,0
DA:41,0
DA:42,0
LF:7
LH:0
BRF:0
BRH:0
end_of_record
TN:
SF:pages/api/searchPages.js
FN:8,(anonymous_0)
FN:13,(anonymous_1)
FN:17,(anonymous_2)
FNF:3
FNH:0
FNDA:0,(anonymous_0)
FNDA:0,(anonymous_1)
FNDA:0,(anonymous_2)
DA:5,0
DA:6,0
DA:9,0
DA:10,0
DA:14,0
DA:18,0
DA:19,0
DA:23,0
DA:25,0
LF:9
LH:0
BRF:0
BRH:0
end_of_record
TN:
SF:pages/api/startEngagement.js
FN:4,(anonymous_0)
FNF:1
FNH:0
FNDA:0,(anonymous_0)
DA:5,0
DA:15,0
DA:16,0
DA:40,0
DA:42,0
LF:5
LH:0
BRF:0
BRH:0
end_of_record
TN:
SF:pages/belt-assessment/belt-results.js
FN:8,BeltResults
FN:13,(anonymous_1)
FN:43,(anonymous_2)
FN:54,(anonymous_3)
FN:60,(anonymous_4)
FN:73,getStaticProps
FNF:6
FNH:0
FNDA:0,BeltResults
FNDA:0,(anonymous_1)
FNDA:0,(anonymous_2)
FNDA:0,(anonymous_3)
FNDA:0,(anonymous_4)
FNDA:0,getStaticProps
DA:9,0
DA:10,0
DA:11,0
DA:13,0
DA:14,0
DA:15,0
DA:17,0
DA:21,0
DA:37,0
DA:44,0
DA:54,0
DA:61,0
DA:62,0
DA:81,0
DA:96,0
LF:15
LH:0
BRDA:9,0,0,0
BRDA:9,0,1,0
BRF:2
BRH:0
end_of_record
TN:
SF:pages/belt-assessment/belt-system.js
FN:6,BeltSystem
FN:27,getStaticProps
FNF:2
FNH:0
FNDA:0,BeltSystem
FNDA:0,getStaticProps
DA:7,0
DA:8,0
DA:35,0
DA:50,0
LF:4
LH:0
BRDA:7,0,0,0
BRDA:7,0,1,0
BRF:2
BRH:0
end_of_record
