TN:
SF:components/BeltAssessment.js
FN:3,BeltAssessment
FN:16,handleChange
FN:19,(anonymous_2)
FN:22,handleSubmit
FNF:4
FNH:0
FNDA:0,BeltAssessment
FNDA:0,handleChange
FNDA:0,(anonymous_2)
FNDA:0,handleSubmit
DA:4,0
DA:17,0
DA:18,0
DA:19,0
DA:23,0
DA:24,0
DA:27,0
LF:7
LH:0
BRF:0
BRH:0
end_of_record
TN:
SF:components/Coach.js
FN:4,Coach
FNF:1
FNH:0
FNDA:0,Coach
DA:5,0
LF:1
LH:0
BRDA:8,0,0,0
BRDA:8,0,1,0
BRDA:15,1,0,0
BRDA:15,1,1,0
BRDA:17,2,0,0
BRDA:17,2,1,0
BRDA:18,3,0,0
BRDA:18,3,1,0
BRF:8
BRH:0
end_of_record
TN:
SF:components/DateModified.js
FN:6,DateModified
FNF:1
FNH:1
FNDA:8,DateModified
DA:7,8
DA:15,4
DA:20,4
LF:3
LH:3
BRF:0
BRH:0
end_of_record
TN:
SF:components/Footer.js
FN:8,Footer
FNF:1
FNH:1
FNDA:6,Footer
DA:9,6
DA:27,3
LF:2
LH:2
BRF:0
BRH:0
end_of_record
TN:
SF:components/Header.js
FN:7,Header
FNF:1
FNH:1
FNDA:8,Header
DA:8,8
DA:9,8
DA:108,3
LF:3
LH:3
BRDA:33,0,0,6
BRDA:33,0,1,2
BRDA:34,1,0,0
BRDA:34,1,1,6
BRDA:37,2,0,0
BRDA:37,2,1,2
BRDA:42,3,0,6
BRDA:42,3,1,2
BRDA:53,4,0,8
BRDA:53,4,1,8
BRDA:54,5,0,6
BRDA:54,5,1,2
BRDA:58,6,0,6
BRDA:58,6,1,2
BRDA:60,7,0,6
BRDA:60,7,1,2
BRDA:68,8,0,8
BRDA:68,8,1,8
BRDA:69,9,0,6
BRDA:69,9,1,2
BRDA:74,10,0,6
BRDA:74,10,1,2
BRDA:76,11,0,6
BRDA:76,11,1,2
BRDA:86,12,0,0
BRDA:86,12,1,8
BRF:26
BRH:23
end_of_record
TN:
SF:components/Layout.js
FN:10,Layout
FNF:1
FNH:1
FNDA:5,Layout
DA:11,5
DA:13,5
DA:38,2
DA:42,2
LF:4
LH:4
BRDA:11,0,0,4
BRDA:11,0,1,1
BRF:2
BRH:2
end_of_record
TN:
SF:components/MetaData.js
FN:4,MetaData
FNF:1
FNH:1
FNDA:7,MetaData
DA:5,7
DA:7,7
LF:2
LH:2
BRDA:5,0,0,6
BRDA:5,0,1,1
BRF:2
BRH:2
end_of_record
TN:
SF:components/Navbar.js
FN:6,Navbar
FN:15,handleClick
FN:16,(anonymous_2)
FN:24,(anonymous_3)
FN:24,(anonymous_4)
FN:40,(anonymous_5)
FN:41,(anonymous_6)
FN:68,(anonymous_7)
FN:69,(anonymous_8)
FN:91,(anonymous_9)
FN:92,(anonymous_10)
FNF:11
FNH:1
FNDA:8,Navbar
FNDA:0,handleClick
FNDA:0,(anonymous_2)
FNDA:0,(anonymous_3)
FNDA:0,(anonymous_4)
FNDA:0,(anonymous_5)
FNDA:0,(anonymous_6)
FNDA:0,(anonymous_7)
FNDA:0,(anonymous_8)
FNDA:0,(anonymous_9)
FNDA:0,(anonymous_10)
DA:8,8
DA:9,8
DA:10,8
DA:11,8
DA:16,0
DA:17,0
DA:20,8
DA:24,0
DA:40,0
DA:42,0
DA:68,0
DA:70,0
DA:91,0
DA:93,0
LF:14
LH:5
BRDA:31,0,0,8
BRDA:31,0,1,0
BRDA:42,1,0,0
BRDA:42,1,1,0
BRDA:50,2,0,0
BRDA:50,2,1,8
BRDA:70,3,0,0
BRDA:70,3,1,0
BRDA:78,4,0,0
BRDA:78,4,1,8
BRDA:93,5,0,0
BRDA:93,5,1,0
BRDA:101,6,0,0
BRDA:101,6,1,8
BRF:14
BRH:4
end_of_record
TN:
SF:components/Sidenav.js
FN:6,(anonymous_0)
FN:18,(anonymous_1)
FN:47,(anonymous_2)
FN:86,(anonymous_3)
FN:110,(anonymous_4)
FNF:5
FNH:0
FNDA:0,(anonymous_0)
FNDA:0,(anonymous_1)
FNDA:0,(anonymous_2)
FNDA:0,(anonymous_3)
FNDA:0,(anonymous_4)
DA:6,0
DA:7,0
DA:8,0
DA:9,0
DA:18,0
DA:48,0
DA:87,0
DA:111,0
LF:8
LH:0
BRDA:12,0,0,0
BRDA:12,0,1,0
BRDA:22,1,0,0
BRDA:22,1,1,0
BRDA:25,2,0,0
BRDA:25,2,1,0
BRDA:28,3,0,0
BRDA:28,3,1,0
BRDA:37,4,0,0
BRDA:37,4,1,0
BRDA:48,5,0,0
BRDA:48,5,1,0
BRDA:64,6,0,0
BRDA:64,6,1,0
BRDA:73,7,0,0
BRDA:73,7,1,0
BRDA:87,8,0,0
BRDA:87,8,1,0
BRDA:111,9,0,0
BRDA:111,9,1,0
BRF:20
BRH:0
end_of_record
TN:
SF:components/ThemeChanger.js
FN:5,ThemeChanger
FN:10,(anonymous_1)
FN:20,(anonymous_2)
FNF:3
FNH:2
FNDA:16,ThemeChanger
FNDA:8,(anonymous_1)
FNDA:0,(anonymous_2)
DA:6,16
DA:7,16
DA:10,16
DA:11,8
DA:14,16
DA:16,8
DA:20,0
LF:7
LH:6
BRDA:14,0,0,8
BRDA:14,0,1,8
BRDA:19,1,0,0
BRDA:19,1,1,8
BRDA:20,2,0,0
BRDA:20,2,1,0
BRDA:22,3,0,0
BRDA:22,3,1,8
BRF:8
BRH:4
end_of_record
TN:
SF:pages/404.js
FN:3,Custom404
FN:57,getStaticProps
FNF:2
FNH:2
FNDA:1,Custom404
FNDA:1,getStaticProps
DA:4,1
DA:59,1
DA:74,1
LF:3
LH:3
BRF:0
BRH:0
end_of_record
TN:
SF:pages/_app.js
FN:5,MyApp
FNF:1
FNH:1
FNDA:1,MyApp
LF:0
LH:0
BRF:0
BRH:0
end_of_record
TN:
SF:pages/_error.js
FN:3,CustomError
FNF:1
FNH:1
FNDA:2,CustomError
DA:4,2
LF:1
LH:1
BRDA:9,0,0,1
BRDA:9,0,1,1
BRDA:37,1,0,1
BRDA:37,1,1,1
BRF:4
BRH:4
end_of_record
TN:
SF:pages/home.js
FN:11,Home
FN:19,(anonymous_1)
FN:24,(anonymous_2)
FN:137,getStaticProps
FNF:4
FNH:3
FNDA:1,Home
FNDA:1,(anonymous_1)
FNDA:0,(anonymous_2)
FNDA:1,getStaticProps
DA:14,1
DA:16,1
DA:17,1
DA:18,1
DA:19,1
DA:20,1
DA:23,1
DA:24,1
DA:25,0
DA:28,1
DA:138,1
DA:144,1
DA:159,1
DA:164,1
LF:14
LH:13
BRDA:14,0,0,1
BRDA:14,0,1,0
BRDA:33,1,0,1
BRDA:33,1,1,0
BRDA:40,2,0,1
BRDA:40,2,1,1
BRDA:52,3,0,1
BRDA:52,3,1,0
BRDA:59,4,0,1
BRDA:59,4,1,1
BRDA:96,5,0,1
BRDA:96,5,1,0
BRDA:101,6,0,1
BRDA:101,6,1,0
BRF:14
BRH:9
end_of_record
TN:
SF:pages/index.js
FN:5,Index
FN:56,PageLayout
FN:60,getStaticProps
FNF:3
FNH:3
FNDA:2,Index
FNDA:1,PageLayout
FNDA:1,getStaticProps
DA:6,2
DA:56,2
DA:57,1
DA:62,1
DA:77,1
LF:5
LH:5
BRF:0
BRH:0
end_of_record
TN:
SF:pages/about/coaches.js
FN:4,Coaches
FN:9,(anonymous_1)
FN:23,getStaticProps
FNF:3
FNH:0
FNDA:0,Coaches
FNDA:0,(anonymous_1)
FNDA:0,getStaticProps
DA:5,0
DA:10,0
DA:24,0
DA:31,0
DA:46,0
LF:5
LH:0
BRF:0
BRH:0
end_of_record
TN:
SF:pages/api/envAPIExample.js
FNF:0
FNH:0
LF:0
LH:0
BRF:0
BRH:0
end_of_record
TN:
SF:pages/api/metrics.js
FNF:0
FNH:0
LF:0
LH:0
BRF:0
BRH:0
end_of_record
TN:
SF:pages/belt-assessment/belt-system.js
FN:3,BeltSystem
FN:32,getStaticProps
FNF:2
FNH:0
FNDA:0,BeltSystem
FNDA:0,getStaticProps
DA:4,0
DA:40,0
DA:55,0
LF:3
LH:0
BRF:0
BRH:0
end_of_record
