<?xml version="1.0" encoding="UTF-8"?>
<coverage generated="1663949911171" clover="3.2.0">
  <project timestamp="1663949911171" name="All files">
    <metrics statements="56" coveredstatements="42" conditionals="76" coveredconditionals="46" methods="30" coveredmethods="19" elements="162" coveredelements="107" complexity="0" loc="56" ncloc="56" packages="3" files="15" classes="15"/>
    <package name="components">
      <metrics statements="25" coveredstatements="20" conditionals="48" coveredconditionals="33" methods="14" coveredmethods="9"/>
      <file name="DateModified.js" path="/home/runner/work/digital-dojo-engagement/digital-dojo-engagement/components/DateModified.js">
        <metrics statements="3" coveredstatements="3" conditionals="0" coveredconditionals="0" methods="1" coveredmethods="1"/>
        <line num="7" count="11" type="stmt"/>
        <line num="15" count="4" type="stmt"/>
        <line num="20" count="4" type="stmt"/>
      </file>
      <file name="Footer.js" path="/home/runner/work/digital-dojo-engagement/digital-dojo-engagement/components/Footer.js">
        <metrics statements="4" coveredstatements="4" conditionals="2" coveredconditionals="2" methods="3" coveredmethods="3"/>
        <line num="9" count="9" type="stmt"/>
        <line num="29" count="66" type="stmt"/>
        <line num="55" count="40" type="stmt"/>
        <line num="90" count="3" type="stmt"/>
      </file>
      <file name="Header.js" path="/home/runner/work/digital-dojo-engagement/digital-dojo-engagement/components/Header.js">
        <metrics statements="2" coveredstatements="2" conditionals="22" coveredconditionals="21" methods="1" coveredmethods="1"/>
        <line num="7" count="10" type="stmt"/>
        <line num="136" count="3" type="stmt"/>
      </file>
      <file name="Layout.js" path="/home/runner/work/digital-dojo-engagement/digital-dojo-engagement/components/Layout.js">
        <metrics statements="4" coveredstatements="4" conditionals="2" coveredconditionals="2" methods="1" coveredmethods="1"/>
        <line num="10" count="7" type="cond" truecount="2" falsecount="0"/>
        <line num="12" count="7" type="stmt"/>
        <line num="101" count="2" type="stmt"/>
        <line num="105" count="2" type="stmt"/>
      </file>
      <file name="MetaData.js" path="/home/runner/work/digital-dojo-engagement/digital-dojo-engagement/components/MetaData.js">
        <metrics statements="2" coveredstatements="2" conditionals="2" coveredconditionals="2" methods="1" coveredmethods="1"/>
        <line num="5" count="9" type="cond" truecount="2" falsecount="0"/>
        <line num="7" count="9" type="stmt"/>
      </file>
      <file name="Sidenav.js" path="/home/runner/work/digital-dojo-engagement/digital-dojo-engagement/components/Sidenav.js">
        <metrics statements="7" coveredstatements="3" conditionals="14" coveredconditionals="4" methods="5" coveredmethods="1"/>
        <line num="5" count="3" type="stmt"/>
        <line num="6" count="10" type="stmt"/>
        <line num="7" count="10" type="stmt"/>
        <line num="16" count="0" type="stmt"/>
        <line num="40" count="0" type="cond" truecount="0" falsecount="2"/>
        <line num="69" count="0" type="cond" truecount="0" falsecount="2"/>
        <line num="93" count="0" type="cond" truecount="0" falsecount="2"/>
      </file>
      <file name="ThemeChanger.js" path="/home/runner/work/digital-dojo-engagement/digital-dojo-engagement/components/ThemeChanger.js">
        <metrics statements="3" coveredstatements="2" conditionals="6" coveredconditionals="2" methods="2" coveredmethods="1"/>
        <line num="5" count="10" type="stmt"/>
        <line num="7" count="10" type="stmt"/>
        <line num="11" count="0" type="cond" truecount="0" falsecount="2"/>
      </file>
    </package>
    <package name="pages">
      <metrics statements="31" coveredstatements="22" conditionals="28" coveredconditionals="13" methods="16" coveredmethods="10"/>
      <file name="404.js" path="/home/runner/work/digital-dojo-engagement/digital-dojo-engagement/pages/404.js">
        <metrics statements="3" coveredstatements="3" conditionals="0" coveredconditionals="0" methods="2" coveredmethods="2"/>
        <line num="4" count="1" type="stmt"/>
        <line num="59" count="1" type="stmt"/>
        <line num="74" count="1" type="stmt"/>
      </file>
      <file name="_app.js" path="/home/runner/work/digital-dojo-engagement/digital-dojo-engagement/pages/_app.js">
        <metrics statements="0" coveredstatements="0" conditionals="0" coveredconditionals="0" methods="1" coveredmethods="1"/>
      </file>
      <file name="_error.js" path="/home/runner/work/digital-dojo-engagement/digital-dojo-engagement/pages/_error.js">
        <metrics statements="1" coveredstatements="1" conditionals="4" coveredconditionals="4" methods="1" coveredmethods="1"/>
        <line num="4" count="2" type="stmt"/>
      </file>
      <file name="home.js" path="/home/runner/work/digital-dojo-engagement/digital-dojo-engagement/pages/home.js">
        <metrics statements="14" coveredstatements="13" conditionals="14" coveredconditionals="9" methods="4" coveredmethods="3"/>
        <line num="14" count="1" type="cond" truecount="1" falsecount="1"/>
        <line num="16" count="1" type="stmt"/>
        <line num="17" count="1" type="stmt"/>
        <line num="18" count="1" type="stmt"/>
        <line num="19" count="1" type="stmt"/>
        <line num="20" count="1" type="stmt"/>
        <line num="23" count="1" type="stmt"/>
        <line num="24" count="1" type="stmt"/>
        <line num="25" count="0" type="stmt"/>
        <line num="28" count="1" type="stmt"/>
        <line num="138" count="1" type="stmt"/>
        <line num="144" count="1" type="stmt"/>
        <line num="159" count="1" type="stmt"/>
        <line num="164" count="1" type="stmt"/>
      </file>
      <file name="index.js" path="/home/runner/work/digital-dojo-engagement/digital-dojo-engagement/pages/index.js">
        <metrics statements="5" coveredstatements="5" conditionals="0" coveredconditionals="0" methods="3" coveredmethods="3"/>
        <line num="6" count="2" type="stmt"/>
        <line num="56" count="2" type="stmt"/>
        <line num="57" count="1" type="stmt"/>
        <line num="62" count="1" type="stmt"/>
        <line num="77" count="1" type="stmt"/>
      </file>
      <file name="serverSideExample.js" path="/home/runner/work/digital-dojo-engagement/digital-dojo-engagement/pages/serverSideExample.js">
        <metrics statements="8" coveredstatements="0" conditionals="10" coveredconditionals="0" methods="5" coveredmethods="0"/>
        <line num="4" count="0" type="stmt"/>
        <line num="6" count="0" type="stmt"/>
        <line num="7" count="0" type="stmt"/>
        <line num="8" count="0" type="stmt"/>
        <line num="10" count="0" type="stmt"/>
        <line num="13" count="0" type="stmt"/>
        <line num="60" count="0" type="stmt"/>
        <line num="75" count="0" type="stmt"/>
      </file>
    </package>
    <package name="pages.api">
      <metrics statements="0" coveredstatements="0" conditionals="0" coveredconditionals="0" methods="0" coveredmethods="0"/>
      <file name="envAPIExample.js" path="/home/runner/work/digital-dojo-engagement/digital-dojo-engagement/pages/api/envAPIExample.js">
        <metrics statements="0" coveredstatements="0" conditionals="0" coveredconditionals="0" methods="0" coveredmethods="0"/>
      </file>
      <file name="metrics.js" path="/home/runner/work/digital-dojo-engagement/digital-dojo-engagement/pages/api/metrics.js">
        <metrics statements="0" coveredstatements="0" conditionals="0" coveredconditionals="0" methods="0" coveredmethods="0"/>
      </file>
    </package>
  </project>
</coverage>
