{"/home/runner/work/digital-dojo-engagement/digital-dojo-engagement/components/BeltAssessment.js": {"path":"/home/runner/work/digital-dojo-engagement/digital-dojo-engagement/components/BeltAssessment.js","statementMap":{"0":{"start":{"line":5,"column":28},"end":{"line":15,"column":4}},"1":{"start":{"line":17,"column":2},"end":{"line":21,"column":8}},"2":{"start":{"line":18,"column":4},"end":{"line":20,"column":5}},"3":{"start":{"line":19,"column":6},"end":{"line":19,"column":66}},"4":{"start":{"line":24,"column":14},"end":{"line":24,"column":27}},"5":{"start":{"line":25,"column":16},"end":{"line":25,"column":30}},"6":{"start":{"line":26,"column":4},"end":{"line":26,"column":51}},"7":{"start":{"line":26,"column":24},"end":{"line":26,"column":49}},"8":{"start":{"line":30,"column":4},"end":{"line":30,"column":22}},"9":{"start":{"line":32,"column":4},"end":{"line":32,"column":65}},"10":{"start":{"line":36,"column":4},"end":{"line":42,"column":5}},"11":{"start":{"line":45,"column":2},"end":{"line":926,"column":3}}},"fnMap":{"0":{"name":"BeltAssessment","decl":{"start":{"line":4,"column":9},"end":{"line":4,"column":23}},"loc":{"start":{"line":4,"column":31},"end":{"line":927,"column":1}},"line":4},"1":{"name":"(anonymous_1)","decl":{"start":{"line":17,"column":12},"end":{"line":17,"column":13}},"loc":{"start":{"line":17,"column":18},"end":{"line":21,"column":3}},"line":17},"2":{"name":"handleChange","decl":{"start":{"line":23,"column":11},"end":{"line":23,"column":23}},"loc":{"start":{"line":23,"column":27},"end":{"line":27,"column":3}},"line":23},"3":{"name":"(anonymous_3)","decl":{"start":{"line":26,"column":13},"end":{"line":26,"column":14}},"loc":{"start":{"line":26,"column":24},"end":{"line":26,"column":49}},"line":26},"4":{"name":"handleSubmit","decl":{"start":{"line":29,"column":11},"end":{"line":29,"column":23}},"loc":{"start":{"line":29,"column":27},"end":{"line":43,"column":3}},"line":29}},"branchMap":{"0":{"loc":{"start":{"line":18,"column":4},"end":{"line":20,"column":5}},"type":"if","locations":[{"start":{"line":18,"column":4},"end":{"line":20,"column":5}},{"start":{},"end":{}}],"line":18}},"s":{"0":2,"1":2,"2":2,"3":0,"4":0,"5":0,"6":0,"7":0,"8":0,"9":0,"10":0,"11":2},"f":{"0":2,"1":2,"2":0,"3":0,"4":0},"b":{"0":[0,2]},"_coverageSchema":"1a1c01bbd47fc00a2c39e90264f33305004495a9","hash":"5515625da645f3de2877782653c7a6b9f9337751"}
,"/home/runner/work/digital-dojo-engagement/digital-dojo-engagement/components/BeltResult.js": {"path":"/home/runner/work/digital-dojo-engagement/digital-dojo-engagement/components/BeltResult.js","statementMap":{"0":{"start":{"line":5,"column":26},"end":{"line":5,"column":41}},"1":{"start":{"line":6,"column":2},"end":{"line":31,"column":3}},"2":{"start":{"line":11,"column":25},"end":{"line":11,"column":39}}},"fnMap":{"0":{"name":"BeltResult","decl":{"start":{"line":4,"column":9},"end":{"line":4,"column":19}},"loc":{"start":{"line":4,"column":39},"end":{"line":32,"column":1}},"line":4},"1":{"name":"(anonymous_1)","decl":{"start":{"line":11,"column":19},"end":{"line":11,"column":20}},"loc":{"start":{"line":11,"column":25},"end":{"line":11,"column":39}},"line":11}},"branchMap":{"0":{"loc":{"start":{"line":15,"column":11},"end":{"line":15,"column":56}},"type":"cond-expr","locations":[{"start":{"line":15,"column":18},"end":{"line":15,"column":36}},{"start":{"line":15,"column":39},"end":{"line":15,"column":56}}],"line":15},"1":{"loc":{"start":{"line":19,"column":25},"end":{"line":19,"column":71}},"type":"cond-expr","locations":[{"start":{"line":19,"column":32},"end":{"line":19,"column":43}},{"start":{"line":19,"column":46},"end":{"line":19,"column":71}}],"line":19}},"s":{"0":0,"1":0,"2":0},"f":{"0":0,"1":0},"b":{"0":[0,0],"1":[0,0]}}
,"/home/runner/work/digital-dojo-engagement/digital-dojo-engagement/components/Coach.js": {"path":"/home/runner/work/digital-dojo-engagement/digital-dojo-engagement/components/Coach.js","statementMap":{"0":{"start":{"line":5,"column":2},"end":{"line":20,"column":3}}},"fnMap":{"0":{"name":"Coach","decl":{"start":{"line":4,"column":9},"end":{"line":4,"column":14}},"loc":{"start":{"line":4,"column":44},"end":{"line":21,"column":1}},"line":4}},"branchMap":{"0":{"loc":{"start":{"line":8,"column":9},"end":{"line":12,"column":9}},"type":"cond-expr","locations":[{"start":{"line":9,"column":10},"end":{"line":9,"column":61}},{"start":{"line":11,"column":10},"end":{"line":11,"column":52}}],"line":8},"1":{"loc":{"start":{"line":15,"column":9},"end":{"line":15,"column":23}},"type":"binary-expr","locations":[{"start":{"line":15,"column":9},"end":{"line":15,"column":13}},{"start":{"line":15,"column":17},"end":{"line":15,"column":23}}],"line":15},"2":{"loc":{"start":{"line":17,"column":42},"end":{"line":17,"column":58}},"type":"binary-expr","locations":[{"start":{"line":17,"column":42},"end":{"line":17,"column":47}},{"start":{"line":17,"column":51},"end":{"line":17,"column":58}}],"line":17},"3":{"loc":{"start":{"line":18,"column":42},"end":{"line":18,"column":58}},"type":"binary-expr","locations":[{"start":{"line":18,"column":42},"end":{"line":18,"column":47}},{"start":{"line":18,"column":51},"end":{"line":18,"column":58}}],"line":18}},"s":{"0":0},"f":{"0":0},"b":{"0":[0,0],"1":[0,0],"2":[0,0],"3":[0,0]}}
,"/home/runner/work/digital-dojo-engagement/digital-dojo-engagement/components/DateModified.js": {"path":"/home/runner/work/digital-dojo-engagement/digital-dojo-engagement/components/DateModified.js","statementMap":{"0":{"start":{"line":7,"column":2},"end":{"line":12,"column":3}},"1":{"start":{"line":15,"column":0},"end":{"line":18,"column":1}},"2":{"start":{"line":20,"column":0},"end":{"line":26,"column":1}}},"fnMap":{"0":{"name":"DateModified","decl":{"start":{"line":6,"column":24},"end":{"line":6,"column":36}},"loc":{"start":{"line":6,"column":44},"end":{"line":13,"column":1}},"line":6}},"branchMap":{},"s":{"0":8,"1":4,"2":4},"f":{"0":8},"b":{},"_coverageSchema":"1a1c01bbd47fc00a2c39e90264f33305004495a9","hash":"62331a22e49ae0a0ea30819a4158c3f87724b218"}
,"/home/runner/work/digital-dojo-engagement/digital-dojo-engagement/components/DottedLine.js": {"path":"/home/runner/work/digital-dojo-engagement/digital-dojo-engagement/components/DottedLine.js","statementMap":{"0":{"start":{"line":4,"column":2},"end":{"line":16,"column":3}},"1":{"start":{"line":10,"column":8},"end":{"line":13,"column":10}},"2":{"start":{"line":19,"column":0},"end":{"line":22,"column":1}},"3":{"start":{"line":24,"column":0},"end":{"line":26,"column":1}}},"fnMap":{"0":{"name":"DottedLine","decl":{"start":{"line":3,"column":24},"end":{"line":3,"column":34}},"loc":{"start":{"line":3,"column":48},"end":{"line":17,"column":1}},"line":3},"1":{"name":"(anonymous_1)","decl":{"start":{"line":9,"column":31},"end":{"line":9,"column":32}},"loc":{"start":{"line":10,"column":8},"end":{"line":13,"column":10}},"line":10}},"branchMap":{},"s":{"0":10,"1":77,"2":4,"3":4},"f":{"0":10,"1":77},"b":{},"_coverageSchema":"1a1c01bbd47fc00a2c39e90264f33305004495a9","hash":"9e9d2d5e34e49d47e056cca1bafc875b345e8d41"}
,"/home/runner/work/digital-dojo-engagement/digital-dojo-engagement/components/ExpandableHeadline.js": {"path":"/home/runner/work/digital-dojo-engagement/digital-dojo-engagement/components/ExpandableHeadline.js","statementMap":{"0":{"start":{"line":8,"column":2},"end":{"line":25,"column":3}},"1":{"start":{"line":11,"column":8},"end":{"line":22,"column":14}}},"fnMap":{"0":{"name":"GroupedBeltResults","decl":{"start":{"line":5,"column":24},"end":{"line":5,"column":42}},"loc":{"start":{"line":7,"column":3},"end":{"line":26,"column":1}},"line":7},"1":{"name":"(anonymous_1)","decl":{"start":{"line":10,"column":7},"end":{"line":10,"column":8}},"loc":{"start":{"line":11,"column":8},"end":{"line":22,"column":14}},"line":11}},"branchMap":{"0":{"loc":{"start":{"line":17,"column":15},"end":{"line":17,"column":60}},"type":"cond-expr","locations":[{"start":{"line":17,"column":22},"end":{"line":17,"column":40}},{"start":{"line":17,"column":43},"end":{"line":17,"column":60}}],"line":17}},"s":{"0":0,"1":0},"f":{"0":0,"1":0},"b":{"0":[0,0]}}
,"/home/runner/work/digital-dojo-engagement/digital-dojo-engagement/components/Footer.js": {"path":"/home/runner/work/digital-dojo-engagement/digital-dojo-engagement/components/Footer.js","statementMap":{"0":{"start":{"line":9,"column":2},"end":{"line":24,"column":3}},"1":{"start":{"line":27,"column":0},"end":{"line":55,"column":1}}},"fnMap":{"0":{"name":"Footer","decl":{"start":{"line":8,"column":24},"end":{"line":8,"column":30}},"loc":{"start":{"line":8,"column":38},"end":{"line":25,"column":1}},"line":8}},"branchMap":{},"s":{"0":6,"1":3},"f":{"0":6},"b":{},"_coverageSchema":"1a1c01bbd47fc00a2c39e90264f33305004495a9","hash":"ef80fa8626d2f44e38a982e57b10e8bcff08913b"}
,"/home/runner/work/digital-dojo-engagement/digital-dojo-engagement/components/GroupedBeltResults.js": {"path":"/home/runner/work/digital-dojo-engagement/digital-dojo-engagement/components/GroupedBeltResults.js","statementMap":{"0":{"start":{"line":5,"column":25},"end":{"line":5,"column":62}},"1":{"start":{"line":5,"column":52},"end":{"line":5,"column":60}},"2":{"start":{"line":7,"column":2},"end":{"line":19,"column":3}},"3":{"start":{"line":16,"column":8},"end":{"line":16,"column":61}}},"fnMap":{"0":{"name":"GroupedBeltResults","decl":{"start":{"line":4,"column":9},"end":{"line":4,"column":27}},"loc":{"start":{"line":4,"column":55},"end":{"line":20,"column":1}},"line":4},"1":{"name":"(anonymous_1)","decl":{"start":{"line":5,"column":45},"end":{"line":5,"column":46}},"loc":{"start":{"line":5,"column":52},"end":{"line":5,"column":60}},"line":5},"2":{"name":"(anonymous_2)","decl":{"start":{"line":15,"column":16},"end":{"line":15,"column":17}},"loc":{"start":{"line":16,"column":8},"end":{"line":16,"column":61}},"line":16}},"branchMap":{},"s":{"0":0,"1":0,"2":0,"3":0},"f":{"0":0,"1":0,"2":0},"b":{}}
,"/home/runner/work/digital-dojo-engagement/digital-dojo-engagement/components/Header.js": {"path":"/home/runner/work/digital-dojo-engagement/digital-dojo-engagement/components/Header.js","statementMap":{"0":{"start":{"line":10,"column":12},"end":{"line":10,"column":19}},"1":{"start":{"line":11,"column":20},"end":{"line":11,"column":30}},"2":{"start":{"line":12,"column":2},"end":{"line":109,"column":3}},"3":{"start":{"line":119,"column":0},"end":{"line":137,"column":1}}},"fnMap":{"0":{"name":"Header","decl":{"start":{"line":9,"column":24},"end":{"line":9,"column":30}},"loc":{"start":{"line":9,"column":38},"end":{"line":110,"column":1}},"line":9}},"branchMap":{"0":{"loc":{"start":{"line":38,"column":18},"end":{"line":44,"column":39}},"type":"cond-expr","locations":[{"start":{"line":39,"column":22},"end":{"line":41,"column":41}},{"start":{"line":42,"column":22},"end":{"line":44,"column":39}}],"line":38},"1":{"loc":{"start":{"line":39,"column":22},"end":{"line":41,"column":41}},"type":"cond-expr","locations":[{"start":{"line":40,"column":24},"end":{"line":40,"column":37}},{"start":{"line":41,"column":24},"end":{"line":41,"column":41}}],"line":39},"2":{"loc":{"start":{"line":42,"column":22},"end":{"line":44,"column":39}},"type":"cond-expr","locations":[{"start":{"line":43,"column":22},"end":{"line":43,"column":35}},{"start":{"line":44,"column":22},"end":{"line":44,"column":39}}],"line":42},"3":{"loc":{"start":{"line":47,"column":18},"end":{"line":49,"column":46}},"type":"cond-expr","locations":[{"start":{"line":48,"column":22},"end":{"line":48,"column":44}},{"start":{"line":49,"column":22},"end":{"line":49,"column":46}}],"line":47},"4":{"loc":{"start":{"line":58,"column":22},"end":{"line":58,"column":49}},"type":"binary-expr","locations":[{"start":{"line":58,"column":22},"end":{"line":58,"column":42}},{"start":{"line":58,"column":46},"end":{"line":58,"column":49}}],"line":58},"5":{"loc":{"start":{"line":59,"column":24},"end":{"line":59,"column":61}},"type":"cond-expr","locations":[{"start":{"line":59,"column":50},"end":{"line":59,"column":54}},{"start":{"line":59,"column":57},"end":{"line":59,"column":61}}],"line":59},"6":{"loc":{"start":{"line":63,"column":24},"end":{"line":63,"column":61}},"type":"cond-expr","locations":[{"start":{"line":63,"column":50},"end":{"line":63,"column":54}},{"start":{"line":63,"column":57},"end":{"line":63,"column":61}}],"line":63},"7":{"loc":{"start":{"line":65,"column":19},"end":{"line":65,"column":56}},"type":"cond-expr","locations":[{"start":{"line":65,"column":45},"end":{"line":65,"column":49}},{"start":{"line":65,"column":52},"end":{"line":65,"column":56}}],"line":65},"8":{"loc":{"start":{"line":73,"column":24},"end":{"line":73,"column":51}},"type":"binary-expr","locations":[{"start":{"line":73,"column":24},"end":{"line":73,"column":44}},{"start":{"line":73,"column":48},"end":{"line":73,"column":51}}],"line":73},"9":{"loc":{"start":{"line":74,"column":26},"end":{"line":74,"column":63}},"type":"cond-expr","locations":[{"start":{"line":74,"column":52},"end":{"line":74,"column":56}},{"start":{"line":74,"column":59},"end":{"line":74,"column":63}}],"line":74},"10":{"loc":{"start":{"line":79,"column":26},"end":{"line":79,"column":63}},"type":"cond-expr","locations":[{"start":{"line":79,"column":52},"end":{"line":79,"column":56}},{"start":{"line":79,"column":59},"end":{"line":79,"column":63}}],"line":79},"11":{"loc":{"start":{"line":81,"column":21},"end":{"line":81,"column":69}},"type":"cond-expr","locations":[{"start":{"line":81,"column":47},"end":{"line":81,"column":57}},{"start":{"line":81,"column":60},"end":{"line":81,"column":69}}],"line":81}},"s":{"0":10,"1":8,"2":8,"3":3},"f":{"0":10},"b":{"0":[6,2],"1":[0,6],"2":[0,2],"3":[6,2],"4":[8,8],"5":[6,2],"6":[6,2],"7":[6,2],"8":[8,8],"9":[6,2],"10":[6,2],"11":[6,2]},"_coverageSchema":"1a1c01bbd47fc00a2c39e90264f33305004495a9","hash":"02e227df9a9db26c3d102456300be7b66e08043d"}
,"/home/runner/work/digital-dojo-engagement/digital-dojo-engagement/components/Layout.js": {"path":"/home/runner/work/digital-dojo-engagement/digital-dojo-engagement/components/Layout.js","statementMap":{"0":{"start":{"line":10,"column":12},"end":{"line":10,"column":43}},"1":{"start":{"line":12,"column":2},"end":{"line":28,"column":3}},"2":{"start":{"line":35,"column":0},"end":{"line":37,"column":1}},"3":{"start":{"line":39,"column":0},"end":{"line":56,"column":1}}},"fnMap":{"0":{"name":"Layout","decl":{"start":{"line":9,"column":24},"end":{"line":9,"column":30}},"loc":{"start":{"line":9,"column":38},"end":{"line":29,"column":1}},"line":9}},"branchMap":{"0":{"loc":{"start":{"line":10,"column":12},"end":{"line":10,"column":43}},"type":"cond-expr","locations":[{"start":{"line":10,"column":36},"end":{"line":10,"column":38}},{"start":{"line":10,"column":41},"end":{"line":10,"column":43}}],"line":10}},"s":{"0":6,"1":5,"2":2,"3":2},"f":{"0":6},"b":{"0":[4,1]},"_coverageSchema":"1a1c01bbd47fc00a2c39e90264f33305004495a9","hash":"8aee3b29c0e739405af7a9f4974a400a16eaa7a6"}
,"/home/runner/work/digital-dojo-engagement/digital-dojo-engagement/components/MetaData.js": {"path":"/home/runner/work/digital-dojo-engagement/digital-dojo-engagement/components/MetaData.js","statementMap":{"0":{"start":{"line":5,"column":12},"end":{"line":5,"column":77}},"1":{"start":{"line":7,"column":2},"end":{"line":19,"column":3}}},"fnMap":{"0":{"name":"MetaData","decl":{"start":{"line":4,"column":24},"end":{"line":4,"column":32}},"loc":{"start":{"line":4,"column":40},"end":{"line":20,"column":1}},"line":4}},"branchMap":{"0":{"loc":{"start":{"line":5,"column":12},"end":{"line":5,"column":77}},"type":"cond-expr","locations":[{"start":{"line":5,"column":38},"end":{"line":5,"column":56}},{"start":{"line":5,"column":59},"end":{"line":5,"column":77}}],"line":5}},"s":{"0":7,"1":7},"f":{"0":7},"b":{"0":[6,1]},"_coverageSchema":"1a1c01bbd47fc00a2c39e90264f33305004495a9","hash":"5cf98accbe74e7305a7b2d2eb4068fd6c2a110a5"}
,"/home/runner/work/digital-dojo-engagement/digital-dojo-engagement/components/Navbar.js": {"path":"/home/runner/work/digital-dojo-engagement/digital-dojo-engagement/components/Navbar.js","statementMap":{"0":{"start":{"line":8,"column":28},"end":{"line":8,"column":43}},"1":{"start":{"line":9,"column":38},"end":{"line":9,"column":53}},"2":{"start":{"line":10,"column":38},"end":{"line":10,"column":53}},"3":{"start":{"line":11,"column":34},"end":{"line":11,"column":49}},"4":{"start":{"line":14,"column":26},"end":{"line":14,"column":41}},"5":{"start":{"line":17,"column":5},"end":{"line":19,"column":5}},"6":{"start":{"line":18,"column":6},"end":{"line":18,"column":15}},"7":{"start":{"line":25,"column":4},"end":{"line":25,"column":22}},"8":{"start":{"line":26,"column":4},"end":{"line":26,"column":18}},"9":{"start":{"line":31,"column":4},"end":{"line":31,"column":46}},"10":{"start":{"line":31,"column":28},"end":{"line":31,"column":46}},"11":{"start":{"line":34,"column":2},"end":{"line":165,"column":3}},"12":{"start":{"line":38,"column":23},"end":{"line":38,"column":47}},"13":{"start":{"line":38,"column":41},"end":{"line":38,"column":46}},"14":{"start":{"line":54,"column":25},"end":{"line":54,"column":53}},"15":{"start":{"line":56,"column":12},"end":{"line":56,"column":67}},"16":{"start":{"line":74,"column":31},"end":{"line":74,"column":48}},"17":{"start":{"line":108,"column":25},"end":{"line":108,"column":63}},"18":{"start":{"line":110,"column":12},"end":{"line":110,"column":77}},"19":{"start":{"line":131,"column":25},"end":{"line":131,"column":63}},"20":{"start":{"line":133,"column":12},"end":{"line":133,"column":77}}},"fnMap":{"0":{"name":"Navbar","decl":{"start":{"line":6,"column":9},"end":{"line":6,"column":15}},"loc":{"start":{"line":6,"column":23},"end":{"line":166,"column":1}},"line":6},"1":{"name":"falsifyAllStates","decl":{"start":{"line":16,"column":11},"end":{"line":16,"column":27}},"loc":{"start":{"line":16,"column":30},"end":{"line":20,"column":3}},"line":16},"2":{"name":"(anonymous_2)","decl":{"start":{"line":17,"column":67},"end":{"line":17,"column":68}},"loc":{"start":{"line":18,"column":6},"end":{"line":18,"column":15}},"line":18},"3":{"name":"handleClick","decl":{"start":{"line":24,"column":11},"end":{"line":24,"column":22}},"loc":{"start":{"line":24,"column":38},"end":{"line":27,"column":3}},"line":24},"4":{"name":"handleEscape","decl":{"start":{"line":30,"column":11},"end":{"line":30,"column":23}},"loc":{"start":{"line":30,"column":27},"end":{"line":32,"column":3}},"line":30},"5":{"name":"(anonymous_5)","decl":{"start":{"line":38,"column":17},"end":{"line":38,"column":18}},"loc":{"start":{"line":38,"column":23},"end":{"line":38,"column":47}},"line":38},"6":{"name":"(anonymous_6)","decl":{"start":{"line":38,"column":31},"end":{"line":38,"column":32}},"loc":{"start":{"line":38,"column":41},"end":{"line":38,"column":46}},"line":38},"7":{"name":"(anonymous_7)","decl":{"start":{"line":54,"column":19},"end":{"line":54,"column":20}},"loc":{"start":{"line":54,"column":25},"end":{"line":54,"column":53}},"line":54},"8":{"name":"(anonymous_8)","decl":{"start":{"line":55,"column":21},"end":{"line":55,"column":22}},"loc":{"start":{"line":56,"column":12},"end":{"line":56,"column":67}},"line":56},"9":{"name":"(anonymous_9)","decl":{"start":{"line":74,"column":25},"end":{"line":74,"column":26}},"loc":{"start":{"line":74,"column":31},"end":{"line":74,"column":48}},"line":74},"10":{"name":"(anonymous_10)","decl":{"start":{"line":108,"column":19},"end":{"line":108,"column":20}},"loc":{"start":{"line":108,"column":25},"end":{"line":108,"column":63}},"line":108},"11":{"name":"(anonymous_11)","decl":{"start":{"line":109,"column":21},"end":{"line":109,"column":22}},"loc":{"start":{"line":110,"column":12},"end":{"line":110,"column":77}},"line":110},"12":{"name":"(anonymous_12)","decl":{"start":{"line":131,"column":19},"end":{"line":131,"column":20}},"loc":{"start":{"line":131,"column":25},"end":{"line":131,"column":63}},"line":131},"13":{"name":"(anonymous_13)","decl":{"start":{"line":132,"column":21},"end":{"line":132,"column":22}},"loc":{"start":{"line":133,"column":12},"end":{"line":133,"column":77}},"line":133}},"branchMap":{"0":{"loc":{"start":{"line":31,"column":4},"end":{"line":31,"column":46}},"type":"if","locations":[{"start":{"line":31,"column":4},"end":{"line":31,"column":46}},{"start":{},"end":{}}],"line":31},"1":{"loc":{"start":{"line":45,"column":10},"end":{"line":45,"column":39}},"type":"cond-expr","locations":[{"start":{"line":45,"column":18},"end":{"line":45,"column":34}},{"start":{"line":45,"column":37},"end":{"line":45,"column":39}}],"line":45},"2":{"loc":{"start":{"line":56,"column":12},"end":{"line":56,"column":67}},"type":"cond-expr","locations":[{"start":{"line":56,"column":32},"end":{"line":56,"column":60}},{"start":{"line":56,"column":63},"end":{"line":56,"column":67}}],"line":56},"3":{"loc":{"start":{"line":64,"column":14},"end":{"line":64,"column":65}},"type":"cond-expr","locations":[{"start":{"line":64,"column":22},"end":{"line":64,"column":54}},{"start":{"line":64,"column":57},"end":{"line":64,"column":65}}],"line":64},"4":{"loc":{"start":{"line":83,"column":14},"end":{"line":85,"column":165}},"type":"cond-expr","locations":[{"start":{"line":84,"column":18},"end":{"line":84,"column":155}},{"start":{"line":85,"column":18},"end":{"line":85,"column":165}}],"line":83},"5":{"loc":{"start":{"line":110,"column":12},"end":{"line":110,"column":77}},"type":"cond-expr","locations":[{"start":{"line":110,"column":32},"end":{"line":110,"column":70}},{"start":{"line":110,"column":73},"end":{"line":110,"column":77}}],"line":110},"6":{"loc":{"start":{"line":118,"column":14},"end":{"line":118,"column":70}},"type":"cond-expr","locations":[{"start":{"line":118,"column":27},"end":{"line":118,"column":59}},{"start":{"line":118,"column":62},"end":{"line":118,"column":70}}],"line":118},"7":{"loc":{"start":{"line":133,"column":12},"end":{"line":133,"column":77}},"type":"cond-expr","locations":[{"start":{"line":133,"column":32},"end":{"line":133,"column":70}},{"start":{"line":133,"column":73},"end":{"line":133,"column":77}}],"line":133},"8":{"loc":{"start":{"line":141,"column":14},"end":{"line":141,"column":70}},"type":"cond-expr","locations":[{"start":{"line":141,"column":27},"end":{"line":141,"column":59}},{"start":{"line":141,"column":62},"end":{"line":141,"column":70}}],"line":141}},"s":{"0":11,"1":11,"2":11,"3":11,"4":11,"5":0,"6":0,"7":0,"8":0,"9":0,"10":0,"11":11,"12":0,"13":0,"14":0,"15":0,"16":0,"17":0,"18":0,"19":0,"20":0},"f":{"0":11,"1":0,"2":0,"3":0,"4":0,"5":0,"6":0,"7":0,"8":0,"9":0,"10":0,"11":0,"12":0,"13":0},"b":{"0":[0,0],"1":[11,0],"2":[0,0],"3":[0,11],"4":[0,11],"5":[0,0],"6":[0,11],"7":[0,0],"8":[0,11]},"_coverageSchema":"1a1c01bbd47fc00a2c39e90264f33305004495a9","hash":"ba92a7fd712d293957ffc0be99978ae683f037a4"}
,"/home/runner/work/digital-dojo-engagement/digital-dojo-engagement/components/Sidenav.js": {"path":"/home/runner/work/digital-dojo-engagement/digital-dojo-engagement/components/Sidenav.js","statementMap":{"0":{"start":{"line":6,"column":16},"end":{"line":145,"column":1}},"1":{"start":{"line":7,"column":25},"end":{"line":7,"column":36}},"2":{"start":{"line":8,"column":26},"end":{"line":8,"column":41}},"3":{"start":{"line":9,"column":2},"end":{"line":144,"column":3}},"4":{"start":{"line":18,"column":24},"end":{"line":18,"column":38}},"5":{"start":{"line":48,"column":12},"end":{"line":50,"column":20}},"6":{"start":{"line":87,"column":12},"end":{"line":89,"column":20}},"7":{"start":{"line":111,"column":12},"end":{"line":113,"column":20}}},"fnMap":{"0":{"name":"(anonymous_0)","decl":{"start":{"line":6,"column":16},"end":{"line":6,"column":17}},"loc":{"start":{"line":6,"column":27},"end":{"line":145,"column":1}},"line":6},"1":{"name":"(anonymous_1)","decl":{"start":{"line":18,"column":17},"end":{"line":18,"column":18}},"loc":{"start":{"line":18,"column":24},"end":{"line":18,"column":38}},"line":18},"2":{"name":"(anonymous_2)","decl":{"start":{"line":47,"column":21},"end":{"line":47,"column":22}},"loc":{"start":{"line":48,"column":12},"end":{"line":50,"column":20}},"line":48},"3":{"name":"(anonymous_3)","decl":{"start":{"line":86,"column":21},"end":{"line":86,"column":22}},"loc":{"start":{"line":87,"column":12},"end":{"line":89,"column":20}},"line":87},"4":{"name":"(anonymous_4)","decl":{"start":{"line":110,"column":21},"end":{"line":110,"column":22}},"loc":{"start":{"line":111,"column":12},"end":{"line":113,"column":20}},"line":111}},"branchMap":{"0":{"loc":{"start":{"line":12,"column":8},"end":{"line":12,"column":41}},"type":"cond-expr","locations":[{"start":{"line":12,"column":15},"end":{"line":12,"column":23}},{"start":{"line":12,"column":26},"end":{"line":12,"column":41}}],"line":12},"1":{"loc":{"start":{"line":22,"column":12},"end":{"line":22,"column":66}},"type":"cond-expr","locations":[{"start":{"line":22,"column":19},"end":{"line":22,"column":61}},{"start":{"line":22,"column":64},"end":{"line":22,"column":66}}],"line":22},"2":{"loc":{"start":{"line":25,"column":49},"end":{"line":25,"column":69}},"type":"cond-expr","locations":[{"start":{"line":25,"column":56},"end":{"line":25,"column":64}},{"start":{"line":25,"column":67},"end":{"line":25,"column":69}}],"line":25},"3":{"loc":{"start":{"line":28,"column":12},"end":{"line":28,"column":67}},"type":"cond-expr","locations":[{"start":{"line":28,"column":19},"end":{"line":28,"column":62}},{"start":{"line":28,"column":65},"end":{"line":28,"column":67}}],"line":28},"4":{"loc":{"start":{"line":37,"column":14},"end":{"line":37,"column":68}},"type":"cond-expr","locations":[{"start":{"line":37,"column":33},"end":{"line":37,"column":63}},{"start":{"line":37,"column":66},"end":{"line":37,"column":68}}],"line":37},"5":{"loc":{"start":{"line":48,"column":12},"end":{"line":50,"column":20}},"type":"cond-expr","locations":[{"start":{"line":49,"column":17},"end":{"line":49,"column":65}},{"start":{"line":50,"column":16},"end":{"line":50,"column":20}}],"line":48},"6":{"loc":{"start":{"line":64,"column":16},"end":{"line":64,"column":79}},"type":"cond-expr","locations":[{"start":{"line":64,"column":44},"end":{"line":64,"column":74}},{"start":{"line":64,"column":77},"end":{"line":64,"column":79}}],"line":64},"7":{"loc":{"start":{"line":73,"column":16},"end":{"line":75,"column":22}},"type":"cond-expr","locations":[{"start":{"line":74,"column":20},"end":{"line":74,"column":50}},{"start":{"line":75,"column":20},"end":{"line":75,"column":22}}],"line":73},"8":{"loc":{"start":{"line":87,"column":12},"end":{"line":89,"column":20}},"type":"cond-expr","locations":[{"start":{"line":88,"column":17},"end":{"line":88,"column":72}},{"start":{"line":89,"column":16},"end":{"line":89,"column":20}}],"line":87},"9":{"loc":{"start":{"line":111,"column":12},"end":{"line":113,"column":20}},"type":"cond-expr","locations":[{"start":{"line":112,"column":17},"end":{"line":112,"column":72}},{"start":{"line":113,"column":16},"end":{"line":113,"column":20}}],"line":111}},"s":{"0":0,"1":0,"2":0,"3":0,"4":0,"5":0,"6":0,"7":0},"f":{"0":0,"1":0,"2":0,"3":0,"4":0},"b":{"0":[0,0],"1":[0,0],"2":[0,0],"3":[0,0],"4":[0,0],"5":[0,0],"6":[0,0],"7":[0,0],"8":[0,0],"9":[0,0]}}
,"/home/runner/work/digital-dojo-engagement/digital-dojo-engagement/components/ThemeChanger.js": {"path":"/home/runner/work/digital-dojo-engagement/digital-dojo-engagement/components/ThemeChanger.js","statementMap":{"0":{"start":{"line":6,"column":30},"end":{"line":6,"column":40}},"1":{"start":{"line":7,"column":36},"end":{"line":7,"column":51}},"2":{"start":{"line":10,"column":2},"end":{"line":12,"column":8}},"3":{"start":{"line":11,"column":4},"end":{"line":11,"column":22}},"4":{"start":{"line":14,"column":2},"end":{"line":14,"column":29}},"5":{"start":{"line":14,"column":18},"end":{"line":14,"column":29}},"6":{"start":{"line":16,"column":2},"end":{"line":24,"column":3}},"7":{"start":{"line":20,"column":21},"end":{"line":20,"column":66}}},"fnMap":{"0":{"name":"ThemeChanger","decl":{"start":{"line":5,"column":24},"end":{"line":5,"column":36}},"loc":{"start":{"line":5,"column":39},"end":{"line":25,"column":1}},"line":5},"1":{"name":"(anonymous_1)","decl":{"start":{"line":10,"column":12},"end":{"line":10,"column":13}},"loc":{"start":{"line":10,"column":18},"end":{"line":12,"column":3}},"line":10},"2":{"name":"(anonymous_2)","decl":{"start":{"line":20,"column":15},"end":{"line":20,"column":16}},"loc":{"start":{"line":20,"column":21},"end":{"line":20,"column":66}},"line":20}},"branchMap":{"0":{"loc":{"start":{"line":14,"column":2},"end":{"line":14,"column":29}},"type":"if","locations":[{"start":{"line":14,"column":2},"end":{"line":14,"column":29}},{"start":{},"end":{}}],"line":14},"1":{"loc":{"start":{"line":19,"column":28},"end":{"line":19,"column":63}},"type":"cond-expr","locations":[{"start":{"line":19,"column":47},"end":{"line":19,"column":54}},{"start":{"line":19,"column":57},"end":{"line":19,"column":63}}],"line":19},"2":{"loc":{"start":{"line":20,"column":30},"end":{"line":20,"column":65}},"type":"cond-expr","locations":[{"start":{"line":20,"column":49},"end":{"line":20,"column":56}},{"start":{"line":20,"column":59},"end":{"line":20,"column":65}}],"line":20},"3":{"loc":{"start":{"line":22,"column":7},"end":{"line":22,"column":48}},"type":"cond-expr","locations":[{"start":{"line":22,"column":26},"end":{"line":22,"column":35}},{"start":{"line":22,"column":38},"end":{"line":22,"column":48}}],"line":22}},"s":{"0":16,"1":16,"2":16,"3":8,"4":16,"5":8,"6":8,"7":0},"f":{"0":16,"1":8,"2":0},"b":{"0":[8,8],"1":[0,8],"2":[0,0],"3":[0,8]},"_coverageSchema":"1a1c01bbd47fc00a2c39e90264f33305004495a9","hash":"6a1dca7665ea2b176fa3f8d043a5c66cfd99053b"}
,"/home/runner/work/digital-dojo-engagement/digital-dojo-engagement/pages/404.js": {"path":"/home/runner/work/digital-dojo-engagement/digital-dojo-engagement/pages/404.js","statementMap":{"0":{"start":{"line":4,"column":2},"end":{"line":54,"column":3}},"1":{"start":{"line":59,"column":15},"end":{"line":72,"column":3}},"2":{"start":{"line":74,"column":2},"end":{"line":76,"column":3}}},"fnMap":{"0":{"name":"Custom404","decl":{"start":{"line":3,"column":24},"end":{"line":3,"column":33}},"loc":{"start":{"line":3,"column":36},"end":{"line":55,"column":1}},"line":3},"1":{"name":"getStaticProps","decl":{"start":{"line":57,"column":22},"end":{"line":57,"column":36}},"loc":{"start":{"line":57,"column":49},"end":{"line":77,"column":1}},"line":57}},"branchMap":{},"s":{"0":1,"1":1,"2":1},"f":{"0":1,"1":1},"b":{},"_coverageSchema":"1a1c01bbd47fc00a2c39e90264f33305004495a9","hash":"b3d01ff69c9cafe96451cc7ec641427fd087745a"}
,"/home/runner/work/digital-dojo-engagement/digital-dojo-engagement/pages/FAQ.js": {"path":"/home/runner/work/digital-dojo-engagement/digital-dojo-engagement/pages/FAQ.js","statementMap":{"0":{"start":{"line":10,"column":12},"end":{"line":10,"column":49}},"1":{"start":{"line":11,"column":2},"end":{"line":20,"column":3}},"2":{"start":{"line":17,"column":8},"end":{"line":17,"column":69}},"3":{"start":{"line":24,"column":18},"end":{"line":24,"column":38}},"4":{"start":{"line":30,"column":15},"end":{"line":43,"column":3}},"5":{"start":{"line":45,"column":2},"end":{"line":47,"column":3}},"6":{"start":{"line":50,"column":0},"end":{"line":60,"column":1}}},"fnMap":{"0":{"name":"FAQ","decl":{"start":{"line":9,"column":24},"end":{"line":9,"column":27}},"loc":{"start":{"line":9,"column":35},"end":{"line":21,"column":1}},"line":9},"1":{"name":"(anonymous_1)","decl":{"start":{"line":16,"column":21},"end":{"line":16,"column":22}},"loc":{"start":{"line":16,"column":42},"end":{"line":18,"column":7}},"line":16},"2":{"name":"getStaticProps","decl":{"start":{"line":23,"column":22},"end":{"line":23,"column":36}},"loc":{"start":{"line":23,"column":49},"end":{"line":48,"column":1}},"line":23}},"branchMap":{"0":{"loc":{"start":{"line":10,"column":12},"end":{"line":10,"column":49}},"type":"cond-expr","locations":[{"start":{"line":10,"column":36},"end":{"line":10,"column":41}},{"start":{"line":10,"column":44},"end":{"line":10,"column":49}}],"line":10}},"s":{"0":0,"1":0,"2":0,"3":0,"4":0,"5":0,"6":0},"f":{"0":0,"1":0,"2":0},"b":{"0":[0,0]}}
,"/home/runner/work/digital-dojo-engagement/digital-dojo-engagement/pages/_app.js": {"path":"/home/runner/work/digital-dojo-engagement/digital-dojo-engagement/pages/_app.js","statementMap":{},"fnMap":{"0":{"name":"MyApp","decl":{"start":{"line":5,"column":9},"end":{"line":5,"column":14}},"loc":{"start":{"line":5,"column":41},"end":{"line":23,"column":1}},"line":5}},"branchMap":{},"s":{},"f":{"0":1},"b":{},"_coverageSchema":"1a1c01bbd47fc00a2c39e90264f33305004495a9","hash":"11c77acc58e8a3c3b703617f8e0b12864948a7ea"}
,"/home/runner/work/digital-dojo-engagement/digital-dojo-engagement/pages/_error.js": {"path":"/home/runner/work/digital-dojo-engagement/digital-dojo-engagement/pages/_error.js","statementMap":{"0":{"start":{"line":4,"column":2},"end":{"line":62,"column":3}}},"fnMap":{"0":{"name":"CustomError","decl":{"start":{"line":3,"column":9},"end":{"line":3,"column":20}},"loc":{"start":{"line":3,"column":37},"end":{"line":63,"column":1}},"line":3}},"branchMap":{"0":{"loc":{"start":{"line":9,"column":11},"end":{"line":11,"column":43}},"type":"cond-expr","locations":[{"start":{"line":10,"column":14},"end":{"line":10,"column":57}},{"start":{"line":11,"column":14},"end":{"line":11,"column":43}}],"line":9},"1":{"loc":{"start":{"line":37,"column":11},"end":{"line":39,"column":45}},"type":"cond-expr","locations":[{"start":{"line":38,"column":14},"end":{"line":38,"column":36}},{"start":{"line":39,"column":14},"end":{"line":39,"column":45}}],"line":37}},"s":{"0":2},"f":{"0":2},"b":{"0":[1,1],"1":[1,1]},"_coverageSchema":"1a1c01bbd47fc00a2c39e90264f33305004495a9","hash":"7509ae6f97c4267290417b94d042cebe6221e6db"}
,"/home/runner/work/digital-dojo-engagement/digital-dojo-engagement/pages/contact.js": {"path":"/home/runner/work/digital-dojo-engagement/digital-dojo-engagement/pages/contact.js","statementMap":{"0":{"start":{"line":7,"column":12},"end":{"line":7,"column":37}},"1":{"start":{"line":8,"column":28},"end":{"line":8,"column":40}},"2":{"start":{"line":9,"column":30},"end":{"line":9,"column":40}},"3":{"start":{"line":12,"column":4},"end":{"line":15,"column":7}},"4":{"start":{"line":12,"column":24},"end":{"line":15,"column":5}},"5":{"start":{"line":19,"column":4},"end":{"line":19,"column":22}},"6":{"start":{"line":20,"column":4},"end":{"line":33,"column":5}},"7":{"start":{"line":21,"column":6},"end":{"line":21,"column":17}},"8":{"start":{"line":22,"column":16},"end":{"line":28,"column":8}},"9":{"start":{"line":29,"column":6},"end":{"line":29,"column":22}},"10":{"start":{"line":30,"column":6},"end":{"line":30,"column":27}},"11":{"start":{"line":32,"column":6},"end":{"line":32,"column":20}},"12":{"start":{"line":36,"column":2},"end":{"line":166,"column":3}},"13":{"start":{"line":174,"column":15},"end":{"line":187,"column":3}},"14":{"start":{"line":189,"column":2},"end":{"line":191,"column":3}}},"fnMap":{"0":{"name":"Contact","decl":{"start":{"line":6,"column":24},"end":{"line":6,"column":31}},"loc":{"start":{"line":6,"column":44},"end":{"line":167,"column":1}},"line":6},"1":{"name":"handleChange","decl":{"start":{"line":11,"column":11},"end":{"line":11,"column":23}},"loc":{"start":{"line":11,"column":27},"end":{"line":16,"column":3}},"line":11},"2":{"name":"(anonymous_2)","decl":{"start":{"line":12,"column":13},"end":{"line":12,"column":14}},"loc":{"start":{"line":12,"column":24},"end":{"line":15,"column":5}},"line":12},"3":{"name":"handleSubmit","decl":{"start":{"line":18,"column":17},"end":{"line":18,"column":29}},"loc":{"start":{"line":18,"column":33},"end":{"line":34,"column":3}},"line":18},"4":{"name":"getStaticProps","decl":{"start":{"line":169,"column":22},"end":{"line":169,"column":36}},"loc":{"start":{"line":169,"column":49},"end":{"line":192,"column":1}},"line":169}},"branchMap":{"0":{"loc":{"start":{"line":7,"column":12},"end":{"line":7,"column":37}},"type":"cond-expr","locations":[{"start":{"line":7,"column":30},"end":{"line":7,"column":32}},{"start":{"line":7,"column":35},"end":{"line":7,"column":37}}],"line":7},"1":{"loc":{"start":{"line":155,"column":7},"end":{"line":164,"column":7}},"type":"binary-expr","locations":[{"start":{"line":155,"column":7},"end":{"line":155,"column":13}},{"start":{"line":156,"column":8},"end":{"line":163,"column":14}}],"line":155},"2":{"loc":{"start":{"line":159,"column":12},"end":{"line":159,"column":58}},"type":"cond-expr","locations":[{"start":{"line":159,"column":29},"end":{"line":159,"column":43}},{"start":{"line":159,"column":46},"end":{"line":159,"column":58}}],"line":159},"3":{"loc":{"start":{"line":162,"column":13},"end":{"line":162,"column":58}},"type":"cond-expr","locations":[{"start":{"line":162,"column":30},"end":{"line":162,"column":41}},{"start":{"line":162,"column":44},"end":{"line":162,"column":58}}],"line":162}},"s":{"0":0,"1":0,"2":0,"3":0,"4":0,"5":0,"6":0,"7":0,"8":0,"9":0,"10":0,"11":0,"12":0,"13":0,"14":0},"f":{"0":0,"1":0,"2":0,"3":0,"4":0},"b":{"0":[0,0],"1":[0,0],"2":[0,0],"3":[0,0]}}
,"/home/runner/work/digital-dojo-engagement/digital-dojo-engagement/pages/engagement.js": {"path":"/home/runner/work/digital-dojo-engagement/digital-dojo-engagement/pages/engagement.js","statementMap":{"0":{"start":{"line":7,"column":12},"end":{"line":7,"column":37}},"1":{"start":{"line":8,"column":28},"end":{"line":8,"column":40}},"2":{"start":{"line":9,"column":30},"end":{"line":9,"column":40}},"3":{"start":{"line":12,"column":4},"end":{"line":15,"column":7}},"4":{"start":{"line":12,"column":24},"end":{"line":15,"column":5}},"5":{"start":{"line":19,"column":4},"end":{"line":19,"column":22}},"6":{"start":{"line":20,"column":4},"end":{"line":32,"column":5}},"7":{"start":{"line":21,"column":6},"end":{"line":21,"column":17}},"8":{"start":{"line":22,"column":16},"end":{"line":28,"column":8}},"9":{"start":{"line":29,"column":6},"end":{"line":29,"column":27}},"10":{"start":{"line":31,"column":6},"end":{"line":31,"column":20}},"11":{"start":{"line":35,"column":2},"end":{"line":197,"column":3}},"12":{"start":{"line":205,"column":15},"end":{"line":218,"column":3}},"13":{"start":{"line":220,"column":2},"end":{"line":222,"column":3}}},"fnMap":{"0":{"name":"Engagement","decl":{"start":{"line":6,"column":24},"end":{"line":6,"column":34}},"loc":{"start":{"line":6,"column":47},"end":{"line":198,"column":1}},"line":6},"1":{"name":"handleChange","decl":{"start":{"line":11,"column":11},"end":{"line":11,"column":23}},"loc":{"start":{"line":11,"column":27},"end":{"line":16,"column":3}},"line":11},"2":{"name":"(anonymous_2)","decl":{"start":{"line":12,"column":13},"end":{"line":12,"column":14}},"loc":{"start":{"line":12,"column":24},"end":{"line":15,"column":5}},"line":12},"3":{"name":"handleSubmit","decl":{"start":{"line":18,"column":17},"end":{"line":18,"column":29}},"loc":{"start":{"line":18,"column":33},"end":{"line":33,"column":3}},"line":18},"4":{"name":"getStaticProps","decl":{"start":{"line":200,"column":22},"end":{"line":200,"column":36}},"loc":{"start":{"line":200,"column":49},"end":{"line":223,"column":1}},"line":200}},"branchMap":{"0":{"loc":{"start":{"line":7,"column":12},"end":{"line":7,"column":37}},"type":"cond-expr","locations":[{"start":{"line":7,"column":30},"end":{"line":7,"column":32}},{"start":{"line":7,"column":35},"end":{"line":7,"column":37}}],"line":7},"1":{"loc":{"start":{"line":186,"column":7},"end":{"line":195,"column":7}},"type":"binary-expr","locations":[{"start":{"line":186,"column":7},"end":{"line":186,"column":13}},{"start":{"line":187,"column":8},"end":{"line":194,"column":14}}],"line":186},"2":{"loc":{"start":{"line":190,"column":12},"end":{"line":190,"column":58}},"type":"cond-expr","locations":[{"start":{"line":190,"column":29},"end":{"line":190,"column":43}},{"start":{"line":190,"column":46},"end":{"line":190,"column":58}}],"line":190},"3":{"loc":{"start":{"line":193,"column":13},"end":{"line":193,"column":58}},"type":"cond-expr","locations":[{"start":{"line":193,"column":30},"end":{"line":193,"column":41}},{"start":{"line":193,"column":44},"end":{"line":193,"column":58}}],"line":193}},"s":{"0":3,"1":3,"2":3,"3":1,"4":1,"5":0,"6":0,"7":0,"8":0,"9":0,"10":0,"11":3,"12":1,"13":1},"f":{"0":3,"1":1,"2":1,"3":0,"4":1},"b":{"0":[3,0],"1":[3,0],"2":[0,0],"3":[0,0]},"_coverageSchema":"1a1c01bbd47fc00a2c39e90264f33305004495a9","hash":"57441e572cb9c2a3e8a169a90830eb3d57c63727"}
,"/home/runner/work/digital-dojo-engagement/digital-dojo-engagement/pages/home.js": {"path":"/home/runner/work/digital-dojo-engagement/digital-dojo-engagement/pages/home.js","statementMap":{"0":{"start":{"line":15,"column":13},"end":{"line":15,"column":52}},"1":{"start":{"line":17,"column":2},"end":{"line":17,"column":26}},"2":{"start":{"line":18,"column":2},"end":{"line":18,"column":22}},"3":{"start":{"line":19,"column":2},"end":{"line":19,"column":21}},"4":{"start":{"line":20,"column":2},"end":{"line":22,"column":8}},"5":{"start":{"line":21,"column":4},"end":{"line":21,"column":32}},"6":{"start":{"line":24,"column":28},"end":{"line":24,"column":39}},"7":{"start":{"line":25,"column":22},"end":{"line":27,"column":3}},"8":{"start":{"line":26,"column":4},"end":{"line":26,"column":23}},"9":{"start":{"line":29,"column":2},"end":{"line":128,"column":3}},"10":{"start":{"line":132,"column":18},"end":{"line":132,"column":38}},"11":{"start":{"line":138,"column":15},"end":{"line":151,"column":3}},"12":{"start":{"line":153,"column":2},"end":{"line":155,"column":3}},"13":{"start":{"line":158,"column":0},"end":{"line":168,"column":1}}},"fnMap":{"0":{"name":"Home","decl":{"start":{"line":12,"column":24},"end":{"line":12,"column":28}},"loc":{"start":{"line":12,"column":36},"end":{"line":129,"column":1}},"line":12},"1":{"name":"(anonymous_1)","decl":{"start":{"line":20,"column":12},"end":{"line":20,"column":13}},"loc":{"start":{"line":20,"column":18},"end":{"line":22,"column":3}},"line":20},"2":{"name":"(anonymous_2)","decl":{"start":{"line":25,"column":22},"end":{"line":25,"column":23}},"loc":{"start":{"line":25,"column":29},"end":{"line":27,"column":3}},"line":25},"3":{"name":"getStaticProps","decl":{"start":{"line":131,"column":22},"end":{"line":131,"column":36}},"loc":{"start":{"line":131,"column":49},"end":{"line":156,"column":1}},"line":131}},"branchMap":{"0":{"loc":{"start":{"line":15,"column":13},"end":{"line":15,"column":52}},"type":"cond-expr","locations":[{"start":{"line":15,"column":37},"end":{"line":15,"column":43}},{"start":{"line":15,"column":46},"end":{"line":15,"column":52}}],"line":15},"1":{"loc":{"start":{"line":34,"column":28},"end":{"line":34,"column":45}},"type":"binary-expr","locations":[{"start":{"line":34,"column":28},"end":{"line":34,"column":33}},{"start":{"line":34,"column":37},"end":{"line":34,"column":45}}],"line":34},"2":{"loc":{"start":{"line":41,"column":28},"end":{"line":41,"column":46}},"type":"binary-expr","locations":[{"start":{"line":41,"column":28},"end":{"line":41,"column":34}},{"start":{"line":41,"column":38},"end":{"line":41,"column":46}}],"line":41},"3":{"loc":{"start":{"line":53,"column":18},"end":{"line":53,"column":40}},"type":"binary-expr","locations":[{"start":{"line":53,"column":18},"end":{"line":53,"column":23}},{"start":{"line":53,"column":27},"end":{"line":53,"column":40}}],"line":53},"4":{"loc":{"start":{"line":60,"column":18},"end":{"line":60,"column":41}},"type":"binary-expr","locations":[{"start":{"line":60,"column":18},"end":{"line":60,"column":24}},{"start":{"line":60,"column":28},"end":{"line":60,"column":41}}],"line":60},"5":{"loc":{"start":{"line":97,"column":37},"end":{"line":97,"column":72}},"type":"cond-expr","locations":[{"start":{"line":97,"column":61},"end":{"line":97,"column":65}},{"start":{"line":97,"column":68},"end":{"line":97,"column":72}}],"line":97},"6":{"loc":{"start":{"line":102,"column":38},"end":{"line":102,"column":73}},"type":"cond-expr","locations":[{"start":{"line":102,"column":62},"end":{"line":102,"column":66}},{"start":{"line":102,"column":69},"end":{"line":102,"column":73}}],"line":102}},"s":{"0":1,"1":1,"2":1,"3":1,"4":1,"5":1,"6":1,"7":1,"8":0,"9":1,"10":1,"11":1,"12":1,"13":1},"f":{"0":1,"1":1,"2":0,"3":1},"b":{"0":[1,0],"1":[1,0],"2":[1,1],"3":[1,0],"4":[1,1],"5":[1,0],"6":[1,0]},"_coverageSchema":"1a1c01bbd47fc00a2c39e90264f33305004495a9","hash":"2baeae2aff04a5de0c4790deba31368cde309cbe"}
,"/home/runner/work/digital-dojo-engagement/digital-dojo-engagement/pages/index.js": {"path":"/home/runner/work/digital-dojo-engagement/digital-dojo-engagement/pages/index.js","statementMap":{"0":{"start":{"line":6,"column":2},"end":{"line":53,"column":3}},"1":{"start":{"line":56,"column":0},"end":{"line":58,"column":1}},"2":{"start":{"line":57,"column":2},"end":{"line":57,"column":20}},"3":{"start":{"line":62,"column":15},"end":{"line":75,"column":3}},"4":{"start":{"line":77,"column":2},"end":{"line":79,"column":3}}},"fnMap":{"0":{"name":"Index","decl":{"start":{"line":5,"column":24},"end":{"line":5,"column":29}},"loc":{"start":{"line":5,"column":37},"end":{"line":54,"column":1}},"line":5},"1":{"name":"PageLayout","decl":{"start":{"line":56,"column":27},"end":{"line":56,"column":37}},"loc":{"start":{"line":56,"column":44},"end":{"line":58,"column":1}},"line":56},"2":{"name":"getStaticProps","decl":{"start":{"line":60,"column":22},"end":{"line":60,"column":36}},"loc":{"start":{"line":60,"column":49},"end":{"line":80,"column":1}},"line":60}},"branchMap":{},"s":{"0":2,"1":2,"2":1,"3":1,"4":1},"f":{"0":2,"1":1,"2":1},"b":{},"_coverageSchema":"1a1c01bbd47fc00a2c39e90264f33305004495a9","hash":"95b372d3fb9ab532fea8b5a34287a28192a5a49a"}
,"/home/runner/work/digital-dojo-engagement/digital-dojo-engagement/pages/tools-and-resources.js": {"path":"/home/runner/work/digital-dojo-engagement/digital-dojo-engagement/pages/tools-and-resources.js","statementMap":{"0":{"start":{"line":9,"column":28},"end":{"line":9,"column":41}},"1":{"start":{"line":10,"column":12},"end":{"line":10,"column":37}},"2":{"start":{"line":11,"column":16},"end":{"line":11,"column":53}},"3":{"start":{"line":12,"column":20},"end":{"line":12,"column":70}},"4":{"start":{"line":12,"column":61},"end":{"line":12,"column":68}},"5":{"start":{"line":16,"column":2},"end":{"line":18,"column":14}},"6":{"start":{"line":17,"column":4},"end":{"line":17,"column":17}},"7":{"start":{"line":20,"column":2},"end":{"line":108,"column":3}},"8":{"start":{"line":84,"column":12},"end":{"line":96,"column":21}},"9":{"start":{"line":86,"column":30},"end":{"line":86,"column":54}},"10":{"start":{"line":101,"column":30},"end":{"line":101,"column":47}},"11":{"start":{"line":103,"column":14},"end":{"line":103,"column":49}},"12":{"start":{"line":117,"column":15},"end":{"line":130,"column":3}},"13":{"start":{"line":132,"column":2},"end":{"line":134,"column":3}}},"fnMap":{"0":{"name":"ToolsAndResources","decl":{"start":{"line":8,"column":24},"end":{"line":8,"column":41}},"loc":{"start":{"line":8,"column":54},"end":{"line":109,"column":1}},"line":8},"1":{"name":"(anonymous_1)","decl":{"start":{"line":12,"column":51},"end":{"line":12,"column":52}},"loc":{"start":{"line":12,"column":61},"end":{"line":12,"column":68}},"line":12},"2":{"name":"(anonymous_2)","decl":{"start":{"line":16,"column":12},"end":{"line":16,"column":13}},"loc":{"start":{"line":16,"column":18},"end":{"line":18,"column":3}},"line":16},"3":{"name":"(anonymous_3)","decl":{"start":{"line":83,"column":49},"end":{"line":83,"column":50}},"loc":{"start":{"line":84,"column":12},"end":{"line":96,"column":21}},"line":84},"4":{"name":"(anonymous_4)","decl":{"start":{"line":86,"column":23},"end":{"line":86,"column":24}},"loc":{"start":{"line":86,"column":30},"end":{"line":86,"column":54}},"line":86},"5":{"name":"(anonymous_5)","decl":{"start":{"line":101,"column":20},"end":{"line":101,"column":21}},"loc":{"start":{"line":101,"column":30},"end":{"line":101,"column":47}},"line":101},"6":{"name":"(anonymous_6)","decl":{"start":{"line":102,"column":17},"end":{"line":102,"column":18}},"loc":{"start":{"line":103,"column":14},"end":{"line":103,"column":49}},"line":103},"7":{"name":"getStaticProps","decl":{"start":{"line":111,"column":22},"end":{"line":111,"column":36}},"loc":{"start":{"line":111,"column":49},"end":{"line":135,"column":1}},"line":111}},"branchMap":{"0":{"loc":{"start":{"line":10,"column":12},"end":{"line":10,"column":37}},"type":"cond-expr","locations":[{"start":{"line":10,"column":30},"end":{"line":10,"column":32}},{"start":{"line":10,"column":35},"end":{"line":10,"column":37}}],"line":10},"1":{"loc":{"start":{"line":11,"column":16},"end":{"line":11,"column":53}},"type":"cond-expr","locations":[{"start":{"line":11,"column":34},"end":{"line":11,"column":42}},{"start":{"line":11,"column":45},"end":{"line":11,"column":53}}],"line":11},"2":{"loc":{"start":{"line":89,"column":16},"end":{"line":89,"column":70}},"type":"cond-expr","locations":[{"start":{"line":89,"column":35},"end":{"line":89,"column":65}},{"start":{"line":89,"column":68},"end":{"line":89,"column":70}}],"line":89},"3":{"loc":{"start":{"line":90,"column":18},"end":{"line":90,"column":59}},"type":"cond-expr","locations":[{"start":{"line":90,"column":42},"end":{"line":90,"column":44}},{"start":{"line":90,"column":47},"end":{"line":90,"column":59}}],"line":90},"4":{"loc":{"start":{"line":92,"column":24},"end":{"line":92,"column":54}},"type":"cond-expr","locations":[{"start":{"line":92,"column":48},"end":{"line":92,"column":49}},{"start":{"line":92,"column":52},"end":{"line":92,"column":54}}],"line":92}},"s":{"0":4,"1":4,"2":4,"3":4,"4":100,"5":4,"6":3,"7":4,"8":104,"9":1,"10":100,"11":14,"12":1,"13":1},"f":{"0":4,"1":100,"2":3,"3":104,"4":1,"5":100,"6":14,"7":1},"b":{"0":[4,0],"1":[4,0],"2":[4,100],"3":[48,56],"4":[48,56]},"_coverageSchema":"1a1c01bbd47fc00a2c39e90264f33305004495a9","hash":"36260fc76e90a033d49d078b855d27be303cec72"}
,"/home/runner/work/digital-dojo-engagement/digital-dojo-engagement/pages/about/coaches.js": {"path":"/home/runner/work/digital-dojo-engagement/digital-dojo-engagement/pages/about/coaches.js","statementMap":{"0":{"start":{"line":6,"column":2},"end":{"line":28,"column":3}},"1":{"start":{"line":18,"column":10},"end":{"line":24,"column":12}},"2":{"start":{"line":32,"column":20},"end":{"line":32,"column":38}},"3":{"start":{"line":39,"column":15},"end":{"line":52,"column":3}},"4":{"start":{"line":54,"column":2},"end":{"line":56,"column":3}}},"fnMap":{"0":{"name":"Coaches","decl":{"start":{"line":5,"column":24},"end":{"line":5,"column":31}},"loc":{"start":{"line":5,"column":49},"end":{"line":29,"column":1}},"line":5},"1":{"name":"(anonymous_1)","decl":{"start":{"line":17,"column":25},"end":{"line":17,"column":26}},"loc":{"start":{"line":18,"column":10},"end":{"line":24,"column":12}},"line":18},"2":{"name":"getStaticProps","decl":{"start":{"line":31,"column":22},"end":{"line":31,"column":36}},"loc":{"start":{"line":31,"column":49},"end":{"line":57,"column":1}},"line":31}},"branchMap":{},"s":{"0":0,"1":0,"2":0,"3":0,"4":0},"f":{"0":0,"1":0,"2":0},"b":{}}
,"/home/runner/work/digital-dojo-engagement/digital-dojo-engagement/pages/api/contact.js": {"path":"/home/runner/work/digital-dojo-engagement/digital-dojo-engagement/pages/api/contact.js","statementMap":{"0":{"start":{"line":5,"column":2},"end":{"line":5,"column":23}},"1":{"start":{"line":6,"column":22},"end":{"line":14,"column":4}},"2":{"start":{"line":16,"column":2},"end":{"line":43,"column":3}},"3":{"start":{"line":17,"column":4},"end":{"line":38,"column":6}},"4":{"start":{"line":39,"column":4},"end":{"line":39,"column":48}},"5":{"start":{"line":41,"column":4},"end":{"line":41,"column":18}},"6":{"start":{"line":42,"column":4},"end":{"line":42,"column":55}}},"fnMap":{"0":{"name":"(anonymous_0)","decl":{"start":{"line":4,"column":15},"end":{"line":4,"column":16}},"loc":{"start":{"line":4,"column":41},"end":{"line":44,"column":1}},"line":4}},"branchMap":{},"s":{"0":0,"1":0,"2":0,"3":0,"4":0,"5":0,"6":0},"f":{"0":0},"b":{}}
,"/home/runner/work/digital-dojo-engagement/digital-dojo-engagement/pages/api/envAPIExample.js": {"path":"/home/runner/work/digital-dojo-engagement/digital-dojo-engagement/pages/api/envAPIExample.js","statementMap":{},"fnMap":{},"branchMap":{},"s":{},"f":{},"b":{}}
,"/home/runner/work/digital-dojo-engagement/digital-dojo-engagement/pages/api/metrics.js": {"path":"/home/runner/work/digital-dojo-engagement/digital-dojo-engagement/pages/api/metrics.js","statementMap":{},"fnMap":{},"branchMap":{},"s":{},"f":{},"b":{}}
,"/home/runner/work/digital-dojo-engagement/digital-dojo-engagement/pages/api/socket.js": {"path":"/home/runner/work/digital-dojo-engagement/digital-dojo-engagement/pages/api/socket.js","statementMap":{"0":{"start":{"line":3,"column":12},"end":{"line":3,"column":14}},"1":{"start":{"line":6,"column":2},"end":{"line":9,"column":3}},"2":{"start":{"line":7,"column":4},"end":{"line":7,"column":13}},"3":{"start":{"line":8,"column":4},"end":{"line":8,"column":10}},"4":{"start":{"line":11,"column":13},"end":{"line":11,"column":42}},"5":{"start":{"line":12,"column":2},"end":{"line":12,"column":27}},"6":{"start":{"line":14,"column":2},"end":{"line":63,"column":4}},"7":{"start":{"line":15,"column":4},"end":{"line":28,"column":6}},"8":{"start":{"line":16,"column":6},"end":{"line":25,"column":7}},"9":{"start":{"line":17,"column":8},"end":{"line":22,"column":9}},"10":{"start":{"line":24,"column":8},"end":{"line":24,"column":63}},"11":{"start":{"line":26,"column":6},"end":{"line":26,"column":23}},"12":{"start":{"line":27,"column":6},"end":{"line":27,"column":48}},"13":{"start":{"line":30,"column":4},"end":{"line":33,"column":6}},"14":{"start":{"line":31,"column":6},"end":{"line":31,"column":54}},"15":{"start":{"line":32,"column":6},"end":{"line":32,"column":48}},"16":{"start":{"line":35,"column":4},"end":{"line":37,"column":6}},"17":{"start":{"line":36,"column":6},"end":{"line":36,"column":48}},"18":{"start":{"line":39,"column":4},"end":{"line":44,"column":6}},"19":{"start":{"line":40,"column":6},"end":{"line":42,"column":7}},"20":{"start":{"line":41,"column":8},"end":{"line":41,"column":45}},"21":{"start":{"line":43,"column":6},"end":{"line":43,"column":48}},"22":{"start":{"line":46,"column":4},"end":{"line":48,"column":6}},"23":{"start":{"line":47,"column":6},"end":{"line":47,"column":61}},"24":{"start":{"line":50,"column":4},"end":{"line":57,"column":6}},"25":{"start":{"line":51,"column":6},"end":{"line":51,"column":47}},"26":{"start":{"line":52,"column":6},"end":{"line":54,"column":7}},"27":{"start":{"line":53,"column":8},"end":{"line":53,"column":26}},"28":{"start":{"line":55,"column":6},"end":{"line":55,"column":24}},"29":{"start":{"line":56,"column":6},"end":{"line":56,"column":48}},"30":{"start":{"line":59,"column":4},"end":{"line":62,"column":6}},"31":{"start":{"line":60,"column":6},"end":{"line":60,"column":51}},"32":{"start":{"line":61,"column":6},"end":{"line":61,"column":48}},"33":{"start":{"line":65,"column":2},"end":{"line":65,"column":11}}},"fnMap":{"0":{"name":"SocketHandler","decl":{"start":{"line":5,"column":24},"end":{"line":5,"column":37}},"loc":{"start":{"line":5,"column":48},"end":{"line":66,"column":1}},"line":5},"1":{"name":"(anonymous_1)","decl":{"start":{"line":14,"column":22},"end":{"line":14,"column":23}},"loc":{"start":{"line":14,"column":34},"end":{"line":63,"column":3}},"line":14},"2":{"name":"(anonymous_2)","decl":{"start":{"line":15,"column":27},"end":{"line":15,"column":28}},"loc":{"start":{"line":15,"column":55},"end":{"line":28,"column":5}},"line":15},"3":{"name":"(anonymous_3)","decl":{"start":{"line":30,"column":36},"end":{"line":30,"column":37}},"loc":{"start":{"line":30,"column":58},"end":{"line":33,"column":5}},"line":30},"4":{"name":"(anonymous_4)","decl":{"start":{"line":35,"column":28},"end":{"line":35,"column":29}},"loc":{"start":{"line":35,"column":48},"end":{"line":37,"column":5}},"line":35},"5":{"name":"(anonymous_5)","decl":{"start":{"line":39,"column":29},"end":{"line":39,"column":30}},"loc":{"start":{"line":39,"column":43},"end":{"line":44,"column":5}},"line":39},"6":{"name":"(anonymous_6)","decl":{"start":{"line":46,"column":30},"end":{"line":46,"column":31}},"loc":{"start":{"line":46,"column":51},"end":{"line":48,"column":5}},"line":46},"7":{"name":"(anonymous_7)","decl":{"start":{"line":50,"column":28},"end":{"line":50,"column":29}},"loc":{"start":{"line":50,"column":42},"end":{"line":57,"column":5}},"line":50},"8":{"name":"(anonymous_8)","decl":{"start":{"line":59,"column":30},"end":{"line":59,"column":31}},"loc":{"start":{"line":59,"column":49},"end":{"line":62,"column":5}},"line":59}},"branchMap":{"0":{"loc":{"start":{"line":6,"column":2},"end":{"line":9,"column":3}},"type":"if","locations":[{"start":{"line":6,"column":2},"end":{"line":9,"column":3}},{"start":{},"end":{}}],"line":6},"1":{"loc":{"start":{"line":16,"column":6},"end":{"line":25,"column":7}},"type":"if","locations":[{"start":{"line":16,"column":6},"end":{"line":25,"column":7}},{"start":{"line":23,"column":13},"end":{"line":25,"column":7}}],"line":16},"2":{"loc":{"start":{"line":52,"column":6},"end":{"line":54,"column":7}},"type":"if","locations":[{"start":{"line":52,"column":6},"end":{"line":54,"column":7}},{"start":{},"end":{}}],"line":52}},"s":{"0":0,"1":0,"2":0,"3":0,"4":0,"5":0,"6":0,"7":0,"8":0,"9":0,"10":0,"11":0,"12":0,"13":0,"14":0,"15":0,"16":0,"17":0,"18":0,"19":0,"20":0,"21":0,"22":0,"23":0,"24":0,"25":0,"26":0,"27":0,"28":0,"29":0,"30":0,"31":0,"32":0,"33":0},"f":{"0":0,"1":0,"2":0,"3":0,"4":0,"5":0,"6":0,"7":0,"8":0},"b":{"0":[0,0],"1":[0,0],"2":[0,0]}}
,"/home/runner/work/digital-dojo-engagement/digital-dojo-engagement/pages/api/startEngagement.js": {"path":"/home/runner/work/digital-dojo-engagement/digital-dojo-engagement/pages/api/startEngagement.js","statementMap":{"0":{"start":{"line":5,"column":22},"end":{"line":13,"column":4}},"1":{"start":{"line":15,"column":2},"end":{"line":43,"column":3}},"2":{"start":{"line":16,"column":4},"end":{"line":39,"column":6}},"3":{"start":{"line":40,"column":4},"end":{"line":40,"column":48}},"4":{"start":{"line":42,"column":4},"end":{"line":42,"column":55}}},"fnMap":{"0":{"name":"(anonymous_0)","decl":{"start":{"line":4,"column":15},"end":{"line":4,"column":16}},"loc":{"start":{"line":4,"column":41},"end":{"line":44,"column":1}},"line":4}},"branchMap":{},"s":{"0":0,"1":0,"2":0,"3":0,"4":0},"f":{"0":0},"b":{}}
,"/home/runner/work/digital-dojo-engagement/digital-dojo-engagement/pages/belt-assessment/belt-results.js": {"path":"/home/runner/work/digital-dojo-engagement/digital-dojo-engagement/pages/belt-assessment/belt-results.js","statementMap":{"0":{"start":{"line":9,"column":12},"end":{"line":9,"column":37}},"1":{"start":{"line":10,"column":17},"end":{"line":10,"column":28}},"2":{"start":{"line":11,"column":28},"end":{"line":11,"column":40}},"3":{"start":{"line":13,"column":2},"end":{"line":19,"column":8}},"4":{"start":{"line":14,"column":4},"end":{"line":18,"column":5}},"5":{"start":{"line":15,"column":6},"end":{"line":15,"column":46}},"6":{"start":{"line":17,"column":6},"end":{"line":17,"column":22}},"7":{"start":{"line":21,"column":17},"end":{"line":35,"column":3}},"8":{"start":{"line":37,"column":2},"end":{"line":70,"column":3}},"9":{"start":{"line":44,"column":8},"end":{"line":50,"column":10}},"10":{"start":{"line":54,"column":25},"end":{"line":54,"column":68}},"11":{"start":{"line":61,"column":12},"end":{"line":61,"column":53}},"12":{"start":{"line":62,"column":12},"end":{"line":62,"column":55}},"13":{"start":{"line":81,"column":15},"end":{"line":94,"column":3}},"14":{"start":{"line":96,"column":2},"end":{"line":98,"column":3}}},"fnMap":{"0":{"name":"BeltResults","decl":{"start":{"line":8,"column":24},"end":{"line":8,"column":35}},"loc":{"start":{"line":8,"column":48},"end":{"line":71,"column":1}},"line":8},"1":{"name":"(anonymous_1)","decl":{"start":{"line":13,"column":12},"end":{"line":13,"column":13}},"loc":{"start":{"line":13,"column":18},"end":{"line":19,"column":3}},"line":13},"2":{"name":"(anonymous_2)","decl":{"start":{"line":43,"column":31},"end":{"line":43,"column":32}},"loc":{"start":{"line":44,"column":8},"end":{"line":50,"column":10}},"line":44},"3":{"name":"(anonymous_3)","decl":{"start":{"line":54,"column":19},"end":{"line":54,"column":20}},"loc":{"start":{"line":54,"column":25},"end":{"line":54,"column":68}},"line":54},"4":{"name":"(anonymous_4)","decl":{"start":{"line":60,"column":19},"end":{"line":60,"column":20}},"loc":{"start":{"line":60,"column":25},"end":{"line":63,"column":11}},"line":60},"5":{"name":"getStaticProps","decl":{"start":{"line":73,"column":22},"end":{"line":73,"column":36}},"loc":{"start":{"line":73,"column":49},"end":{"line":99,"column":1}},"line":73}},"branchMap":{"0":{"loc":{"start":{"line":9,"column":12},"end":{"line":9,"column":37}},"type":"cond-expr","locations":[{"start":{"line":9,"column":30},"end":{"line":9,"column":32}},{"start":{"line":9,"column":35},"end":{"line":9,"column":37}}],"line":9}},"s":{"0":0,"1":0,"2":0,"3":0,"4":0,"5":0,"6":0,"7":0,"8":0,"9":0,"10":0,"11":0,"12":0,"13":0,"14":0},"f":{"0":0,"1":0,"2":0,"3":0,"4":0,"5":0},"b":{"0":[0,0]}}
,"/home/runner/work/digital-dojo-engagement/digital-dojo-engagement/pages/belt-assessment/belt-system.js": {"path":"/home/runner/work/digital-dojo-engagement/digital-dojo-engagement/pages/belt-assessment/belt-system.js","statementMap":{"0":{"start":{"line":7,"column":12},"end":{"line":7,"column":37}},"1":{"start":{"line":8,"column":2},"end":{"line":24,"column":3}},"2":{"start":{"line":35,"column":15},"end":{"line":48,"column":3}},"3":{"start":{"line":50,"column":2},"end":{"line":52,"column":3}}},"fnMap":{"0":{"name":"BeltSystem","decl":{"start":{"line":6,"column":24},"end":{"line":6,"column":34}},"loc":{"start":{"line":6,"column":47},"end":{"line":25,"column":1}},"line":6},"1":{"name":"getStaticProps","decl":{"start":{"line":27,"column":22},"end":{"line":27,"column":36}},"loc":{"start":{"line":27,"column":49},"end":{"line":53,"column":1}},"line":27}},"branchMap":{"0":{"loc":{"start":{"line":7,"column":12},"end":{"line":7,"column":37}},"type":"cond-expr","locations":[{"start":{"line":7,"column":30},"end":{"line":7,"column":32}},{"start":{"line":7,"column":35},"end":{"line":7,"column":37}}],"line":7}},"s":{"0":0,"1":0,"2":0,"3":0},"f":{"0":0,"1":0},"b":{"0":[0,0]}}
,"/home/runner/work/digital-dojo-engagement/digital-dojo-engagement/pages/rooms/[room].js": {"path":"/home/runner/work/digital-dojo-engagement/digital-dojo-engagement/pages/rooms/[room].js","statementMap":{"0":{"start":{"line":12,"column":17},"end":{"line":12,"column":28}},"1":{"start":{"line":13,"column":15},"end":{"line":13,"column":32}},"2":{"start":{"line":14,"column":15},"end":{"line":14,"column":32}},"3":{"start":{"line":15,"column":17},"end":{"line":15,"column":36}},"4":{"start":{"line":17,"column":34},"end":{"line":17,"column":44}},"5":{"start":{"line":18,"column":26},"end":{"line":18,"column":40}},"6":{"start":{"line":19,"column":28},"end":{"line":19,"column":40}},"7":{"start":{"line":20,"column":42},"end":{"line":20,"column":57}},"8":{"start":{"line":22,"column":2},"end":{"line":24,"column":8}},"9":{"start":{"line":23,"column":4},"end":{"line":23,"column":23}},"10":{"start":{"line":26,"column":2},"end":{"line":38,"column":27}},"11":{"start":{"line":28,"column":4},"end":{"line":36,"column":5}},"12":{"start":{"line":29,"column":6},"end":{"line":35,"column":14}},"13":{"start":{"line":30,"column":8},"end":{"line":33,"column":9}},"14":{"start":{"line":31,"column":10},"end":{"line":31,"column":32}},"15":{"start":{"line":32,"column":10},"end":{"line":32,"column":33}},"16":{"start":{"line":34,"column":8},"end":{"line":34,"column":52}},"17":{"start":{"line":37,"column":4},"end":{"line":37,"column":40}},"18":{"start":{"line":37,"column":17},"end":{"line":37,"column":40}},"19":{"start":{"line":40,"column":28},"end":{"line":58,"column":3}},"20":{"start":{"line":41,"column":4},"end":{"line":41,"column":30}},"21":{"start":{"line":43,"column":4},"end":{"line":43,"column":17}},"22":{"start":{"line":45,"column":4},"end":{"line":45,"column":52}},"23":{"start":{"line":47,"column":4},"end":{"line":49,"column":6}},"24":{"start":{"line":48,"column":6},"end":{"line":48,"column":27}},"25":{"start":{"line":51,"column":4},"end":{"line":53,"column":6}},"26":{"start":{"line":52,"column":6},"end":{"line":52,"column":19}},"27":{"start":{"line":55,"column":4},"end":{"line":57,"column":6}},"28":{"start":{"line":56,"column":6},"end":{"line":56,"column":21}},"29":{"start":{"line":61,"column":4},"end":{"line":61,"column":55}},"30":{"start":{"line":65,"column":4},"end":{"line":65,"column":52}},"31":{"start":{"line":69,"column":4},"end":{"line":69,"column":40}},"32":{"start":{"line":73,"column":4},"end":{"line":75,"column":5}},"33":{"start":{"line":74,"column":6},"end":{"line":74,"column":28}},"34":{"start":{"line":76,"column":4},"end":{"line":76,"column":25}},"35":{"start":{"line":77,"column":4},"end":{"line":77,"column":52}},"36":{"start":{"line":81,"column":4},"end":{"line":81,"column":39}},"37":{"start":{"line":82,"column":4},"end":{"line":82,"column":25}},"38":{"start":{"line":86,"column":4},"end":{"line":86,"column":22}},"39":{"start":{"line":87,"column":14},"end":{"line":87,"column":42}},"40":{"start":{"line":88,"column":4},"end":{"line":91,"column":5}},"41":{"start":{"line":89,"column":6},"end":{"line":89,"column":48}},"42":{"start":{"line":90,"column":6},"end":{"line":90,"column":39}},"43":{"start":{"line":94,"column":2},"end":{"line":303,"column":3}},"44":{"start":{"line":103,"column":29},"end":{"line":103,"column":53}},"45":{"start":{"line":109,"column":29},"end":{"line":109,"column":54}},"46":{"start":{"line":115,"column":29},"end":{"line":115,"column":53}},"47":{"start":{"line":121,"column":29},"end":{"line":121,"column":53}},"48":{"start":{"line":127,"column":29},"end":{"line":127,"column":50}},"49":{"start":{"line":163,"column":16},"end":{"line":198,"column":22}},"50":{"start":{"line":207,"column":31},"end":{"line":207,"column":66}},"51":{"start":{"line":258,"column":18},"end":{"line":274,"column":21}},"52":{"start":{"line":311,"column":15},"end":{"line":324,"column":3}},"53":{"start":{"line":326,"column":2},"end":{"line":328,"column":3}}},"fnMap":{"0":{"name":"Room","decl":{"start":{"line":11,"column":24},"end":{"line":11,"column":28}},"loc":{"start":{"line":11,"column":31},"end":{"line":304,"column":1}},"line":11},"1":{"name":"(anonymous_1)","decl":{"start":{"line":22,"column":12},"end":{"line":22,"column":13}},"loc":{"start":{"line":22,"column":18},"end":{"line":24,"column":3}},"line":22},"2":{"name":"(anonymous_2)","decl":{"start":{"line":26,"column":12},"end":{"line":26,"column":13}},"loc":{"start":{"line":26,"column":18},"end":{"line":38,"column":3}},"line":26},"3":{"name":"(anonymous_3)","decl":{"start":{"line":29,"column":29},"end":{"line":29,"column":30}},"loc":{"start":{"line":29,"column":35},"end":{"line":35,"column":7}},"line":29},"4":{"name":"(anonymous_4)","decl":{"start":{"line":37,"column":11},"end":{"line":37,"column":12}},"loc":{"start":{"line":37,"column":17},"end":{"line":37,"column":40}},"line":37},"5":{"name":"(anonymous_5)","decl":{"start":{"line":40,"column":28},"end":{"line":40,"column":29}},"loc":{"start":{"line":40,"column":40},"end":{"line":58,"column":3}},"line":40},"6":{"name":"(anonymous_6)","decl":{"start":{"line":47,"column":27},"end":{"line":47,"column":28}},"loc":{"start":{"line":47,"column":41},"end":{"line":49,"column":5}},"line":47},"7":{"name":"(anonymous_7)","decl":{"start":{"line":51,"column":34},"end":{"line":51,"column":35}},"loc":{"start":{"line":51,"column":44},"end":{"line":53,"column":5}},"line":51},"8":{"name":"(anonymous_8)","decl":{"start":{"line":55,"column":42},"end":{"line":55,"column":43}},"loc":{"start":{"line":55,"column":53},"end":{"line":57,"column":5}},"line":55},"9":{"name":"handleCardClick","decl":{"start":{"line":60,"column":11},"end":{"line":60,"column":26}},"loc":{"start":{"line":60,"column":35},"end":{"line":62,"column":3}},"line":60},"10":{"name":"handleHideClick","decl":{"start":{"line":64,"column":11},"end":{"line":64,"column":26}},"loc":{"start":{"line":64,"column":29},"end":{"line":66,"column":3}},"line":64},"11":{"name":"handleClearCards","decl":{"start":{"line":68,"column":11},"end":{"line":68,"column":27}},"loc":{"start":{"line":68,"column":30},"end":{"line":70,"column":3}},"line":68},"12":{"name":"handleTimerClick","decl":{"start":{"line":72,"column":11},"end":{"line":72,"column":27}},"loc":{"start":{"line":72,"column":30},"end":{"line":78,"column":3}},"line":72},"13":{"name":"handleLeaveRoomClick","decl":{"start":{"line":80,"column":11},"end":{"line":80,"column":31}},"loc":{"start":{"line":80,"column":34},"end":{"line":83,"column":3}},"line":80},"14":{"name":"handleChatSubmit","decl":{"start":{"line":85,"column":11},"end":{"line":85,"column":27}},"loc":{"start":{"line":85,"column":31},"end":{"line":92,"column":3}},"line":85},"15":{"name":"(anonymous_15)","decl":{"start":{"line":103,"column":23},"end":{"line":103,"column":24}},"loc":{"start":{"line":103,"column":29},"end":{"line":103,"column":53}},"line":103},"16":{"name":"(anonymous_16)","decl":{"start":{"line":109,"column":23},"end":{"line":109,"column":24}},"loc":{"start":{"line":109,"column":29},"end":{"line":109,"column":54}},"line":109},"17":{"name":"(anonymous_17)","decl":{"start":{"line":115,"column":23},"end":{"line":115,"column":24}},"loc":{"start":{"line":115,"column":29},"end":{"line":115,"column":53}},"line":115},"18":{"name":"(anonymous_18)","decl":{"start":{"line":121,"column":23},"end":{"line":121,"column":24}},"loc":{"start":{"line":121,"column":29},"end":{"line":121,"column":53}},"line":121},"19":{"name":"(anonymous_19)","decl":{"start":{"line":127,"column":23},"end":{"line":127,"column":24}},"loc":{"start":{"line":127,"column":29},"end":{"line":127,"column":50}},"line":127},"20":{"name":"(anonymous_20)","decl":{"start":{"line":162,"column":56},"end":{"line":162,"column":57}},"loc":{"start":{"line":163,"column":16},"end":{"line":198,"column":22}},"line":163},"21":{"name":"(anonymous_21)","decl":{"start":{"line":207,"column":25},"end":{"line":207,"column":26}},"loc":{"start":{"line":207,"column":31},"end":{"line":207,"column":66}},"line":207},"22":{"name":"(anonymous_22)","decl":{"start":{"line":257,"column":34},"end":{"line":257,"column":35}},"loc":{"start":{"line":258,"column":18},"end":{"line":274,"column":21}},"line":258},"23":{"name":"getServerSideProps","decl":{"start":{"line":306,"column":22},"end":{"line":306,"column":40}},"loc":{"start":{"line":306,"column":53},"end":{"line":329,"column":1}},"line":306}},"branchMap":{"0":{"loc":{"start":{"line":28,"column":4},"end":{"line":36,"column":5}},"type":"if","locations":[{"start":{"line":28,"column":4},"end":{"line":36,"column":5}},{"start":{},"end":{}}],"line":28},"1":{"loc":{"start":{"line":30,"column":8},"end":{"line":33,"column":9}},"type":"if","locations":[{"start":{"line":30,"column":8},"end":{"line":33,"column":9}},{"start":{},"end":{}}],"line":30},"2":{"loc":{"start":{"line":73,"column":4},"end":{"line":75,"column":5}},"type":"if","locations":[{"start":{"line":73,"column":4},"end":{"line":75,"column":5}},{"start":{},"end":{}}],"line":73},"3":{"loc":{"start":{"line":88,"column":4},"end":{"line":91,"column":5}},"type":"if","locations":[{"start":{"line":88,"column":4},"end":{"line":91,"column":5}},{"start":{},"end":{}}],"line":88},"4":{"loc":{"start":{"line":135,"column":13},"end":{"line":150,"column":13}},"type":"binary-expr","locations":[{"start":{"line":135,"column":13},"end":{"line":135,"column":55}},{"start":{"line":136,"column":14},"end":{"line":149,"column":17}}],"line":135},"5":{"loc":{"start":{"line":156,"column":15},"end":{"line":156,"column":46}},"type":"cond-expr","locations":[{"start":{"line":156,"column":22},"end":{"line":156,"column":34}},{"start":{"line":156,"column":37},"end":{"line":156,"column":46}}],"line":156},"6":{"loc":{"start":{"line":161,"column":13},"end":{"line":199,"column":16}},"type":"binary-expr","locations":[{"start":{"line":161,"column":13},"end":{"line":161,"column":21}},{"start":{"line":162,"column":14},"end":{"line":199,"column":16}}],"line":161},"7":{"loc":{"start":{"line":169,"column":22},"end":{"line":171,"column":38}},"type":"cond-expr","locations":[{"start":{"line":170,"column":26},"end":{"line":170,"column":52}},{"start":{"line":171,"column":26},"end":{"line":171,"column":38}}],"line":169},"8":{"loc":{"start":{"line":175,"column":21},"end":{"line":183,"column":21}},"type":"cond-expr","locations":[{"start":{"line":176,"column":22},"end":{"line":180,"column":24}},{"start":{"line":182,"column":22},"end":{"line":182,"column":24}}],"line":175},"9":{"loc":{"start":{"line":178,"column":26},"end":{"line":178,"column":77}},"type":"cond-expr","locations":[{"start":{"line":178,"column":45},"end":{"line":178,"column":57}},{"start":{"line":178,"column":60},"end":{"line":178,"column":77}}],"line":178},"10":{"loc":{"start":{"line":187,"column":22},"end":{"line":187,"column":51}},"type":"cond-expr","locations":[{"start":{"line":187,"column":31},"end":{"line":187,"column":33}},{"start":{"line":187,"column":36},"end":{"line":187,"column":51}}],"line":187},"11":{"loc":{"start":{"line":190,"column":21},"end":{"line":196,"column":21}},"type":"cond-expr","locations":[{"start":{"line":191,"column":22},"end":{"line":191,"column":24}},{"start":{"line":192,"column":24},"end":{"line":196,"column":21}}],"line":190},"12":{"loc":{"start":{"line":192,"column":24},"end":{"line":196,"column":21}},"type":"cond-expr","locations":[{"start":{"line":193,"column":22},"end":{"line":193,"column":54}},{"start":{"line":195,"column":22},"end":{"line":195,"column":67}}],"line":192},"13":{"loc":{"start":{"line":192,"column":24},"end":{"line":192,"column":48}},"type":"binary-expr","locations":[{"start":{"line":192,"column":24},"end":{"line":192,"column":40}},{"start":{"line":192,"column":44},"end":{"line":192,"column":48}}],"line":192},"14":{"loc":{"start":{"line":221,"column":17},"end":{"line":221,"column":70}},"type":"binary-expr","locations":[{"start":{"line":221,"column":17},"end":{"line":221,"column":25}},{"start":{"line":221,"column":29},"end":{"line":221,"column":70}}],"line":221},"15":{"loc":{"start":{"line":227,"column":17},"end":{"line":234,"column":17}},"type":"binary-expr","locations":[{"start":{"line":227,"column":17},"end":{"line":227,"column":25}},{"start":{"line":227,"column":29},"end":{"line":227,"column":71}},{"start":{"line":228,"column":18},"end":{"line":233,"column":27}}],"line":227},"16":{"loc":{"start":{"line":237,"column":20},"end":{"line":237,"column":67}},"type":"cond-expr","locations":[{"start":{"line":237,"column":33},"end":{"line":237,"column":47}},{"start":{"line":237,"column":50},"end":{"line":237,"column":67}}],"line":237},"17":{"loc":{"start":{"line":256,"column":15},"end":{"line":275,"column":18}},"type":"binary-expr","locations":[{"start":{"line":256,"column":15},"end":{"line":256,"column":23}},{"start":{"line":257,"column":16},"end":{"line":275,"column":18}}],"line":256},"18":{"loc":{"start":{"line":261,"column":24},"end":{"line":261,"column":63}},"type":"cond-expr","locations":[{"start":{"line":261,"column":46},"end":{"line":261,"column":58}},{"start":{"line":261,"column":61},"end":{"line":261,"column":63}}],"line":261},"19":{"loc":{"start":{"line":269,"column":24},"end":{"line":269,"column":63}},"type":"cond-expr","locations":[{"start":{"line":269,"column":46},"end":{"line":269,"column":58}},{"start":{"line":269,"column":61},"end":{"line":269,"column":63}}],"line":269}},"s":{"0":0,"1":0,"2":0,"3":0,"4":0,"5":0,"6":0,"7":0,"8":0,"9":0,"10":0,"11":0,"12":0,"13":0,"14":0,"15":0,"16":0,"17":0,"18":0,"19":0,"20":0,"21":0,"22":0,"23":0,"24":0,"25":0,"26":0,"27":0,"28":0,"29":0,"30":0,"31":0,"32":0,"33":0,"34":0,"35":0,"36":0,"37":0,"38":0,"39":0,"40":0,"41":0,"42":0,"43":0,"44":0,"45":0,"46":0,"47":0,"48":0,"49":0,"50":0,"51":0,"52":0,"53":0},"f":{"0":0,"1":0,"2":0,"3":0,"4":0,"5":0,"6":0,"7":0,"8":0,"9":0,"10":0,"11":0,"12":0,"13":0,"14":0,"15":0,"16":0,"17":0,"18":0,"19":0,"20":0,"21":0,"22":0,"23":0},"b":{"0":[0,0],"1":[0,0],"2":[0,0],"3":[0,0],"4":[0,0],"5":[0,0],"6":[0,0],"7":[0,0],"8":[0,0],"9":[0,0],"10":[0,0],"11":[0,0],"12":[0,0],"13":[0,0],"14":[0,0],"15":[0,0,0],"16":[0,0],"17":[0,0],"18":[0,0],"19":[0,0]}}
,"/home/runner/work/digital-dojo-engagement/digital-dojo-engagement/pages/rooms/index.js": {"path":"/home/runner/work/digital-dojo-engagement/digital-dojo-engagement/pages/rooms/index.js","statementMap":{"0":{"start":{"line":5,"column":2},"end":{"line":5,"column":48}},"1":{"start":{"line":9,"column":17},"end":{"line":9,"column":28}},"2":{"start":{"line":12,"column":4},"end":{"line":12,"column":22}},"3":{"start":{"line":13,"column":16},"end":{"line":13,"column":45}},"4":{"start":{"line":14,"column":17},"end":{"line":14,"column":47}},"5":{"start":{"line":15,"column":15},"end":{"line":15,"column":27}},"6":{"start":{"line":16,"column":4},"end":{"line":19,"column":5}},"7":{"start":{"line":23,"column":4},"end":{"line":23,"column":22}},"8":{"start":{"line":24,"column":15},"end":{"line":24,"column":43}},"9":{"start":{"line":25,"column":15},"end":{"line":25,"column":43}},"10":{"start":{"line":26,"column":4},"end":{"line":29,"column":5}},"11":{"start":{"line":32,"column":2},"end":{"line":108,"column":3}},"12":{"start":{"line":116,"column":15},"end":{"line":129,"column":3}},"13":{"start":{"line":131,"column":2},"end":{"line":133,"column":3}}},"fnMap":{"0":{"name":"randomRoom","decl":{"start":{"line":4,"column":9},"end":{"line":4,"column":19}},"loc":{"start":{"line":4,"column":22},"end":{"line":6,"column":1}},"line":4},"1":{"name":"Home","decl":{"start":{"line":8,"column":24},"end":{"line":8,"column":28}},"loc":{"start":{"line":8,"column":31},"end":{"line":109,"column":1}},"line":8},"2":{"name":"handleCreateRoom","decl":{"start":{"line":11,"column":11},"end":{"line":11,"column":27}},"loc":{"start":{"line":11,"column":31},"end":{"line":20,"column":3}},"line":11},"3":{"name":"handleJoinRoom","decl":{"start":{"line":22,"column":11},"end":{"line":22,"column":25}},"loc":{"start":{"line":22,"column":29},"end":{"line":30,"column":3}},"line":22},"4":{"name":"getStaticProps","decl":{"start":{"line":111,"column":22},"end":{"line":111,"column":36}},"loc":{"start":{"line":111,"column":49},"end":{"line":134,"column":1}},"line":111}},"branchMap":{},"s":{"0":0,"1":0,"2":0,"3":0,"4":0,"5":0,"6":0,"7":0,"8":0,"9":0,"10":0,"11":0,"12":0,"13":0},"f":{"0":0,"1":0,"2":0,"3":0,"4":0},"b":{}}
,"/home/runner/work/digital-dojo-engagement/digital-dojo-engagement/pages/services/challenges.js": {"path":"/home/runner/work/digital-dojo-engagement/digital-dojo-engagement/pages/services/challenges.js","statementMap":{"0":{"start":{"line":8,"column":17},"end":{"line":8,"column":28}},"1":{"start":{"line":9,"column":12},"end":{"line":9,"column":37}},"2":{"start":{"line":11,"column":2},"end":{"line":67,"column":3}},"3":{"start":{"line":20,"column":29},"end":{"line":20,"column":63}},"4":{"start":{"line":57,"column":25},"end":{"line":57,"column":59}},"5":{"start":{"line":76,"column":15},"end":{"line":89,"column":3}},"6":{"start":{"line":91,"column":2},"end":{"line":93,"column":3}}},"fnMap":{"0":{"name":"Challenges","decl":{"start":{"line":7,"column":24},"end":{"line":7,"column":34}},"loc":{"start":{"line":7,"column":47},"end":{"line":68,"column":1}},"line":7},"1":{"name":"(anonymous_1)","decl":{"start":{"line":20,"column":23},"end":{"line":20,"column":24}},"loc":{"start":{"line":20,"column":29},"end":{"line":20,"column":63}},"line":20},"2":{"name":"(anonymous_2)","decl":{"start":{"line":57,"column":19},"end":{"line":57,"column":20}},"loc":{"start":{"line":57,"column":25},"end":{"line":57,"column":59}},"line":57},"3":{"name":"getStaticProps","decl":{"start":{"line":70,"column":22},"end":{"line":70,"column":36}},"loc":{"start":{"line":70,"column":49},"end":{"line":94,"column":1}},"line":70}},"branchMap":{"0":{"loc":{"start":{"line":9,"column":12},"end":{"line":9,"column":37}},"type":"cond-expr","locations":[{"start":{"line":9,"column":30},"end":{"line":9,"column":32}},{"start":{"line":9,"column":35},"end":{"line":9,"column":37}}],"line":9}},"s":{"0":0,"1":0,"2":0,"3":0,"4":0,"5":0,"6":0},"f":{"0":0,"1":0,"2":0,"3":0},"b":{"0":[0,0]}}
,"/home/runner/work/digital-dojo-engagement/digital-dojo-engagement/pages/services/consultations.js": {"path":"/home/runner/work/digital-dojo-engagement/digital-dojo-engagement/pages/services/consultations.js","statementMap":{"0":{"start":{"line":8,"column":17},"end":{"line":8,"column":28}},"1":{"start":{"line":9,"column":12},"end":{"line":9,"column":37}},"2":{"start":{"line":10,"column":2},"end":{"line":129,"column":3}},"3":{"start":{"line":19,"column":29},"end":{"line":19,"column":63}},"4":{"start":{"line":116,"column":25},"end":{"line":116,"column":49}},"5":{"start":{"line":122,"column":25},"end":{"line":122,"column":59}},"6":{"start":{"line":138,"column":15},"end":{"line":151,"column":3}},"7":{"start":{"line":153,"column":2},"end":{"line":155,"column":3}}},"fnMap":{"0":{"name":"Consultations","decl":{"start":{"line":7,"column":24},"end":{"line":7,"column":37}},"loc":{"start":{"line":7,"column":50},"end":{"line":130,"column":1}},"line":7},"1":{"name":"(anonymous_1)","decl":{"start":{"line":19,"column":23},"end":{"line":19,"column":24}},"loc":{"start":{"line":19,"column":29},"end":{"line":19,"column":63}},"line":19},"2":{"name":"(anonymous_2)","decl":{"start":{"line":116,"column":19},"end":{"line":116,"column":20}},"loc":{"start":{"line":116,"column":25},"end":{"line":116,"column":49}},"line":116},"3":{"name":"(anonymous_3)","decl":{"start":{"line":122,"column":19},"end":{"line":122,"column":20}},"loc":{"start":{"line":122,"column":25},"end":{"line":122,"column":59}},"line":122},"4":{"name":"getStaticProps","decl":{"start":{"line":132,"column":22},"end":{"line":132,"column":36}},"loc":{"start":{"line":132,"column":49},"end":{"line":156,"column":1}},"line":132}},"branchMap":{"0":{"loc":{"start":{"line":9,"column":12},"end":{"line":9,"column":37}},"type":"cond-expr","locations":[{"start":{"line":9,"column":30},"end":{"line":9,"column":32}},{"start":{"line":9,"column":35},"end":{"line":9,"column":37}}],"line":9}},"s":{"0":0,"1":0,"2":0,"3":0,"4":0,"5":0,"6":0,"7":0},"f":{"0":0,"1":0,"2":0,"3":0,"4":0},"b":{"0":[0,0]}}
,"/home/runner/work/digital-dojo-engagement/digital-dojo-engagement/pages/services/index.js": {"path":"/home/runner/work/digital-dojo-engagement/digital-dojo-engagement/pages/services/index.js","statementMap":{"0":{"start":{"line":7,"column":17},"end":{"line":7,"column":28}},"1":{"start":{"line":8,"column":12},"end":{"line":8,"column":37}},"2":{"start":{"line":10,"column":2},"end":{"line":64,"column":3}},"3":{"start":{"line":27,"column":27},"end":{"line":27,"column":65}},"4":{"start":{"line":41,"column":27},"end":{"line":41,"column":61}},"5":{"start":{"line":56,"column":27},"end":{"line":56,"column":62}},"6":{"start":{"line":72,"column":15},"end":{"line":85,"column":3}},"7":{"start":{"line":87,"column":2},"end":{"line":89,"column":3}}},"fnMap":{"0":{"name":"Services","decl":{"start":{"line":6,"column":24},"end":{"line":6,"column":32}},"loc":{"start":{"line":6,"column":45},"end":{"line":65,"column":1}},"line":6},"1":{"name":"(anonymous_1)","decl":{"start":{"line":27,"column":21},"end":{"line":27,"column":22}},"loc":{"start":{"line":27,"column":27},"end":{"line":27,"column":65}},"line":27},"2":{"name":"(anonymous_2)","decl":{"start":{"line":41,"column":21},"end":{"line":41,"column":22}},"loc":{"start":{"line":41,"column":27},"end":{"line":41,"column":61}},"line":41},"3":{"name":"(anonymous_3)","decl":{"start":{"line":56,"column":21},"end":{"line":56,"column":22}},"loc":{"start":{"line":56,"column":27},"end":{"line":56,"column":62}},"line":56},"4":{"name":"getStaticProps","decl":{"start":{"line":67,"column":22},"end":{"line":67,"column":36}},"loc":{"start":{"line":67,"column":49},"end":{"line":90,"column":1}},"line":67}},"branchMap":{"0":{"loc":{"start":{"line":8,"column":12},"end":{"line":8,"column":37}},"type":"cond-expr","locations":[{"start":{"line":8,"column":30},"end":{"line":8,"column":32}},{"start":{"line":8,"column":35},"end":{"line":8,"column":37}}],"line":8}},"s":{"0":2,"1":2,"2":2,"3":1,"4":0,"5":0,"6":1,"7":1},"f":{"0":2,"1":1,"2":0,"3":0,"4":1},"b":{"0":[2,0]},"_coverageSchema":"1a1c01bbd47fc00a2c39e90264f33305004495a9","hash":"d59ebbb21ad7d264a87af613d78e6fffe06fb508"}
,"/home/runner/work/digital-dojo-engagement/digital-dojo-engagement/pages/services/workshops.js": {"path":"/home/runner/work/digital-dojo-engagement/digital-dojo-engagement/pages/services/workshops.js","statementMap":{"0":{"start":{"line":8,"column":17},"end":{"line":8,"column":28}},"1":{"start":{"line":9,"column":12},"end":{"line":9,"column":37}},"2":{"start":{"line":11,"column":2},"end":{"line":80,"column":3}},"3":{"start":{"line":20,"column":29},"end":{"line":20,"column":64}},"4":{"start":{"line":26,"column":29},"end":{"line":26,"column":67}},"5":{"start":{"line":67,"column":25},"end":{"line":67,"column":63}},"6":{"start":{"line":73,"column":25},"end":{"line":73,"column":60}},"7":{"start":{"line":89,"column":15},"end":{"line":102,"column":3}},"8":{"start":{"line":104,"column":2},"end":{"line":106,"column":3}}},"fnMap":{"0":{"name":"Workshops","decl":{"start":{"line":7,"column":24},"end":{"line":7,"column":33}},"loc":{"start":{"line":7,"column":46},"end":{"line":81,"column":1}},"line":7},"1":{"name":"(anonymous_1)","decl":{"start":{"line":20,"column":23},"end":{"line":20,"column":24}},"loc":{"start":{"line":20,"column":29},"end":{"line":20,"column":64}},"line":20},"2":{"name":"(anonymous_2)","decl":{"start":{"line":26,"column":23},"end":{"line":26,"column":24}},"loc":{"start":{"line":26,"column":29},"end":{"line":26,"column":67}},"line":26},"3":{"name":"(anonymous_3)","decl":{"start":{"line":67,"column":19},"end":{"line":67,"column":20}},"loc":{"start":{"line":67,"column":25},"end":{"line":67,"column":63}},"line":67},"4":{"name":"(anonymous_4)","decl":{"start":{"line":73,"column":19},"end":{"line":73,"column":20}},"loc":{"start":{"line":73,"column":25},"end":{"line":73,"column":60}},"line":73},"5":{"name":"getStaticProps","decl":{"start":{"line":83,"column":22},"end":{"line":83,"column":36}},"loc":{"start":{"line":83,"column":49},"end":{"line":107,"column":1}},"line":83}},"branchMap":{"0":{"loc":{"start":{"line":9,"column":12},"end":{"line":9,"column":37}},"type":"cond-expr","locations":[{"start":{"line":9,"column":30},"end":{"line":9,"column":32}},{"start":{"line":9,"column":35},"end":{"line":9,"column":37}}],"line":9}},"s":{"0":0,"1":0,"2":0,"3":0,"4":0,"5":0,"6":0,"7":0,"8":0},"f":{"0":0,"1":0,"2":0,"3":0,"4":0,"5":0},"b":{"0":[0,0]}}
}
